TN:
SF:/home/kali/fuzz/hermitcrab/src/lua-5.4.6-cov/src/lapi.c
FN:1004,1023,lua_callk
FN:1036,1039,f_call
FN:1043,1084,lua_pcallk
FN:1087,1107,lua_load
FN:111,125,lua_checkstack
FN:1110,1122,lua_dump
FN:1125,1127,lua_status
FN:1133,1229,lua_gc
FN:1238,1250,lua_error
FN:1253,1267,lua_next
FN:1270,1282,lua_toclose
FN:128,141,lua_xmove
FN:1285,1296,lua_concat
FN:1299,1306,lua_len
FN:1309,1316,lua_getallocf
FN:1319,1324,lua_setallocf
FN:1327,1332,lua_setwarnf
FN:1335,1339,lua_warning
FN:1343,1353,lua_newuserdatauv
FN:1357,1381,aux_upvalue
FN:1384,1395,lua_getupvalue
FN:1398,1414,lua_setupvalue
FN:1417,1428,getupvalref
FN:1431,1450,lua_upvalueid
FN:144,151,lua_atpanic
FN:1453,1461,lua_upvaluejoin
FN:154,157,lua_version
FN:169,173,lua_absindex
FN:176,178,lua_gettop
FN:181,206,lua_settop
FN:209,218,lua_closeslot
FN:227,234,reverse
FN:241,252,lua_rotate
FN:255,267,lua_copy
FN:270,275,lua_pushvalue
FN:284,287,lua_type
FN:290,294,lua_typename
FN:297,300,lua_iscfunction
FN:303,306,lua_isinteger
FN:309,313,lua_isnumber
FN:316,319,lua_isstring
FN:322,325,lua_isuserdata
FN:328,332,lua_rawequal
FN:335,348,lua_arith
FN:351,368,lua_compare
FN:371,376,lua_stringtonumber
FN:379,386,lua_tonumberx
FN:389,396,lua_tointegerx
FN:399,402,lua_toboolean
FN:405,423,lua_tolstring
FN:426,435,lua_rawlen
FN:438,444,lua_tocfunction
FN:447,453,touserdata
FN:456,459,lua_touserdata
FN:462,465,lua_tothread
FN:475,488,lua_topointer
FN:497,502,lua_pushnil
FN:505,510,lua_pushnumber
FN:513,518,lua_pushinteger
FN:526,535,lua_pushlstring
FN:538,552,lua_pushstring
FN:555,563,lua_pushvfstring
FN:566,576,lua_pushfstring
FN:579,602,lua_pushcclosure
FN:60,88,index2value
FN:605,613,lua_pushboolean
FN:616,621,lua_pushlightuserdata
FN:624,630,lua_pushthread
FN:639,653,auxgetstr
FN:666,671,lua_getglobal
FN:674,686,lua_gettable
FN:689,692,lua_getfield
FN:695,711,lua_geti
FN:714,722,finishrawget
FN:732,741,lua_rawget
FN:744,749,lua_rawgeti
FN:752,759,lua_rawgetp
FN:762,772,lua_createtable
FN:775,799,lua_getmetatable
FN:802,819,lua_getiuservalue
FN:829,844,auxsetstr
FN:847,852,lua_setglobal
FN:855,868,lua_settable
FN:871,874,lua_setfield
FN:877,893,lua_seti
FN:896,906,aux_rawset
FN:909,911,lua_rawset
FN:914,918,lua_rawsetp
FN:921,930,lua_rawseti
FN:933,970,lua_setmetatable
FN:973,990,lua_setiuservalue
FNDA:18410,lua_callk
FNDA:2451,f_call
FNDA:2451,lua_pcallk
FNDA:1841,lua_load
FNDA:28225,lua_checkstack
FNDA:0,lua_dump
FNDA:0,lua_status
FNDA:5523,lua_gc
FNDA:37,lua_error
FNDA:136677,lua_next
FNDA:0,lua_toclose
FNDA:26,lua_xmove
FNDA:73,lua_concat
FNDA:2451,lua_len
FNDA:0,lua_getallocf
FNDA:0,lua_setallocf
FNDA:1841,lua_setwarnf
FNDA:0,lua_warning
FNDA:7364,lua_newuserdatauv
FNDA:0,aux_upvalue
FNDA:0,lua_getupvalue
FNDA:0,lua_setupvalue
FNDA:0,getupvalref
FNDA:0,lua_upvalueid
FNDA:1841,lua_atpanic
FNDA:0,lua_upvaluejoin
FNDA:18410,lua_version
FNDA:5531,lua_absindex
FNDA:3246,lua_gettop
FNDA:257894,lua_settop
FNDA:0,lua_closeslot
FNDA:67446,reverse
FNDA:22482,lua_rotate
FNDA:72,lua_copy
FNDA:68162,lua_pushvalue
FNDA:136932,lua_type
FNDA:64,lua_typename
FNDA:0,lua_iscfunction
FNDA:0,lua_isinteger
FNDA:0,lua_isnumber
FNDA:0,lua_isstring
FNDA:0,lua_isuserdata
FNDA:144944,lua_rawequal
FNDA:0,lua_arith
FNDA:0,lua_compare
FNDA:12,lua_stringtonumber
FNDA:0,lua_tonumberx
FNDA:4292,lua_tointegerx
FNDA:20253,lua_toboolean
FNDA:5440,lua_tolstring
FNDA:0,lua_rawlen
FNDA:0,lua_tocfunction
FNDA:18410,touserdata
FNDA:18410,lua_touserdata
FNDA:10,lua_tothread
FNDA:1,lua_topointer
FNDA:13917,lua_pushnil
FNDA:3682,lua_pushnumber
FNDA:9205,lua_pushinteger
FNDA:2200,lua_pushlstring
FNDA:39429,lua_pushstring
FNDA:37,lua_pushvfstring
FNDA:6408,lua_pushfstring
FNDA:308092,lua_pushcclosure
FNDA:1163983,index2value
FNDA:29707,lua_pushboolean
FNDA:2200,lua_pushlightuserdata
FNDA:0,lua_pushthread
FNDA:67661,auxgetstr
FNDA:610,lua_getglobal
FNDA:0,lua_gettable
FNDA:67051,lua_getfield
FNDA:0,lua_geti
FNDA:3687,finishrawget
FNDA:5,lua_rawget
FNDA:3682,lua_rawgeti
FNDA:0,lua_rawgetp
FNDA:33138,lua_createtable
FNDA:16611,lua_getmetatable
FNDA:0,lua_getiuservalue
FNDA:393974,auxsetstr
FNDA:20251,lua_setglobal
FNDA:0,lua_settable
FNDA:373723,lua_setfield
FNDA:0,lua_seti
FNDA:0,aux_rawset
FNDA:0,lua_rawset
FNDA:0,lua_rawsetp
FNDA:11046,lua_rawseti
FNDA:9205,lua_setmetatable
FNDA:0,lua_setiuservalue
FNF:91
FNH:57
DA:60,1163983
DA:61,1163983
DA:62,1163983
DA:63,167696
DA:65,167696
DA:66,167688
DA:68,996287
DA:71,932918
DA:73,63369
DA:74,63369
DA:76,0
DA:78,0
DA:79,0
DA:80,0
DA:81,0
DA:85,0
DA:96,23092
DA:97,610
DA:98,3671
DA:100,3671
DA:106,19421
DA:111,28225
DA:115,28225
DA:117,28225
DA:120,0
DA:121,28225
DA:122,0
DA:124,28225
DA:128,26
DA:130,26
DA:135,26
DA:136,52
DA:137,26
DA:138,26
DA:144,1841
DA:147,1841
DA:148,1841
DA:150,1841
DA:154,18410
DA:156,18410
DA:169,5531
DA:170,5531
DA:172,5531
DA:176,3246
DA:177,3246
DA:181,257894
DA:186,257894
DA:187,257894
DA:188,257894
DA:190,796
DA:191,796
DA:192,0
DA:196,257098
DA:199,257894
DA:200,257894
DA:202,0
DA:204,257894
DA:206,257894
DA:209,0
DA:215,0
DA:216,0
DA:218,0
DA:227,67446
DA:228,89160
DA:230,21714
DA:231,21714
DA:232,21714
DA:234,67446
DA:241,22482
DA:244,22482
DA:247,22482
DA:248,22482
DA:249,22482
DA:250,22482
DA:252,22482
DA:255,72
DA:258,72
DA:259,72
DA:261,72
DA:262,72
DA:263,0
DA:267,72
DA:270,68162
DA:272,68162
DA:273,68162
DA:275,68162
DA:284,136932
DA:285,136932
DA:286,136932
DA:290,64
DA:293,64
DA:297,0
DA:298,0
DA:299,0
DA:303,0
DA:304,0
DA:305,0
DA:309,0
DA:311,0
DA:312,0
DA:316,0
DA:317,0
DA:318,0
DA:322,0
DA:323,0
DA:324,0
DA:328,144944
DA:329,144944
DA:330,144944
DA:331,144944
DA:335,0
DA:337,0
DA:341,0
DA:342,0
DA:345,0
DA:346,0
DA:348,0
DA:351,0
DA:356,0
DA:357,0
DA:358,0
DA:359,0
DA:360,0
DA:361,0
DA:362,0
DA:363,0
DA:367,0
DA:371,12
DA:372,12
DA:373,12
DA:374,0
DA:375,12
DA:379,0
DA:380,0
DA:381,0
DA:382,0
DA:383,0
DA:384,0
DA:385,0
DA:389,4292
DA:390,4292
DA:391,4292
DA:392,4292
DA:393,4292
DA:394,2451
DA:395,4292
DA:399,20253
DA:400,20253
DA:401,20253
DA:405,5440
DA:408,5440
DA:409,5440
DA:410,12
DA:411,12
DA:413,12
DA:415,0
DA:416,0
DA:417,0
DA:419,5428
DA:420,1562
DA:422,5428
DA:426,0
DA:427,0
DA:428,0
DA:429,0
DA:430,0
DA:431,0
DA:432,0
DA:438,0
DA:439,0
DA:440,0
DA:441,0
DA:442,0
DA:447,18410
DA:448,18410
DA:449,16569
DA:450,1841
DA:456,18410
DA:457,18410
DA:458,18410
DA:462,10
DA:463,10
DA:464,10
DA:475,1
DA:476,1
DA:477,1
DA:478,0
DA:479,0
DA:480,0
DA:481,1
DA:482,1
DA:483,1
DA:497,13917
DA:499,13917
DA:500,13917
DA:502,13917
DA:505,3682
DA:507,3682
DA:508,3682
DA:510,3682
DA:513,9205
DA:515,9205
DA:516,9205
DA:518,9205
DA:526,2200
DA:529,2200
DA:530,2200
DA:531,2200
DA:532,2200
DA:534,2200
DA:538,39429
DA:540,39429
DA:541,0
DA:544,39429
DA:545,39429
DA:546,39429
DA:548,39429
DA:549,39429
DA:551,39429
DA:555,37
DA:559,37
DA:560,37
DA:562,37
DA:566,6408
DA:570,6408
DA:571,6408
DA:572,6408
DA:573,6408
DA:575,6408
DA:579,308092
DA:581,308092
DA:582,295188
DA:583,295188
DA:589,12904
DA:590,12904
DA:591,12904
DA:592,25808
DA:593,12904
DA:597,12904
DA:598,12904
DA:599,12904
DA:602,308092
DA:605,29707
DA:607,29707
DA:608,251
DA:610,29456
DA:611,29707
DA:613,29707
DA:616,2200
DA:618,2200
DA:619,2200
DA:621,2200
DA:624,0
DA:626,0
DA:627,0
DA:629,0
DA:639,67661
DA:641,67661
DA:642,67661
DA:643,41887
DA:644,41887
DA:647,25774
DA:648,25774
DA:649,25774
DA:652,67661
DA:666,610
DA:669,610
DA:670,610
DA:674,0
DA:678,0
DA:679,0
DA:680,0
DA:683,0
DA:685,0
DA:689,67051
DA:691,67051
DA:695,0
DA:699,0
DA:700,0
DA:701,0
DA:705,0
DA:706,0
DA:708,0
DA:710,0
DA:714,3687
DA:715,3687
DA:716,5
DA:718,3682
DA:719,3687
DA:721,3687
DA:726,151410
DA:728,151410
DA:732,5
DA:738,5
DA:739,5
DA:740,5
DA:744,3682
DA:748,3682
DA:752,0
DA:757,0
DA:758,0
DA:762,33138
DA:765,33138
DA:766,33138
DA:767,33138
DA:768,33138
DA:769,27615
DA:770,33138
DA:772,33138
DA:775,16611
DA:780,16611
DA:781,16611
DA:782,11
DA:783,11
DA:784,11
DA:785,16569
DA:786,16569
DA:787,16569
DA:788,31
DA:789,31
DA:790,31
DA:792,16611
DA:793,16575
DA:794,16575
DA:798,16611
DA:802,0
DA:806,0
DA:808,0
DA:809,0
DA:810,0
DA:813,0
DA:814,0
DA:816,0
DA:818,0
DA:829,393974
DA:831,393974
DA:833,393974
DA:834,31297
DA:835,31297
DA:838,362677
DA:839,362677
DA:840,362677
DA:841,362677
DA:844,393974
DA:847,20251
DA:850,20251
DA:851,20251
DA:852,20251
DA:855,0
DA:860,0
DA:861,0
DA:862,0
DA:865,0
DA:866,0
DA:868,0
DA:871,373723
DA:873,373723
DA:874,373723
DA:877,0
DA:882,0
DA:883,0
DA:884,0
DA:888,0
DA:889,0
DA:891,0
DA:893,0
DA:896,0
DA:901,0
DA:902,0
DA:903,0
DA:904,0
DA:906,0
DA:909,0
DA:910,0
DA:911,0
DA:914,0
DA:916,0
DA:917,0
DA:918,0
DA:921,11046
DA:926,11046
DA:927,11046
DA:928,11046
DA:930,11046
DA:933,9205
DA:938,9205
DA:939,9205
DA:943,9205
DA:945,9205
DA:946,1841
DA:947,1841
DA:948,1841
DA:949,1841
DA:950,1841
DA:954,5523
DA:955,5523
DA:956,5523
DA:957,5523
DA:958,5523
DA:962,1841
DA:963,1841
DA:964,1841
DA:967,9205
DA:969,9205
DA:973,0
DA:978,0
DA:980,0
DA:983,0
DA:984,0
DA:987,0
DA:989,0
DA:1004,18410
DA:1013,18410
DA:1014,18410
DA:1015,0
DA:1016,0
DA:1017,0
DA:1020,18410
DA:1021,18410
DA:1023,18410
DA:1036,2451
DA:1038,2451
DA:1039,2092
DA:1043,2451
DA:1054,2451
DA:1059,610
DA:1061,2451
DA:1062,2451
DA:1063,2451
DA:1064,2451
DA:1067,0
DA:1068,0
DA:1069,0
DA:1071,0
DA:1072,0
DA:1073,0
DA:1074,0
DA:1075,0
DA:1076,0
DA:1077,0
DA:1078,0
DA:1081,2451
DA:1083,2451
DA:1087,1841
DA:1092,1841
DA:1093,1841
DA:1094,1841
DA:1095,1841
DA:1096,610
DA:1097,610
DA:1099,610
DA:1101,610
DA:1102,610
DA:1106,1841
DA:1110,0
DA:1115,0
DA:1116,0
DA:1117,0
DA:1121,0
DA:1125,0
DA:1126,0
DA:1133,5523
DA:1136,5523
DA:1137,5523
DA:1140,5523
DA:1141,5523
DA:1142,1841
DA:1143,1841
DA:1144,1841
DA:1146,1841
DA:1147,1841
DA:1148,1841
DA:1149,1841
DA:1151,0
DA:1152,0
DA:1153,0
DA:1155,0
DA:1157,0
DA:1158,0
DA:1160,0
DA:1161,0
DA:1162,0
DA:1164,0
DA:1165,0
DA:1167,0
DA:1168,0
DA:1169,0
DA:1170,0
DA:1171,0
DA:1174,0
DA:1175,0
DA:1176,0
DA:1178,0
DA:1179,0
DA:1183,0
DA:1184,0
DA:1185,0
DA:1186,0
DA:1187,0
DA:1189,0
DA:1190,0
DA:1191,0
DA:1192,0
DA:1193,0
DA:1195,0
DA:1196,0
DA:1197,0
DA:1199,1841
DA:1200,1841
DA:1201,1841
DA:1202,1841
DA:1203,1841
DA:1204,0
DA:1205,1841
DA:1206,0
DA:1207,1841
DA:1208,1841
DA:1210,0
DA:1211,0
DA:1212,0
DA:1213,0
DA:1214,0
DA:1215,0
DA:1216,0
DA:1217,0
DA:1218,0
DA:1219,0
DA:1220,0
DA:1221,0
DA:1222,0
DA:1226,5523
DA:1228,5523
DA:1238,37
DA:1241,37
DA:1244,37
DA:1245,0
DA:1247,37
DA:1253,136677
DA:1259,136677
DA:1260,136677
DA:1261,128375
DA:1264,8302
DA:1266,136677
DA:1270,0
DA:1275,0
DA:1277,0
DA:1278,0
DA:1279,0
DA:1282,0
DA:1285,73
DA:1288,73
DA:1289,73
DA:1291,0
DA:1292,0
DA:1294,73
DA:1296,73
DA:1299,2451
DA:1302,2451
DA:1303,2451
DA:1304,2451
DA:1306,2451
DA:1309,0
DA:1312,0
DA:1313,0
DA:1315,0
DA:1319,0
DA:1321,0
DA:1322,0
DA:1324,0
DA:1327,1841
DA:1329,1841
DA:1330,1841
DA:1332,1841
DA:1335,0
DA:1337,0
DA:1339,0
DA:1343,7364
DA:1347,7364
DA:1348,7364
DA:1349,7364
DA:1350,7364
DA:1352,7364
DA:1357,0
DA:1359,0
DA:1360,0
DA:1361,0
DA:1362,0
DA:1364,0
DA:1365,0
DA:1368,0
DA:1369,0
DA:1371,0
DA:1372,0
DA:1374,0
DA:1375,0
DA:1376,0
DA:1377,0
DA:1384,0
DA:1386,0
DA:1388,0
DA:1389,0
DA:1390,0
DA:1391,0
DA:1394,0
DA:1398,0
DA:1400,0
DA:1401,0
DA:1404,0
DA:1406,0
DA:1407,0
DA:1408,0
DA:1409,0
DA:1410,0
DA:1413,0
DA:1417,0
DA:1420,0
DA:1422,0
DA:1423,0
DA:1424,0
DA:1425,0
DA:1431,0
DA:1432,0
DA:1433,0
DA:1434,0
DA:1435,0
DA:1437,0
DA:1438,0
DA:1439,0
DA:1440,0
DA:1453,0
DA:1456,0
DA:1457,0
DA:1459,0
DA:1460,0
DA:1461,0
LF:635
LH:353
end_of_record
TN:
SF:/home/kali/fuzz/hermitcrab/src/lua-5.4.6-cov/src/lauxlib.c
FN:100,113,pushfuncname
FN:1007,1014,luaL_gsub
FN:1017,1025,l_alloc
FN:1028,1034,panic
FN:1052,1062,checkcontrol
FN:1065,1067,warnfoff
FN:1074,1083,warnfcont
FN:1086,1091,warnfon
FN:1094,1101,luaL_newstate
FN:1104,1111,luaL_checkversion_
FN:116,128,lastlevel
FN:131,164,luaL_traceback
FN:175,190,luaL_argerror
FN:193,204,luaL_typeerror
FN:207,209,tag_error
FN:216,226,luaL_where
FN:234,242,luaL_error
FN:245,260,luaL_fileresult
FN:285,299,luaL_execresult
FN:311,321,luaL_newmetatable
FN:324,327,luaL_setmetatable
FN:330,342,luaL_testudata
FN:345,349,luaL_checkudata
FN:360,370,luaL_checkoption
FN:380,387,luaL_checkstack
FN:390,393,luaL_checktype
FN:396,399,luaL_checkany
FN:402,406,luaL_checklstring
FN:409,417,luaL_optlstring
FN:420,426,luaL_checknumber
FN:429,431,luaL_optnumber
FN:434,439,interror
FN:442,449,luaL_checkinteger
FN:452,455,luaL_optinteger
FN:473,485,resizebox
FN:488,491,boxgc
FN:501,508,newbox
FN:52,73,findfield
FN:532,539,newbuffsize
FN:547,570,prepbuffsize
FN:575,577,luaL_prepbuffsize
FN:580,586,luaL_addlstring
FN:589,591,luaL_addstring
FN:594,601,luaL_pushresult
FN:604,607,luaL_pushresultsize
FN:619,627,luaL_addvalue
FN:630,636,luaL_buffinit
FN:639,642,luaL_buffinitsize
FN:661,686,luaL_ref
FN:689,698,luaL_unref
FN:716,731,getF
FN:734,740,errfile
FN:749,755,skipBOM
FN:765,775,skipcomment
FN:778,815,luaL_loadfilex
FN:79,97,pushglobalfuncname
FN:824,831,getS
FN:834,840,luaL_loadbufferx
FN:843,845,luaL_loadstring
FN:851,864,luaL_getmetafield
FN:867,874,luaL_callmeta
FN:877,886,luaL_len
FN:889,925,luaL_tolstring
FN:933,947,luaL_setfuncs
FN:954,965,luaL_getsubtable
FN:974,991,luaL_requiref
FN:994,1004,luaL_addgsub
FNDA:775,pushfuncname
FNDA:0,luaL_gsub
FNDA:1316278,l_alloc
FNDA:0,panic
FNDA:0,checkcontrol
FNDA:0,warnfoff
FNDA:0,warnfcont
FNDA:0,warnfon
FNDA:1841,luaL_newstate
FNDA:18410,luaL_checkversion_
FNDA:359,lastlevel
FNDA:359,luaL_traceback
FNDA:16,luaL_argerror
FNDA:15,luaL_typeerror
FNDA:5,tag_error
FNDA:37,luaL_where
FNDA:37,luaL_error
FNDA:0,luaL_fileresult
FNDA:0,luaL_execresult
FNDA:1841,luaL_newmetatable
FNDA:5523,luaL_setmetatable
FNDA:16569,luaL_testudata
FNDA:16569,luaL_checkudata
FNDA:1,luaL_checkoption
FNDA:28225,luaL_checkstack
FNDA:31,luaL_checktype
FNDA:26,luaL_checkany
FNDA:1,luaL_checklstring
FNDA:1,luaL_optlstring
FNDA:0,luaL_checknumber
FNDA:0,luaL_optnumber
FNDA:0,interror
FNDA:0,luaL_checkinteger
FNDA:0,luaL_optinteger
FNDA:0,resizebox
FNDA:0,boxgc
FNDA:0,newbox
FNDA:129114,findfield
FNDA:0,newbuffsize
FNDA:2268,prepbuffsize
FNDA:0,luaL_prepbuffsize
FNDA:718,luaL_addlstring
FNDA:718,luaL_addstring
FNDA:359,luaL_pushresult
FNDA:0,luaL_pushresultsize
FNDA:1550,luaL_addvalue
FNDA:0,luaL_buffinit
FNDA:0,luaL_buffinitsize
FNDA:0,luaL_ref
FNDA:0,luaL_unref
FNDA:4311,getF
FNDA:0,errfile
FNDA:1841,skipBOM
FNDA:1841,skipcomment
FNDA:1841,luaL_loadfilex
FNDA:775,pushglobalfuncname
FNDA:0,getS
FNDA:0,luaL_loadbufferx
FNDA:0,luaL_loadstring
FNDA:41,luaL_getmetafield
FNDA:4,luaL_callmeta
FNDA:2451,luaL_len
FNDA:4,luaL_tolstring
FNDA:27615,luaL_setfuncs
FNDA:23933,luaL_getsubtable
FNDA:18410,luaL_requiref
FNDA:0,luaL_addgsub
FNF:67
FNH:39
DA:52,129114
DA:53,129114
DA:54,120740
DA:55,8374
DA:56,136677
DA:57,128375
DA:58,128375
DA:59,36
DA:60,36
DA:62,128339
DA:64,36
DA:65,36
DA:66,36
DA:67,36
DA:70,128303
DA:79,775
DA:80,775
DA:81,775
DA:82,775
DA:83,775
DA:84,36
DA:85,36
DA:86,6
DA:87,6
DA:89,36
DA:90,36
DA:91,36
DA:94,739
DA:95,739
DA:100,775
DA:101,775
DA:102,36
DA:103,36
DA:105,739
DA:106,21
DA:107,718
DA:108,359
DA:109,359
DA:110,0
DA:112,359
DA:113,775
DA:116,359
DA:120,1077
DA:122,1020
DA:123,661
DA:124,661
DA:127,359
DA:131,359
DA:135,359
DA:136,359
DA:138,359
DA:139,359
DA:140,359
DA:142,359
DA:143,1134
DA:144,775
DA:145,0
DA:146,0
DA:147,0
DA:148,0
DA:151,775
DA:152,775
DA:153,416
DA:155,359
DA:156,775
DA:157,775
DA:158,775
DA:159,775
DA:160,0
DA:163,359
DA:164,359
DA:175,16
DA:177,16
DA:178,0
DA:179,16
DA:180,16
DA:181,0
DA:182,0
DA:183,0
DA:186,16
DA:187,0
DA:188,16
DA:193,15
DA:196,15
DA:197,0
DA:198,15
DA:201,15
DA:202,15
DA:203,15
DA:207,5
DA:208,5
DA:209,0
DA:216,37
DA:218,37
DA:219,37
DA:220,37
DA:221,37
DA:222,37
DA:225,0
DA:234,37
DA:236,37
DA:237,37
DA:238,37
DA:239,37
DA:240,37
DA:241,37
DA:245,0
DA:246,0
DA:247,0
DA:248,0
DA:249,0
DA:252,0
DA:253,0
DA:254,0
DA:256,0
DA:257,0
DA:258,0
DA:285,0
DA:286,0
DA:287,0
DA:290,0
DA:291,0
DA:292,0
DA:294,0
DA:295,0
DA:296,0
DA:297,0
DA:311,1841
DA:312,1841
DA:314,1841
DA:315,1841
DA:316,1841
DA:317,1841
DA:318,1841
DA:319,1841
DA:320,1841
DA:324,5523
DA:325,5523
DA:326,5523
DA:327,5523
DA:330,16569
DA:331,16569
DA:332,16569
DA:333,16569
DA:334,16569
DA:335,16569
DA:337,16569
DA:338,16569
DA:345,16569
DA:346,16569
DA:347,16569
DA:348,16569
DA:360,1
DA:362,1
DA:363,0
DA:365,0
DA:366,0
DA:367,0
DA:368,0
DA:380,28225
DA:381,28225
DA:382,0
DA:383,0
DA:385,0
DA:387,28225
DA:390,31
DA:391,31
DA:392,4
DA:393,27
DA:396,26
DA:397,26
DA:398,1
DA:399,25
DA:402,1
DA:403,1
DA:404,1
DA:405,0
DA:409,1
DA:411,1
DA:412,0
DA:413,0
DA:414,0
DA:416,1
DA:420,0
DA:422,0
DA:423,0
DA:424,0
DA:425,0
DA:429,0
DA:430,0
DA:434,0
DA:435,0
DA:436,0
DA:438,0
DA:439,0
DA:442,0
DA:444,0
DA:445,0
DA:446,0
DA:448,0
DA:452,0
DA:454,0
DA:473,0
DA:475,0
DA:476,0
DA:477,0
DA:478,0
DA:479,0
DA:480,0
DA:482,0
DA:483,0
DA:484,0
DA:488,0
DA:489,0
DA:490,0
DA:501,0
DA:502,0
DA:503,0
DA:504,0
DA:505,0
DA:506,0
DA:507,0
DA:508,0
DA:532,0
DA:533,0
DA:534,0
DA:535,0
DA:536,0
DA:547,2268
DA:549,2268
DA:550,2268
DA:552,0
DA:554,0
DA:556,0
DA:557,0
DA:559,0
DA:560,0
DA:561,0
DA:562,0
DA:563,0
DA:564,0
DA:566,0
DA:567,0
DA:568,0
DA:575,0
DA:576,0
DA:580,718
DA:581,718
DA:582,718
DA:583,718
DA:584,718
DA:586,718
DA:589,718
DA:590,718
DA:591,718
DA:594,359
DA:595,359
DA:597,359
DA:598,359
DA:599,0
DA:600,359
DA:601,359
DA:604,0
DA:605,0
DA:606,0
DA:607,0
DA:619,1550
DA:620,1550
DA:622,1550
DA:623,1550
DA:624,1550
DA:625,1550
DA:626,1550
DA:627,1550
DA:630,0
DA:631,359
DA:632,359
DA:633,359
DA:634,359
DA:635,359
DA:636,0
DA:639,0
DA:641,0
DA:661,0
DA:663,0
DA:664,0
DA:665,0
DA:667,0
DA:668,0
DA:670,0
DA:671,0
DA:675,0
DA:677,0
DA:678,0
DA:679,0
DA:680,0
DA:683,0
DA:684,0
DA:685,0
DA:689,0
DA:690,0
DA:691,0
DA:692,0
DA:694,0
DA:695,0
DA:696,0
DA:698,0
DA:716,4311
DA:719,4311
DA:720,1838
DA:721,1838
DA:727,2473
DA:728,1838
DA:730,3676
DA:734,0
DA:735,0
DA:736,0
DA:737,0
DA:738,0
DA:739,0
DA:749,1841
DA:750,1841
DA:751,1841
DA:752,0
DA:754,1841
DA:765,1841
DA:766,1841
DA:767,1841
DA:769,0
DA:770,0
DA:771,0
DA:772,0
DA:778,1841
DA:783,1841
DA:784,1841
DA:785,0
DA:786,0
DA:789,1841
DA:790,1841
DA:791,1841
DA:793,1841
DA:794,1841
DA:795,0
DA:796,1841
DA:797,0
DA:798,0
DA:799,0
DA:800,0
DA:801,0
DA:804,1841
DA:805,1838
DA:806,1841
DA:807,1841
DA:808,1841
DA:809,1841
DA:810,0
DA:811,0
DA:813,1841
DA:814,1841
DA:824,0
DA:827,0
DA:828,0
DA:829,0
DA:830,0
DA:834,0
DA:837,0
DA:838,0
DA:839,0
DA:843,0
DA:844,0
DA:851,41
DA:852,41
DA:856,5
DA:857,5
DA:858,5
DA:859,5
DA:861,0
DA:862,5
DA:867,4
DA:868,4
DA:869,4
DA:871,0
DA:872,0
DA:873,0
DA:877,2451
DA:880,2451
DA:881,2451
DA:882,2451
DA:883,0
DA:884,2451
DA:885,2451
DA:889,4
DA:890,4
DA:891,4
DA:892,0
DA:893,0
DA:896,4
DA:897,0
DA:898,0
DA:899,0
DA:901,0
DA:904,1
DA:905,1
DA:906,1
DA:907,2
DA:908,4
DA:909,2
DA:910,0
DA:911,0
DA:912,0
DA:913,1
DA:914,1
DA:915,1
DA:916,1
DA:917,1
DA:918,1
DA:919,0
DA:924,4
DA:933,27615
DA:934,27615
DA:935,335062
DA:936,307447
DA:937,29456
DA:940,283514
DA:941,5523
DA:942,277991
DA:944,307447
DA:946,27615
DA:947,27615
DA:954,23933
DA:955,23933
DA:958,5523
DA:959,5523
DA:960,5523
DA:961,5523
DA:962,5523
DA:963,5523
DA:974,18410
DA:976,18410
DA:977,18410
DA:978,18410
DA:979,18410
DA:980,18410
DA:981,18410
DA:982,18410
DA:983,18410
DA:984,18410
DA:986,18410
DA:987,18410
DA:988,18410
DA:989,18410
DA:991,18410
DA:994,0
DA:997,0
DA:998,0
DA:999,0
DA:1000,0
DA:1001,0
DA:1003,0
DA:1004,0
DA:1007,0
DA:1011,0
DA:1012,0
DA:1013,0
DA:1017,1316278
DA:1019,1316278
DA:1020,702150
DA:1021,702150
DA:1024,614128
DA:1028,0
DA:1029,0
DA:1030,0
DA:1031,0
DA:1033,0
DA:1052,0
DA:1053,0
DA:1056,0
DA:1057,0
DA:1058,0
DA:1059,0
DA:1060,0
DA:1065,0
DA:1066,0
DA:1067,0
DA:1074,0
DA:1076,0
DA:1077,0
DA:1078,0
DA:1080,0
DA:1081,0
DA:1083,0
DA:1086,0
DA:1087,0
DA:1089,0
DA:1090,0
DA:1094,1841
DA:1095,1841
DA:1096,1841
DA:1097,1841
DA:1098,1841
DA:1100,1841
DA:1104,18410
DA:1105,18410
DA:1106,18410
DA:1107,0
DA:1108,18410
DA:1109,0
DA:1111,18410
LF:508
LH:281
end_of_record
TN:
SF:/home/kali/fuzz/hermitcrab/src/lua-5.4.6-cov/src/lbaselib.c
FN:114,123,luaB_error
FN:126,134,luaB_getmetatable
FN:137,146,luaB_setmetatable
FN:149,154,luaB_rawequal
FN:157,163,luaB_rawlen
FN:166,172,luaB_rawget
FN:174,181,luaB_rawset
FN:184,191,pushmode
FN:199,256,luaB_collectgarbage
FN:24,37,luaB_print
FN:259,264,luaB_type
FN:267,276,luaB_next
FN:279,282,pairscont
FN:284,296,luaB_pairs
FN:302,307,ipairsaux
FN:314,320,luaB_ipairs
FN:323,337,load_aux
FN:340,346,luaB_loadfile
FN:370,384,generic_reader
FN:387,404,luaB_load
FN:409,412,dofilecont
FN:415,422,luaB_dofile
FN:425,435,luaB_assert
FN:438,451,luaB_select
FN:45,55,luaB_warn
FN:461,469,finishpcall
FN:472,479,luaB_pcall
FN:487,496,luaB_xpcall
FN:499,503,luaB_tostring
FN:537,548,luaopen_base
FN:60,78,b_str2int
FN:81,111,luaB_tonumber
FNDA:0,luaB_error
FNDA:1,luaB_getmetatable
FNDA:1,luaB_setmetatable
FNDA:0,luaB_rawequal
FNDA:0,luaB_rawlen
FNDA:3,luaB_rawget
FNDA:1,luaB_rawset
FNDA:0,pushmode
FNDA:1,luaB_collectgarbage
FNDA:0,luaB_print
FNDA:1,luaB_type
FNDA:0,luaB_next
FNDA:0,pairscont
FNDA:18,luaB_pairs
FNDA:0,ipairsaux
FNDA:0,luaB_ipairs
FNDA:0,load_aux
FNDA:0,luaB_loadfile
FNDA:0,generic_reader
FNDA:0,luaB_load
FNDA:0,dofilecont
FNDA:0,luaB_dofile
FNDA:0,luaB_assert
FNDA:0,luaB_select
FNDA:0,luaB_warn
FNDA:0,finishpcall
FNDA:0,luaB_pcall
FNDA:0,luaB_xpcall
FNDA:4,luaB_tostring
FNDA:1841,luaopen_base
FNDA:0,b_str2int
FNDA:2,luaB_tonumber
FNF:32
FNH:10
DA:24,0
DA:25,0
DA:27,0
DA:29,0
DA:30,0
DA:31,0
DA:32,0
DA:33,0
DA:35,0
DA:36,0
DA:45,0
DA:46,0
DA:48,0
DA:49,0
DA:50,0
DA:51,0
DA:52,0
DA:53,0
DA:54,0
DA:60,0
DA:63,0
DA:64,0
DA:65,0
DA:66,0
DA:69,0
DA:70,0
DA:71,0
DA:72,0
DA:73,0
DA:74,0
DA:75,0
DA:76,0
DA:77,0
DA:81,2
DA:82,2
DA:83,2
DA:84,0
DA:85,0
DA:89,2
DA:90,2
DA:91,0
DA:93,2
DA:99,0
DA:100,0
DA:101,0
DA:102,0
DA:103,0
DA:104,0
DA:105,0
DA:106,0
DA:109,2
DA:110,2
DA:114,0
DA:115,0
DA:116,0
DA:117,0
DA:118,0
DA:119,0
DA:120,0
DA:122,0
DA:126,1
DA:127,1
DA:128,1
DA:129,0
DA:130,0
DA:132,1
DA:133,1
DA:137,1
DA:138,1
DA:139,1
DA:140,0
DA:141,0
DA:142,0
DA:143,0
DA:144,0
DA:145,0
DA:149,0
DA:150,0
DA:151,0
DA:152,0
DA:153,0
DA:157,0
DA:158,0
DA:159,0
DA:161,0
DA:162,0
DA:166,3
DA:167,3
DA:168,1
DA:169,0
DA:170,0
DA:171,0
DA:174,1
DA:175,1
DA:176,0
DA:177,0
DA:178,0
DA:179,0
DA:180,0
DA:184,0
DA:185,0
DA:186,0
DA:188,0
DA:190,0
DA:199,1
DA:206,1
DA:207,0
DA:208,0
DA:209,0
DA:210,0
DA:211,0
DA:212,0
DA:213,0
DA:215,0
DA:216,0
DA:217,0
DA:218,0
DA:219,0
DA:220,0
DA:222,0
DA:224,0
DA:225,0
DA:226,0
DA:227,0
DA:228,0
DA:230,0
DA:231,0
DA:232,0
DA:233,0
DA:234,0
DA:236,0
DA:237,0
DA:238,0
DA:239,0
DA:241,0
DA:242,0
DA:243,0
DA:244,0
DA:245,0
DA:247,0
DA:248,0
DA:249,0
DA:250,0
DA:251,0
DA:254,0
DA:255,0
DA:259,1
DA:260,1
DA:261,1
DA:262,1
DA:263,1
DA:267,0
DA:268,0
DA:269,0
DA:270,0
DA:273,0
DA:274,0
DA:279,0
DA:281,0
DA:284,18
DA:285,18
DA:286,18
DA:287,18
DA:288,18
DA:289,18
DA:292,0
DA:293,0
DA:295,18
DA:302,0
DA:303,0
DA:304,0
DA:305,0
DA:306,0
DA:314,0
DA:315,0
DA:316,0
DA:317,0
DA:318,0
DA:319,0
DA:323,0
DA:324,0
DA:325,0
DA:326,0
DA:327,0
DA:328,0
DA:330,0
DA:333,0
DA:334,0
DA:335,0
DA:340,0
DA:341,0
DA:342,0
DA:343,0
DA:344,0
DA:345,0
DA:370,0
DA:372,0
DA:373,0
DA:374,0
DA:375,0
DA:376,0
DA:377,0
DA:378,0
DA:380,0
DA:381,0
DA:382,0
DA:383,0
DA:387,0
DA:390,0
DA:391,0
DA:392,0
DA:393,0
DA:394,0
DA:395,0
DA:398,0
DA:399,0
DA:400,0
DA:401,0
DA:403,0
DA:409,0
DA:411,0
DA:415,0
DA:416,0
DA:417,0
DA:418,0
DA:419,0
DA:420,0
DA:421,0
DA:425,0
DA:426,0
DA:427,0
DA:429,0
DA:430,0
DA:431,0
DA:432,0
DA:433,0
DA:438,0
DA:439,0
DA:440,0
DA:441,0
DA:442,0
DA:445,0
DA:446,0
DA:447,0
DA:448,0
DA:449,0
DA:461,0
DA:462,0
DA:463,0
DA:464,0
DA:465,0
DA:468,0
DA:472,0
DA:474,0
DA:475,0
DA:476,0
DA:477,0
DA:478,0
DA:487,0
DA:489,0
DA:490,0
DA:491,0
DA:492,0
DA:493,0
DA:494,0
DA:495,0
DA:499,4
DA:500,4
DA:501,4
DA:502,4
DA:537,1841
DA:539,1841
DA:540,1841
DA:542,1841
DA:543,1841
DA:545,1841
DA:546,1841
DA:547,1841
LF:278
LH:47
end_of_record
TN:
SF:/home/kali/fuzz/hermitcrab/src/lua-5.4.6-cov/src/lcode.c
FN:1028,1035,luaK_exp2RK
FN:1038,1042,codeABRK
FN:1048,1079,luaK_storevar
FN:1085,1095,luaK_self
FN:1101,1106,negatecondition
FN:1115,1127,jumponcond
FN:1133,1154,luaK_goiftrue
FN:1160,1180,luaK_goiffalse
FN:1186,1214,codenot
FN:1220,1223,isKstr
FN:1228,1230,luaK_isKint
FN:1255,1269,isSCnumber
FN:1278,1306,luaK_indexed
FN:131,147,luaK_nil
FN:1314,1326,validop
FN:1333,1351,constfolding
FN:1388,1394,codeunexpval
FN:1403,1414,finishbinexpval
FN:1421,1430,codebinexpval
FN:1436,1442,codebini
FN:1448,1454,codebinK
FN:1460,1476,finishbinexpneg
FN:1479,1481,swapexps
FN:1487,1492,codebinNoK
FN:1499,1505,codearith
FN:1513,1524,codecommutative
FN:1531,1542,codebitwise
FN:154,160,getjump
FN:1549,1574,codeorder
FN:1581,1606,codeeq
FN:1612,1626,luaK_prefix
FN:1633,1675,luaK_infix
FN:167,175,fixjump
FN:1682,1696,codeconcat
FN:1702,1776,luaK_posfix
FN:1783,1786,luaK_fixline
FN:1789,1797,luaK_settablesize
FN:1807,1820,luaK_setlist
FN:181,192,luaK_concat
FN:1826,1836,finaltarget
FN:1843,1871,luaK_finish
FN:199,201,luaK_jump
FN:207,215,luaK_ret
FN:222,225,condjump
FN:232,235,luaK_getlabel
FN:243,249,getjumpcontrol
FN:259,271,patchtestreg
FN:277,280,removevalues
FN:288,298,patchlistaux
FN:306,309,luaK_patchlist
FN:312,315,luaK_patchtohere
FN:329,344,savelineinfo
FN:353,365,removelastlineinfo
FN:382,390,luaK_code
FN:397,402,luaK_codeABCk
FN:408,412,luaK_codeABx
FN:418,423,luaK_codeAsBx
FN:451,459,luaK_codek
FN:46,49,luaK_semerror
FN:466,474,luaK_checkstack
FN:480,483,luaK_reserveregs
FN:491,496,freereg
FN:502,511,freeregs
FN:527,531,freeexps
FN:543,569,addk
FN:56,68,tonumeral
FN:575,579,stringK
FN:602,619,luaK_numberK
FN:645,651,nilK
FN:672,677,luaK_int
FN:680,686,luaK_float
FN:692,714,const2exp
FN:721,731,luaK_setreturns
FN:754,765,luaK_setoneret
FN:772,817,luaK_dischargevars
FN:825,872,discharge2reg
FN:84,107,luaK_exp2const
FN:880,885,discharge2anyreg
FN:898,904,need_value
FN:914,936,exp2reg
FN:942,947,luaK_exp2nextreg
FN:954,969,luaK_exp2anyreg
FN:976,979,luaK_exp2anyregup
FN:986,991,luaK_exp2val
FN:998,1019,luaK_exp2K
FNDA:2771,luaK_exp2RK
FNDA:2564,codeABRK
FNDA:2488,luaK_storevar
FNDA:204,luaK_self
FNDA:7,negatecondition
FNDA:1120,jumponcond
FNDA:1319,luaK_goiftrue
FNDA:155,luaK_goiffalse
FNDA:178,codenot
FNDA:9444,isKstr
FNDA:0,luaK_isKint
FNDA:914,isSCnumber
FNDA:9433,luaK_indexed
FNDA:1277,luaK_nil
FNDA:57,validop
FNDA:1217,constfolding
FNDA:884,codeunexpval
FNDA:670,finishbinexpval
FNDA:632,codebinexpval
FNDA:6,codebini
FNDA:31,codebinK
FNDA:137,finishbinexpneg
FNDA:217,swapexps
FNDA:502,codebinNoK
FNDA:369,codearith
FNDA:111,codecommutative
FNDA:164,codebitwise
FNDA:2243,getjump
FNDA:266,codeorder
FNDA:107,codeeq
FNDA:1101,luaK_prefix
FNDA:1348,luaK_infix
FNDA:2804,fixjump
FNDA:27,codeconcat
FNDA:1191,luaK_posfix
FNDA:3982,luaK_fixline
FNDA:1654,luaK_settablesize
FNDA:994,luaK_setlist
FNDA:2195,luaK_concat
FNDA:648,finaltarget
FNDA:1658,luaK_finish
FNDA:2042,luaK_jump
FNDA:2641,luaK_ret
FNDA:1493,condjump
FNDA:2395,luaK_getlabel
FNDA:2617,getjumpcontrol
FNDA:2161,patchtestreg
FNDA:356,removevalues
FNDA:5079,patchlistaux
FNDA:818,luaK_patchlist
FNDA:3365,luaK_patchtohere
FNDA:39590,savelineinfo
FNDA:4005,removelastlineinfo
FNDA:35608,luaK_code
FNDA:12299,luaK_codeABCk
FNDA:1715,luaK_codeABx
FNDA:207,luaK_codeAsBx
FNDA:1363,luaK_codek
FNDA:409,luaK_semerror
FNDA:21298,luaK_checkstack
FNDA:4810,luaK_reserveregs
FNDA:10139,freereg
FNDA:1926,freeregs
FNDA:1043,freeexps
FNDA:10232,addk
FNDA:1369,tonumeral
FNDA:9202,stringK
FNDA:355,luaK_numberK
FNDA:201,nilK
FNDA:112,luaK_int
FNDA:424,luaK_float
FNDA:0,const2exp
FNDA:419,luaK_setreturns
FNDA:2131,luaK_setoneret
FNDA:58134,luaK_dischargevars
FNDA:16135,discharge2reg
FNDA:0,luaK_exp2const
FNDA:1210,discharge2anyreg
FNDA:534,need_value
FNDA:15232,exp2reg
FNDA:15122,luaK_exp2nextreg
FNDA:10060,luaK_exp2anyreg
FNDA:7999,luaK_exp2anyregup
FNDA:1754,luaK_exp2val
FNDA:2803,luaK_exp2K
FNF:85
FNH:82
DA:46,409
DA:47,409
DA:48,409
DA:56,1369
DA:57,2254
DA:59,2711
DA:60,118
DA:61,118
DA:63,91
DA:64,91
DA:76,0
DA:84,0
DA:85,0
DA:87,0
DA:88,0
DA:89,0
DA:90,0
DA:91,0
DA:92,0
DA:93,0
DA:94,0
DA:95,0
DA:96,0
DA:97,0
DA:98,0
DA:99,0
DA:101,0
DA:102,0
DA:103,0
DA:105,0
DA:118,1304
DA:119,1113
DA:131,1277
DA:132,1277
DA:134,1277
DA:135,114
DA:136,114
DA:137,114
DA:138,0
DA:141,114
DA:142,114
DA:143,114
DA:146,1163
DA:154,2243
DA:155,2243
DA:156,2243
DA:159,2
DA:167,2804
DA:168,2804
DA:169,2804
DA:171,2804
DA:172,0
DA:174,2804
DA:175,2804
DA:181,2195
DA:182,2195
DA:183,1838
DA:184,1837
DA:188,1
DA:190,1
DA:199,2042
DA:200,2042
DA:207,2641
DA:209,2641
DA:211,409
DA:212,282
DA:214,2641
DA:215,2641
DA:222,1493
DA:223,1493
DA:224,1493
DA:232,2395
DA:233,6944
DA:234,2395
DA:243,2617
DA:244,2617
DA:245,2617
DA:246,1725
DA:259,2161
DA:260,2161
DA:261,2161
DA:263,881
DA:264,3
DA:268,878
DA:277,356
DA:278,362
DA:279,6
DA:280,356
DA:288,5079
DA:290,7234
DA:291,2155
DA:292,2155
DA:293,875
DA:295,1280
DA:298,5079
DA:306,818
DA:308,818
DA:309,818
DA:312,3365
DA:315,3365
DA:329,39590
DA:330,39590
DA:331,39590
DA:332,39590
DA:333,0
DA:335,0
DA:336,0
DA:338,0
DA:340,39590
DA:342,39590
DA:343,39590
DA:344,39590
DA:353,4005
DA:354,4005
DA:355,4005
DA:356,4005
DA:357,4005
DA:358,4005
DA:362,0
DA:363,0
DA:365,4005
DA:373,23
DA:374,23
DA:382,35608
DA:383,35608
DA:385,35608
DA:387,35608
DA:388,35608
DA:389,35608
DA:397,12299
DA:401,20120
DA:408,1715
DA:411,1715
DA:418,207
DA:419,207
DA:422,207
DA:433,3545
DA:442,0
DA:451,1363
DA:452,1363
DA:453,1363
DA:457,0
DA:466,21298
DA:467,21298
DA:468,21298
DA:469,5441
DA:470,0
DA:472,5441
DA:474,21298
DA:480,4810
DA:481,20835
DA:482,21298
DA:483,259
DA:491,10139
DA:492,10139
DA:493,9709
DA:496,10139
DA:502,1926
DA:503,1926
DA:504,325
DA:505,325
DA:508,1601
DA:509,1601
DA:511,1926
DA:518,17542
DA:519,5296
DA:527,1043
DA:528,1043
DA:529,1043
DA:530,1043
DA:531,1043
DA:543,10232
DA:545,10232
DA:546,10232
DA:547,10232
DA:549,10232
DA:550,1170
DA:552,1980
DA:553,810
DA:557,9578
DA:558,9578
DA:561,9578
DA:562,9578
DA:563,9578
DA:564,25330
DA:565,9578
DA:566,9578
DA:567,9578
DA:575,9202
DA:577,9202
DA:578,9202
DA:587,126
DA:588,36
DA:602,355
DA:605,355
DA:606,355
DA:607,318
DA:611,37
DA:613,37
DA:617,37
DA:627,176
DA:628,176
DA:637,172
DA:638,172
DA:645,201
DA:647,201
DA:649,201
DA:650,201
DA:660,90
DA:668,262
DA:672,112
DA:673,112
DA:674,76
DA:676,36
DA:677,112
DA:680,424
DA:682,424
DA:683,131
DA:685,293
DA:686,424
DA:692,0
DA:693,0
DA:694,0
DA:695,0
DA:696,0
DA:697,0
DA:698,0
DA:699,0
DA:700,0
DA:701,0
DA:702,0
DA:703,0
DA:704,0
DA:705,0
DA:706,0
DA:707,0
DA:708,0
DA:709,0
DA:710,0
DA:711,0
DA:712,0
DA:714,0
DA:721,419
DA:722,419
DA:723,419
DA:724,160
DA:727,259
DA:728,259
DA:731,419
DA:739,8761
DA:740,8761
DA:741,8761
DA:754,2131
DA:755,2131
DA:758,825
DA:759,825
DA:761,1306
DA:762,714
DA:763,714
DA:765,2131
DA:772,58134
DA:773,58134
DA:775,0
DA:776,0
DA:778,397
DA:779,397
DA:780,397
DA:781,397
DA:783,59
DA:784,59
DA:785,59
DA:786,59
DA:788,4097
DA:789,4097
DA:790,4097
DA:791,4097
DA:793,15
DA:794,15
DA:795,15
DA:796,15
DA:797,15
DA:799,976
DA:800,976
DA:801,976
DA:802,976
DA:803,976
DA:805,883
DA:806,883
DA:807,883
DA:808,883
DA:809,883
DA:811,1296
DA:812,1296
DA:813,1296
DA:817,58134
DA:825,16135
DA:826,16135
DA:827,16135
DA:828,1089
DA:829,1089
DA:830,1089
DA:843,1034
DA:844,1034
DA:845,1034
DA:847,424
DA:848,424
DA:849,424
DA:851,110
DA:852,110
DA:853,110
DA:855,9682
DA:856,9682
DA:857,9682
DA:858,9682
DA:860,1437
DA:861,1437
DA:870,15777
DA:871,15777
DA:880,1210
DA:881,1210
DA:883,903
DA:885,1210
DA:898,534
DA:899,615
DA:900,449
DA:901,449
DA:914,15232
DA:915,15232
DA:916,15232
DA:917,358
DA:918,15232
DA:922,448
DA:923,368
DA:927,368
DA:930,448
DA:931,448
DA:933,15232
DA:934,15232
DA:935,15232
DA:936,15232
DA:942,15122
DA:943,15122
DA:946,15122
DA:947,15122
DA:954,10060
DA:955,10060
DA:956,10060
DA:957,3100
DA:958,3085
DA:959,15
DA:960,15
DA:961,15
DA:967,6960
DA:968,6960
DA:976,7999
DA:977,7999
DA:978,2349
DA:979,7999
DA:986,1754
DA:987,1754
DA:988,7
DA:990,1747
DA:991,1754
DA:998,2803
DA:999,2803
DA:1001,2772
DA:1002,172
DA:1003,176
DA:1004,201
DA:1005,90
DA:1006,62
DA:1007,441
DA:1008,26
DA:1011,1168
DA:1012,1168
DA:1013,1168
DA:1014,1168
DA:1028,2771
DA:1029,2771
DA:1032,1634
DA:1033,1634
DA:1038,2564
DA:1040,2564
DA:1041,2564
DA:1042,2564
DA:1048,2488
DA:1049,2488
DA:1052,95
DA:1053,95
DA:1055,33
DA:1056,33
DA:1057,33
DA:1060,877
DA:1061,877
DA:1062,877
DA:1064,26
DA:1065,26
DA:1066,26
DA:1068,780
DA:1069,780
DA:1070,780
DA:1072,677
DA:1073,677
DA:1074,677
DA:1076,2393
DA:1085,204
DA:1087,204
DA:1088,204
DA:1090,204
DA:1091,204
DA:1093,204
DA:1095,204
DA:1101,7
DA:1102,7
DA:1105,7
DA:1106,7
DA:1115,1120
DA:1116,1120
DA:1117,522
DA:1118,522
DA:1120,23
DA:1124,1097
DA:1126,1097
DA:1133,1319
DA:1135,1319
DA:1136,1319
DA:1137,7
DA:1138,7
DA:1139,7
DA:1140,7
DA:1146,1012
DA:1147,1012
DA:1148,1012
DA:1151,1319
DA:1152,1319
DA:1153,1319
DA:1154,1319
DA:1160,155
DA:1162,155
DA:1163,155
DA:1164,4
DA:1165,4
DA:1166,4
DA:1172,108
DA:1173,108
DA:1174,108
DA:1177,155
DA:1178,155
DA:1179,155
DA:1180,155
DA:1186,178
DA:1187,178
DA:1188,27
DA:1189,27
DA:1190,27
DA:1192,38
DA:1193,38
DA:1194,38
DA:1196,0
DA:1197,0
DA:1198,0
DA:1200,113
DA:1202,113
DA:1204,113
DA:1205,113
DA:1206,113
DA:1208,178
DA:1211,178
DA:1212,178
DA:1213,178
DA:1214,178
DA:1220,9444
DA:1221,9444
DA:1222,7730
DA:1228,0
DA:1229,1886
DA:1238,68
DA:1247,12
DA:1255,914
DA:1257,914
DA:1258,58
DA:1259,856
DA:1260,18
DA:1262,838
DA:1263,76
DA:1264,70
DA:1265,70
DA:1278,9433
DA:1279,9433
DA:1283,9433
DA:1284,11
DA:1285,9433
DA:1286,5639
DA:1287,5639
DA:1288,5639
DA:1292,3794
DA:1293,3794
DA:1294,2088
DA:1295,2088
DA:1298,47
DA:1299,47
DA:1302,1659
DA:1303,1659
DA:1306,9433
DA:1314,57
DA:1315,57
DA:1316,15
DA:1319,29
DA:1320,14
DA:1322,0
DA:1323,0
DA:1333,1217
DA:1336,1217
DA:1337,1161
DA:1338,56
DA:1339,56
DA:1340,26
DA:1341,26
DA:1344,30
DA:1345,30
DA:1347,13
DA:1348,13
DA:1361,231
DA:1369,884
DA:1379,663
DA:1388,884
DA:1389,884
DA:1391,884
DA:1392,884
DA:1393,884
DA:1394,884
DA:1403,670
DA:1406,670
DA:1408,670
DA:1409,670
DA:1410,670
DA:1411,670
DA:1412,670
DA:1413,670
DA:1414,670
DA:1421,632
DA:1424,632
DA:1429,632
DA:1430,632
DA:1436,6
DA:1439,6
DA:1441,6
DA:1442,6
DA:1448,31
DA:1451,31
DA:1453,31
DA:1454,31
DA:1460,137
DA:1465,2
DA:1466,2
DA:1469,1
DA:1470,1
DA:1472,1
DA:1473,1
DA:1479,217
DA:1480,217
DA:1481,217
DA:1487,502
DA:1489,502
DA:1490,0
DA:1491,502
DA:1492,502
DA:1499,369
DA:1501,5
DA:1502,5
DA:1504,364
DA:1505,369
DA:1513,111
DA:1517,0
DA:1520,111
DA:1521,3
DA:1523,108
DA:1524,111
DA:1531,164
DA:1534,164
DA:1535,25
DA:1538,164
DA:1539,26
DA:1541,138
DA:1542,164
DA:1549,266
DA:1552,266
DA:1554,266
DA:1556,20
DA:1557,20
DA:1560,246
DA:1562,15
DA:1563,15
DA:1567,231
DA:1568,231
DA:1571,266
DA:1572,266
DA:1573,266
DA:1574,266
DA:1581,107
DA:1584,107
DA:1586,107
DA:1588,51
DA:1590,107
DA:1591,107
DA:1593,4
DA:1595,103
DA:1597,57
DA:1601,46
DA:1603,107
DA:1604,107
DA:1605,107
DA:1606,107
DA:1612,1101
DA:1614,1101
DA:1615,1101
DA:1616,547
DA:1617,547
DA:1621,884
DA:1622,884
DA:1623,178
DA:1624,39
DA:1626,1101
DA:1633,1348
DA:1634,1348
DA:1635,1348
DA:1636,78
DA:1637,78
DA:1638,78
DA:1640,61
DA:1641,61
DA:1642,61
DA:1644,29
DA:1645,29
DA:1646,29
DA:1654,654
DA:1661,104
DA:1665,295
DA:1668,295
DA:1669,264
DA:1673,1348
DA:1675,1348
DA:1682,27
DA:1684,27
DA:1685,0
DA:1688,0
DA:1689,0
DA:1692,27
DA:1694,27
DA:1696,27
DA:1702,1191
DA:1704,1191
DA:1705,1191
DA:1707,1191
DA:1708,72
DA:1710,72
DA:1711,72
DA:1712,72
DA:1714,49
DA:1716,49
DA:1717,49
DA:1718,49
DA:1720,27
DA:1721,27
DA:1722,27
DA:1723,27
DA:1725,111
DA:1726,111
DA:1727,111
DA:1729,57
DA:1730,57
DA:1735,261
DA:1736,261
DA:1738,164
DA:1739,164
DA:1740,164
DA:1744,0
DA:1745,0
DA:1747,80
DA:1751,79
DA:1756,3
DA:1758,51
DA:1761,107
DA:1762,107
DA:1763,107
DA:1765,141
DA:1767,141
DA:1768,141
DA:1770,266
DA:1771,266
DA:1772,266
DA:1774,0
DA:1783,3982
DA:1784,3982
DA:1785,3982
DA:1786,3982
DA:1789,1654
DA:1790,1654
DA:1791,1654
DA:1792,1654
DA:1793,1654
DA:1794,1654
DA:1795,1654
DA:1796,1654
DA:1797,1654
DA:1807,994
DA:1809,994
DA:1811,994
DA:1812,994
DA:1814,0
DA:1815,0
DA:1816,0
DA:1819,994
DA:1820,994
DA:1826,648
DA:1828,4995
DA:1829,4958
DA:1830,4958
DA:1833,4347
DA:1835,648
DA:1843,1658
DA:1845,1658
DA:1846,13158
DA:1847,11500
DA:1849,11500
DA:1850,1858
DA:1851,1858
DA:1854,960
DA:1856,1113
DA:1857,1113
DA:1858,11
DA:1859,1113
DA:1860,1053
DA:1863,648
DA:1864,648
DA:1865,648
DA:1866,648
DA:1871,1658
LF:738
LH:666
end_of_record
TN:
SF:/home/kali/fuzz/hermitcrab/src/lua-5.4.6-cov/src/lcorolib.c
FN:105,109,luaB_cowrap
FN:112,114,luaB_yield
FN:127,146,auxstatus
FN:149,153,luaB_costatus
FN:156,160,luaB_yieldable
FN:163,167,luaB_corunning
FN:170,189,luaB_close
FN:206,209,luaopen_coroutine
FN:21,25,getco
FN:32,53,auxresume
FN:56,70,luaB_coresume
FN:73,92,luaB_auxwrap
FN:95,102,luaB_cocreate
FNDA:17,luaB_cowrap
FNDA:20,luaB_yield
FNDA:0,auxstatus
FNDA:0,luaB_costatus
FNDA:0,luaB_yieldable
FNDA:0,luaB_corunning
FNDA:0,luaB_close
FNDA:1841,luaopen_coroutine
FNDA:10,getco
FNDA:0,auxresume
FNDA:10,luaB_coresume
FNDA:0,luaB_auxwrap
FNDA:26,luaB_cocreate
FNF:13
FNH:6
DA:21,10
DA:22,10
DA:23,10
DA:24,0
DA:32,0
DA:34,0
DA:35,0
DA:36,0
DA:38,0
DA:39,0
DA:40,0
DA:41,0
DA:42,0
DA:43,0
DA:44,0
DA:46,0
DA:47,0
DA:50,0
DA:51,0
DA:56,10
DA:57,10
DA:59,0
DA:60,0
DA:61,0
DA:62,0
DA:63,0
DA:66,0
DA:67,0
DA:68,0
DA:73,0
DA:74,0
DA:75,0
DA:76,0
DA:77,0
DA:78,0
DA:79,0
DA:81,0
DA:83,0
DA:84,0
DA:85,0
DA:86,0
DA:87,0
DA:89,0
DA:95,26
DA:97,26
DA:98,26
DA:99,26
DA:100,26
DA:101,26
DA:105,17
DA:106,17
DA:107,17
DA:108,17
DA:112,20
DA:113,20
DA:127,0
DA:128,0
DA:130,0
DA:133,0
DA:135,0
DA:137,0
DA:140,0
DA:142,0
DA:143,0
DA:149,0
DA:150,0
DA:151,0
DA:152,0
DA:156,0
DA:157,0
DA:158,0
DA:159,0
DA:163,0
DA:164,0
DA:165,0
DA:166,0
DA:170,0
DA:171,0
DA:172,0
DA:173,0
DA:174,0
DA:175,0
DA:176,0
DA:177,0
DA:178,0
DA:181,0
DA:182,0
DA:183,0
DA:186,0
DA:187,0
DA:206,1841
DA:207,1841
DA:208,1841
LF:93
LH:20
end_of_record
TN:
SF:/home/kali/fuzz/hermitcrab/src/lua-5.4.6-cov/src/ldblib.c
FN:111,114,settabss
FN:116,119,settabsi
FN:121,124,settabsb
FN:134,140,treatstackoption
FN:149,200,db_getinfo
FN:203,231,db_getlocal
FN:234,252,db_setlocal
FN:258,267,auxupvalue
FN:270,272,db_getupvalue
FN:275,278,db_setupvalue
FN:285,295,checkupval
FN:298,305,db_upvalueid
FN:308,316,db_upvaluejoin
FN:323,336,hookf
FN:342,349,makemask
FN:35,38,checkstack
FN:355,362,unmakemask
FN:365,392,db_sethook
FN:395,417,db_gethook
FN:41,44,db_getregistry
FN:420,432,db_debug
FN:435,446,db_traceback
FN:449,454,db_setcstacklimit
FN:47,53,db_getmetatable
FN:479,482,luaopen_debug
FN:56,62,db_setmetatable
FN:65,74,db_getuservalue
FN:77,85,db_setuservalue
FN:94,103,getthread
FNDA:0,settabss
FNDA:0,settabsi
FNDA:0,settabsb
FNDA:0,treatstackoption
FNDA:0,db_getinfo
FNDA:0,db_getlocal
FNDA:0,db_setlocal
FNDA:0,auxupvalue
FNDA:0,db_getupvalue
FNDA:0,db_setupvalue
FNDA:0,checkupval
FNDA:0,db_upvalueid
FNDA:0,db_upvaluejoin
FNDA:0,hookf
FNDA:0,makemask
FNDA:0,checkstack
FNDA:0,unmakemask
FNDA:0,db_sethook
FNDA:0,db_gethook
FNDA:0,db_getregistry
FNDA:0,db_debug
FNDA:0,db_traceback
FNDA:0,db_setcstacklimit
FNDA:0,db_getmetatable
FNDA:1841,luaopen_debug
FNDA:0,db_setmetatable
FNDA:0,db_getuservalue
FNDA:0,db_setuservalue
FNDA:0,getthread
FNF:29
FNH:1
DA:35,0
DA:36,0
DA:37,0
DA:38,0
DA:41,0
DA:42,0
DA:43,0
DA:47,0
DA:48,0
DA:49,0
DA:50,0
DA:52,0
DA:56,0
DA:57,0
DA:58,0
DA:59,0
DA:60,0
DA:61,0
DA:65,0
DA:66,0
DA:67,0
DA:68,0
DA:69,0
DA:70,0
DA:71,0
DA:77,0
DA:78,0
DA:79,0
DA:80,0
DA:81,0
DA:82,0
DA:83,0
DA:84,0
DA:94,0
DA:95,0
DA:96,0
DA:97,0
DA:100,0
DA:101,0
DA:111,0
DA:112,0
DA:113,0
DA:114,0
DA:116,0
DA:117,0
DA:118,0
DA:119,0
DA:121,0
DA:122,0
DA:123,0
DA:124,0
DA:134,0
DA:135,0
DA:136,0
DA:138,0
DA:139,0
DA:140,0
DA:149,0
DA:152,0
DA:153,0
DA:154,0
DA:155,0
DA:156,0
DA:157,0
DA:158,0
DA:159,0
DA:162,0
DA:163,0
DA:164,0
DA:167,0
DA:168,0
DA:169,0
DA:170,0
DA:171,0
DA:172,0
DA:173,0
DA:174,0
DA:175,0
DA:176,0
DA:178,0
DA:179,0
DA:180,0
DA:181,0
DA:182,0
DA:183,0
DA:185,0
DA:186,0
DA:187,0
DA:189,0
DA:190,0
DA:191,0
DA:193,0
DA:194,0
DA:195,0
DA:196,0
DA:197,0
DA:198,0
DA:203,0
DA:205,0
DA:206,0
DA:207,0
DA:208,0
DA:209,0
DA:210,0
DA:215,0
DA:216,0
DA:217,0
DA:218,0
DA:219,0
DA:220,0
DA:221,0
DA:222,0
DA:223,0
DA:224,0
DA:227,0
DA:228,0
DA:234,0
DA:237,0
DA:239,0
DA:240,0
DA:241,0
DA:242,0
DA:243,0
DA:244,0
DA:245,0
DA:246,0
DA:247,0
DA:248,0
DA:249,0
DA:250,0
DA:251,0
DA:258,0
DA:260,0
DA:261,0
DA:262,0
DA:263,0
DA:264,0
DA:265,0
DA:266,0
DA:270,0
DA:271,0
DA:275,0
DA:276,0
DA:277,0
DA:285,0
DA:287,0
DA:288,0
DA:289,0
DA:290,0
DA:291,0
DA:292,0
DA:294,0
DA:298,0
DA:299,0
DA:300,0
DA:301,0
DA:303,0
DA:304,0
DA:308,0
DA:310,0
DA:311,0
DA:312,0
DA:313,0
DA:314,0
DA:315,0
DA:323,0
DA:326,0
DA:327,0
DA:328,0
DA:329,0
DA:330,0
DA:331,0
DA:332,0
DA:334,0
DA:336,0
DA:342,0
DA:344,0
DA:345,0
DA:346,0
DA:347,0
DA:348,0
DA:355,0
DA:357,0
DA:358,0
DA:359,0
DA:360,0
DA:361,0
DA:365,0
DA:368,0
DA:369,0
DA:370,0
DA:374,0
DA:375,0
DA:376,0
DA:377,0
DA:379,0
DA:381,0
DA:382,0
DA:383,0
DA:384,0
DA:386,0
DA:387,0
DA:388,0
DA:389,0
DA:390,0
DA:391,0
DA:395,0
DA:397,0
DA:399,0
DA:400,0
DA:401,0
DA:402,0
DA:403,0
DA:405,0
DA:406,0
DA:408,0
DA:409,0
DA:410,0
DA:411,0
DA:412,0
DA:414,0
DA:415,0
DA:416,0
DA:420,0
DA:421,0
DA:423,0
DA:424,0
DA:425,0
DA:426,0
DA:427,0
DA:428,0
DA:429,0
DA:430,0
DA:435,0
DA:437,0
DA:438,0
DA:439,0
DA:440,0
DA:442,0
DA:443,0
DA:445,0
DA:449,0
DA:450,0
DA:451,0
DA:452,0
DA:453,0
DA:479,1841
DA:480,1841
DA:481,1841
LF:249
LH:3
end_of_record
TN:
SF:/home/kali/fuzz/hermitcrab/src/lua-5.4.6-cov/src/ldebug.c
FN:131,142,lua_sethook
FN:145,147,lua_gethook
FN:150,152,lua_gethookmask
FN:155,157,lua_gethookcount
FN:160,174,lua_getstack
FN:184,193,findvararg
FN:196,217,luaG_findlocal
FN:220,239,lua_getlocal
FN:242,253,lua_setlocal
FN:256,279,funcinfo
FN:282,287,nextline
FN:290,316,collectvalidlines
FN:319,324,getfuncname
FN:327,380,auxgetinfo
FN:383,411,lua_getinfo
FN:436,440,rname
FN:446,452,rkname
FN:465,508,findsetreg
FN:515,523,gxf
FN:526,585,getobjname
FN:594,632,funcnamefromcode
FN:60,75,getbaseline
FN:638,652,funcnamefromcall
FN:680,691,getupvalname
FN:706,719,varinfo
FN:725,729,typeerror
FN:736,738,luaG_typeerror
FN:746,752,luaG_callerror
FN:755,758,luaG_forerror
FN:761,764,luaG_concaterror
FN:767,772,luaG_opinterror
FN:778,783,luaG_tointerror
FN:786,793,luaG_ordererror
FN:797,806,luaG_addinfo
FN:809,819,luaG_errormsg
FN:822,836,luaG_runerror
FN:83,95,luaG_getfuncline
FN:847,865,changedline
FN:880,923,luaG_traceexec
FN:98,100,getcurrentline
FNDA:0,lua_sethook
FNDA:0,lua_gethook
FNDA:0,lua_gethookmask
FNDA:0,lua_gethookcount
FNDA:2925,lua_getstack
FNDA:0,findvararg
FNDA:0,luaG_findlocal
FNDA:0,lua_getlocal
FNDA:0,lua_setlocal
FNDA:812,funcinfo
FNDA:0,nextline
FNDA:0,collectvalidlines
FNDA:791,getfuncname
FNDA:1603,auxgetinfo
FNDA:1603,lua_getinfo
FNDA:10,rname
FNDA:5,rkname
FNDA:351,findsetreg
FNDA:197,gxf
FNDA:352,getobjname
FNDA:121,funcnamefromcode
FNDA:698,getbaseline
FNDA:839,funcnamefromcall
FNDA:191,getupvalname
FNDA:191,varinfo
FNDA:238,typeerror
FNDA:190,luaG_typeerror
FNDA:48,luaG_callerror
FNDA:14,luaG_forerror
FNDA:1,luaG_concaterror
FNDA:118,luaG_opinterror
FNDA:1,luaG_tointerror
FNDA:27,luaG_ordererror
FNDA:1533,luaG_addinfo
FNDA:359,luaG_errormsg
FNDA:322,luaG_runerror
FNDA:698,luaG_getfuncline
FNDA:0,changedline
FNDA:0,luaG_traceexec
FNDA:698,getcurrentline
FNF:40
FNH:28
DA:43,1010
DA:60,698
DA:61,698
DA:62,698
DA:63,698
DA:66,0
DA:70,0
DA:72,0
DA:73,0
DA:83,698
DA:84,698
DA:88,698
DA:89,6421
DA:91,5723
DA:98,698
DA:99,698
DA:115,0
DA:116,0
DA:117,0
DA:131,0
DA:132,0
DA:136,0
DA:137,0
DA:138,0
DA:139,0
DA:140,0
DA:141,0
DA:142,0
DA:145,0
DA:146,0
DA:150,0
DA:151,0
DA:155,0
DA:156,0
DA:160,2925
DA:163,2925
DA:165,9236
DA:166,6311
DA:167,2925
DA:169,1905
DA:178,146
DA:179,146
DA:180,146
DA:184,0
DA:185,0
DA:186,0
DA:187,0
DA:188,0
DA:189,0
DA:196,0
DA:197,0
DA:199,0
DA:200,0
DA:201,0
DA:203,0
DA:205,0
DA:206,0
DA:207,0
DA:209,0
DA:214,0
DA:215,0
DA:220,0
DA:223,0
DA:224,0
DA:227,0
DA:230,0
DA:231,0
DA:232,0
DA:233,0
DA:234,0
DA:238,0
DA:242,0
DA:243,0
DA:246,0
DA:247,0
DA:248,0
DA:249,0
DA:252,0
DA:256,812
DA:257,812
DA:258,416
DA:259,416
DA:260,416
DA:261,416
DA:262,416
DA:265,396
DA:266,396
DA:267,396
DA:268,396
DA:271,0
DA:272,0
DA:274,396
DA:275,396
DA:276,396
DA:278,812
DA:279,812
DA:282,0
DA:283,0
DA:284,0
DA:286,0
DA:290,0
DA:291,0
DA:292,0
DA:293,0
DA:298,0
DA:299,0
DA:300,0
DA:301,0
DA:302,0
DA:303,0
DA:304,0
DA:308,0
DA:311,0
DA:312,0
DA:313,0
DA:316,0
DA:319,791
DA:321,791
DA:322,791
DA:327,1603
DA:330,5568
DA:331,3965
DA:332,812
DA:333,812
DA:334,812
DA:336,812
DA:337,812
DA:338,812
DA:340,0
DA:341,0
DA:342,0
DA:343,0
DA:344,0
DA:347,0
DA:348,0
DA:352,775
DA:353,775
DA:354,775
DA:356,791
DA:357,791
DA:358,791
DA:359,718
DA:360,718
DA:364,0
DA:365,0
DA:366,0
DA:368,0
DA:369,0
DA:379,1603
DA:383,1603
DA:389,1603
DA:391,0
DA:393,0
DA:394,0
DA:397,1603
DA:398,1603
DA:401,1603
DA:402,1603
DA:403,1603
DA:404,775
DA:405,775
DA:407,1603
DA:408,0
DA:410,1603
DA:428,192
DA:429,192
DA:430,5
DA:436,10
DA:437,10
DA:438,10
DA:439,10
DA:440,10
DA:446,5
DA:447,5
DA:448,5
DA:451,0
DA:452,5
DA:456,652
DA:458,640
DA:465,351
DA:469,351
DA:470,91
DA:471,2570
DA:472,2219
DA:473,2219
DA:474,2219
DA:476,2219
DA:477,97
DA:478,97
DA:479,97
DA:482,0
DA:483,0
DA:484,0
DA:486,20
DA:488,20
DA:489,20
DA:491,39
DA:492,39
DA:493,39
DA:495,39
DA:500,2063
DA:501,2063
DA:504,20
DA:507,351
DA:515,197
DA:516,197
DA:518,197
DA:519,146
DA:521,51
DA:522,197
DA:526,352
DA:529,352
DA:530,352
DA:533,351
DA:534,351
DA:535,345
DA:536,345
DA:537,345
DA:538,0
DA:539,0
DA:540,0
DA:544,146
DA:545,146
DA:547,146
DA:549,10
DA:550,10
DA:551,10
DA:552,10
DA:554,1
DA:555,1
DA:556,1
DA:558,41
DA:559,41
DA:561,41
DA:563,0
DA:564,0
DA:565,0
DA:567,16
DA:569,16
DA:570,16
DA:571,16
DA:572,11
DA:573,11
DA:577,5
DA:578,5
DA:579,5
DA:594,121
DA:597,121
DA:598,121
DA:599,100
DA:601,100
DA:602,0
DA:603,0
DA:604,0
DA:611,0
DA:613,0
DA:614,13
DA:615,13
DA:616,13
DA:618,8
DA:619,0
DA:620,0
DA:621,0
DA:622,0
DA:624,0
DA:625,0
DA:626,0
DA:630,21
DA:631,21
DA:638,839
DA:640,839
DA:641,0
DA:642,0
DA:644,839
DA:645,0
DA:646,0
DA:648,839
DA:649,121
DA:666,191
DA:667,468
DA:668,468
DA:680,191
DA:682,191
DA:684,382
DA:685,191
DA:686,0
DA:687,0
DA:696,191
DA:699,64
DA:706,191
DA:707,191
DA:708,191
DA:710,191
DA:711,191
DA:712,191
DA:714,191
DA:715,191
DA:718,191
DA:725,238
DA:727,238
DA:728,238
DA:736,190
DA:737,190
DA:746,48
DA:747,48
DA:748,48
DA:749,48
DA:750,48
DA:751,48
DA:755,14
DA:756,14
DA:761,1
DA:762,1
DA:763,1
DA:767,118
DA:769,118
DA:771,118
DA:778,1
DA:780,1
DA:782,1
DA:786,27
DA:787,27
DA:788,27
DA:789,27
DA:790,4
DA:792,23
DA:797,1533
DA:800,1533
DA:801,1533
DA:803,0
DA:805,1533
DA:809,359
DA:810,359
DA:811,359
DA:813,359
DA:814,359
DA:815,359
DA:816,359
DA:818,359
DA:822,322
DA:823,322
DA:826,322
DA:827,322
DA:828,322
DA:829,322
DA:830,322
DA:831,302
DA:832,302
DA:833,302
DA:835,322
DA:847,0
DA:848,0
DA:850,0
DA:854,0
DA:855,0
DA:857,0
DA:858,0
DA:859,0
DA:864,0
DA:880,0
DA:881,0
DA:882,0
DA:883,0
DA:885,0
DA:886,0
DA:887,0
DA:889,0
DA:890,0
DA:891,0
DA:893,0
DA:894,0
DA:896,0
DA:897,0
DA:898,0
DA:900,0
DA:901,0
DA:902,0
DA:903,0
DA:904,0
DA:906,0
DA:907,0
DA:908,0
DA:909,0
DA:910,0
DA:911,0
DA:913,0
DA:915,0
DA:916,0
DA:917,0
DA:918,0
DA:919,0
DA:920,0
LF:392
LH:226
end_of_record
TN:
SF:/home/kali/fuzz/hermitcrab/src/lua-5.4.6-cov/src/ldo.c
FN:1005,1022,luaD_protectedparser
FN:115,135,luaD_throw
FN:138,150,luaD_rawrunprotected
FN:165,176,relstack
FN:182,195,correctstack
FN:212,235,luaD_reallocstack
FN:242,269,luaD_growstack
FN:276,288,stackinuse
FN:300,312,luaD_shrinkstack
FN:315,318,luaD_inctop
FN:328,361,luaD_hook
FN:369,379,luaD_hookcall
FN:387,404,rethook
FN:412,424,luaD_tryfuncTM
FN:433,476,moveresults
FN:485,495,luaD_poscall
FN:502,510,prepCallInfo
FN:516,534,precallC
FN:543,577,luaD_pretailcall
FN:588,617,luaD_precall
FN:628,640,ccall
FN:646,648,luaD_call
FN:654,656,luaD_callnoyield
FN:675,692,finishpcallk
FN:708,728,finishCcall
FN:736,747,unroll
FN:769,775,resume_error
FN:785,809,resume
FN:820,828,precover
FN:831,863,lua_resume
FN:866,868,lua_isyieldable
FN:871,899,lua_yieldk
FN:91,112,luaD_seterrorobj
FN:914,917,closepaux
FN:924,938,luaD_closeprotected
FN:946,963,luaD_pcall
FN:979,985,checkmode
FN:988,1002,f_parser
FNDA:1841,luaD_protectedparser
FNDA:1590,luaD_throw
FNDA:18518,luaD_rawrunprotected
FNDA:6,relstack
FNDA:6,correctstack
FNDA:6,luaD_reallocstack
FNDA:3,luaD_growstack
FNDA:1590,stackinuse
FNDA:1590,luaD_shrinkstack
FNDA:3682,luaD_inctop
FNDA:0,luaD_hook
FNDA:0,luaD_hookcall
FNDA:0,rethook
FNDA:48,luaD_tryfuncTM
FNDA:28277,moveresults
FNDA:28277,luaD_poscall
FNDA:28693,prepCallInfo
FNDA:28083,precallC
FNDA:10,luaD_pretailcall
FNDA:28731,luaD_precall
FNDA:28605,ccall
FNDA:21,luaD_call
FNDA:28584,luaD_callnoyield
FNDA:0,finishpcallk
FNDA:0,finishCcall
FNDA:0,unroll
FNDA:0,resume_error
FNDA:0,resume
FNDA:0,precover
FNDA:0,lua_resume
FNDA:0,lua_isyieldable
FNDA:20,lua_yieldk
FNDA:1590,luaD_seterrorobj
FNDA:3431,closepaux
FNDA:3431,luaD_closeprotected
FNDA:11656,luaD_pcall
FNDA:1841,checkmode
FNDA:1841,f_parser
FNF:38
FNH:27
DA:91,1590
DA:92,1590
DA:93,0
DA:94,0
DA:95,0
DA:97,0
DA:98,0
DA:99,0
DA:101,0
DA:102,0
DA:103,0
DA:105,1590
DA:107,1590
DA:108,1590
DA:111,1590
DA:112,1590
DA:115,1590
DA:116,1590
DA:117,1590
DA:118,1590
DA:121,0
DA:122,0
DA:123,0
DA:124,0
DA:125,0
DA:128,0
DA:130,0
DA:132,0
DA:138,16928
DA:139,16928
DA:141,16928
DA:142,16928
DA:143,16928
DA:144,18518
DA:147,16928
DA:148,16928
DA:149,16928
DA:165,6
DA:168,6
DA:169,6
DA:170,6
DA:171,0
DA:172,21
DA:173,15
DA:174,15
DA:176,6
DA:182,6
DA:185,6
DA:186,6
DA:187,6
DA:188,0
DA:189,21
DA:190,15
DA:191,15
DA:192,15
DA:193,3
DA:195,6
DA:212,6
DA:213,6
DA:216,6
DA:218,6
DA:219,6
DA:220,6
DA:222,6
DA:223,6
DA:224,0
DA:225,0
DA:226,0
DA:229,6
DA:230,6
DA:231,6
DA:232,126
DA:233,120
DA:242,3
DA:243,3
DA:244,3
DA:249,0
DA:250,0
DA:253,3
DA:254,3
DA:255,3
DA:256,3
DA:260,3
DA:261,3
DA:265,0
DA:266,0
DA:267,0
DA:276,1590
DA:279,1590
DA:280,4770
DA:281,3180
DA:284,1590
DA:285,1590
DA:287,1590
DA:300,1590
DA:301,1590
DA:302,1590
DA:305,1590
DA:306,3
DA:307,3
DA:311,1590
DA:312,1590
DA:315,3682
DA:316,3682
DA:317,3682
DA:318,3682
DA:328,0
DA:330,0
DA:331,0
DA:333,0
DA:334,0
DA:335,0
DA:337,0
DA:338,0
DA:339,0
DA:340,0
DA:342,0
DA:343,0
DA:345,0
DA:346,0
DA:347,0
DA:348,0
DA:349,0
DA:350,0
DA:351,0
DA:353,0
DA:356,0
DA:357,0
DA:358,0
DA:359,0
DA:361,0
DA:369,0
DA:370,0
DA:371,0
DA:372,0
DA:373,0
DA:374,0
DA:375,0
DA:376,0
DA:377,0
DA:379,0
DA:387,0
DA:388,0
DA:389,0
DA:392,0
DA:393,0
DA:394,0
DA:395,0
DA:397,0
DA:398,0
DA:399,0
DA:400,0
DA:402,0
DA:403,0
DA:404,0
DA:412,48
DA:415,48
DA:416,48
DA:417,48
DA:418,48
DA:419,0
DA:420,0
DA:421,0
DA:422,0
DA:423,0
DA:433,28277
DA:436,28277
DA:437,7364
DA:438,7364
DA:439,7364
DA:440,20660
DA:441,20660
DA:442,1590
DA:444,19070
DA:445,20660
DA:446,20660
DA:450,0
DA:451,0
DA:452,0
DA:453,0
DA:454,0
DA:455,0
DA:456,0
DA:457,0
DA:458,0
DA:459,0
DA:461,0
DA:462,0
DA:468,253
DA:471,350
DA:472,97
DA:473,253
DA:474,0
DA:475,253
DA:485,28277
DA:486,28277
DA:487,56554
DA:488,0
DA:490,28277
DA:494,28277
DA:495,28277
DA:502,28693
DA:504,28693
DA:505,28693
DA:506,28693
DA:507,28693
DA:508,28693
DA:509,28693
DA:516,28083
DA:520,28083
DA:521,56166
DA:522,28083
DA:524,28083
DA:525,0
DA:526,0
DA:529,28083
DA:532,28026
DA:533,28026
DA:543,10
DA:545,10
DA:546,10
DA:547,0
DA:548,0
DA:549,2
DA:550,2
DA:551,0
DA:552,0
DA:553,0
DA:554,0
DA:556,0
DA:557,0
DA:558,0
DA:559,0
DA:561,0
DA:562,0
DA:563,0
DA:565,0
DA:566,0
DA:567,0
DA:568,0
DA:570,8
DA:571,8
DA:573,0
DA:574,0
DA:588,28731
DA:589,28731
DA:590,28731
DA:591,0
DA:592,0
DA:593,0
DA:594,28081
DA:595,28081
DA:596,28025
DA:597,610
DA:599,610
DA:600,610
DA:601,610
DA:602,610
DA:603,610
DA:604,610
DA:605,610
DA:606,610
DA:607,0
DA:611,40
DA:612,40
DA:614,0
DA:628,28605
DA:630,28605
DA:631,28605
DA:632,0
DA:633,0
DA:635,28605
DA:636,610
DA:637,610
DA:639,28225
DA:640,28225
DA:646,21
DA:647,21
DA:648,0
DA:654,28584
DA:655,28584
DA:656,28225
DA:675,0
DA:676,0
DA:677,0
DA:680,0
DA:681,0
DA:682,0
DA:683,0
DA:684,0
DA:685,0
DA:687,0
DA:688,0
DA:691,0
DA:708,0
DA:710,0
DA:712,0
DA:719,0
DA:720,0
DA:721,0
DA:723,0
DA:727,0
DA:728,0
DA:736,0
DA:739,0
DA:740,0
DA:741,0
DA:743,0
DA:744,0
DA:747,0
DA:756,0
DA:757,0
DA:769,0
DA:770,0
DA:771,0
DA:772,0
DA:774,0
DA:785,0
DA:786,0
DA:787,0
DA:788,0
DA:789,0
DA:790,0
DA:793,0
DA:794,0
DA:795,0
DA:796,0
DA:799,0
DA:801,0
DA:805,0
DA:807,0
DA:809,0
DA:820,0
DA:822,0
DA:823,0
DA:824,0
DA:825,0
DA:827,0
DA:831,0
DA:835,0
DA:836,0
DA:837,0
DA:838,0
DA:839,0
DA:841,0
DA:842,0
DA:843,0
DA:844,0
DA:845,0
DA:846,0
DA:849,0
DA:851,0
DA:852,0
DA:855,0
DA:856,0
DA:857,0
DA:859,0
DA:860,0
DA:862,0
DA:866,0
DA:867,0
DA:871,20
DA:876,20
DA:878,20
DA:879,20
DA:880,0
DA:882,20
DA:884,0
DA:885,0
DA:886,0
DA:892,0
DA:893,0
DA:894,0
DA:898,0
DA:914,3431
DA:916,3431
DA:917,3431
DA:924,3431
DA:925,3431
DA:926,3431
DA:927,0
DA:929,3431
DA:930,3431
DA:931,3431
DA:932,3431
DA:934,0
DA:935,0
DA:946,11656
DA:949,11656
DA:950,11656
DA:951,11656
DA:952,11656
DA:953,11656
DA:954,11656
DA:955,1590
DA:956,1590
DA:957,1590
DA:958,1590
DA:959,1590
DA:961,11656
DA:962,11656
DA:979,1841
DA:980,1841
DA:981,0
DA:983,0
DA:985,1841
DA:988,1841
DA:991,1841
DA:992,1841
DA:993,0
DA:994,0
DA:997,1841
DA:998,1841
DA:1001,610
DA:1002,610
DA:1005,1841
DA:1009,1841
DA:1010,1841
DA:1011,1841
DA:1012,1841
DA:1013,1841
DA:1014,1841
DA:1015,1841
DA:1016,1841
DA:1017,1841
DA:1018,1841
DA:1019,1841
DA:1020,1841
DA:1021,1841
LF:429
LH:211
end_of_record
TN:
SF:/home/kali/fuzz/hermitcrab/src/lua-5.4.6-cov/src/ldump.c
FN:104,107,dumpCode
FN:112,135,dumpConstants
FN:138,144,dumpProtos
FN:147,155,dumpUpvalues
FN:158,180,dumpDebug
FN:183,198,dumpFunction
FN:201,211,dumpHeader
FN:217,229,luaU_dump
FN:41,47,dumpBlock
FN:65,74,dumpSize
FN:92,101,dumpString
FNDA:0,dumpCode
FNDA:0,dumpConstants
FNDA:0,dumpProtos
FNDA:0,dumpUpvalues
FNDA:0,dumpDebug
FNDA:0,dumpFunction
FNDA:0,dumpHeader
FNDA:0,luaU_dump
FNDA:0,dumpBlock
FNDA:0,dumpSize
FNDA:0,dumpString
FNF:11
FNH:0
DA:41,0
DA:42,0
DA:44,0
DA:47,0
DA:54,0
DA:55,0
DA:65,0
DA:69,0
DA:70,0
DA:71,0
DA:72,0
DA:73,0
DA:74,0
DA:78,0
DA:83,0
DA:88,0
DA:92,0
DA:93,0
DA:94,0
DA:96,0
DA:97,0
DA:98,0
DA:99,0
DA:101,0
DA:104,0
DA:105,0
DA:106,0
DA:107,0
DA:112,0
DA:114,0
DA:116,0
DA:117,0
DA:118,0
DA:120,0
DA:121,0
DA:122,0
DA:123,0
DA:124,0
DA:125,0
DA:126,0
DA:127,0
DA:129,0
DA:130,0
DA:131,0
DA:135,0
DA:138,0
DA:140,0
DA:142,0
DA:143,0
DA:144,0
DA:147,0
DA:148,0
DA:150,0
DA:151,0
DA:152,0
DA:153,0
DA:155,0
DA:158,0
DA:160,0
DA:162,0
DA:163,0
DA:165,0
DA:166,0
DA:167,0
DA:169,0
DA:171,0
DA:172,0
DA:173,0
DA:174,0
DA:176,0
DA:178,0
DA:179,0
DA:180,0
DA:183,0
DA:184,0
DA:187,0
DA:188,0
DA:189,0
DA:190,0
DA:191,0
DA:192,0
DA:193,0
DA:194,0
DA:195,0
DA:196,0
DA:197,0
DA:198,0
DA:201,0
DA:202,0
DA:205,0
DA:209,0
DA:210,0
DA:211,0
DA:217,0
DA:220,0
DA:221,0
DA:222,0
DA:223,0
DA:224,0
DA:225,0
DA:226,0
DA:227,0
DA:228,0
LF:103
LH:0
end_of_record
TN:
SF:/home/kali/fuzz/hermitcrab/src/lua-5.4.6-cov/src/lfunc.c
FN:107,118,callclosemethod
FN:125,133,checkclosemth
FN:143,153,prepcallclosemth
FN:168,179,luaF_newtbcupval
FN:182,187,luaF_unlinkupval
FN:193,207,luaF_closeupval
FN:213,220,poptbclist
FN:227,237,luaF_close
FN:240,264,luaF_newproto
FN:267,276,luaF_freeproto
FN:27,32,luaF_newCclosure
FN:283,293,luaF_getlocalname
FN:35,42,luaF_newLclosure
FN:48,58,luaF_initupvals
FN:65,80,newupval
FN:87,99,luaF_findupval
FNDA:0,callclosemethod
FNDA:0,checkclosemth
FNDA:0,prepcallclosemth
FNDA:0,luaF_newtbcupval
FNDA:0,luaF_unlinkupval
FNDA:3463,luaF_closeupval
FNDA:0,poptbclist
FNDA:3437,luaF_close
FNDA:4131,luaF_newproto
FNDA:4131,luaF_freeproto
FNDA:12904,luaF_newCclosure
FNDA:352,luaF_getlocalname
FNDA:2005,luaF_newLclosure
FNDA:610,luaF_initupvals
FNDA:6,newupval
FNDA:6,luaF_findupval
FNF:16
FNH:10
DA:27,12904
DA:28,12904
DA:29,12904
DA:30,12904
DA:31,12904
DA:35,2005
DA:36,2005
DA:37,2005
DA:38,2005
DA:39,2005
DA:40,3913
DA:41,2005
DA:48,610
DA:50,1220
DA:51,610
DA:52,610
DA:53,610
DA:54,610
DA:55,610
DA:56,610
DA:58,610
DA:65,6
DA:66,6
DA:67,6
DA:68,6
DA:69,6
DA:70,6
DA:71,6
DA:72,6
DA:73,0
DA:74,6
DA:75,6
DA:76,6
DA:77,6
DA:79,6
DA:87,6
DA:88,6
DA:91,6
DA:93,0
DA:94,0
DA:95,0
DA:98,6
DA:107,0
DA:108,0
DA:109,0
DA:110,0
DA:111,0
DA:112,0
DA:113,0
DA:114,0
DA:115,0
DA:117,0
DA:118,0
DA:125,0
DA:126,0
DA:127,0
DA:128,0
DA:129,0
DA:130,0
DA:131,0
DA:133,0
DA:143,0
DA:144,0
DA:146,0
DA:147,0
DA:149,0
DA:150,0
DA:152,0
DA:153,0
DA:168,0
DA:170,0
DA:172,0
DA:173,0
DA:174,0
DA:175,0
DA:177,0
DA:178,0
DA:182,0
DA:184,6
DA:185,0
DA:186,0
DA:187,0
DA:193,3463
DA:196,6932
DA:197,6
DA:200,6
DA:201,6
DA:202,6
DA:203,0
DA:204,0
DA:207,3463
DA:213,0
DA:214,0
DA:216,0
DA:217,0
DA:218,0
DA:219,0
DA:220,0
DA:227,3437
DA:228,3437
DA:229,3437
DA:230,3437
DA:232,0
DA:233,0
DA:234,0
DA:236,3437
DA:240,4131
DA:241,4131
DA:242,4131
DA:243,4131
DA:244,4131
DA:245,4131
DA:246,4131
DA:247,4131
DA:248,4131
DA:249,4131
DA:250,4131
DA:251,4131
DA:252,4131
DA:253,4131
DA:254,4131
DA:255,4131
DA:256,4131
DA:257,4131
DA:258,4131
DA:259,4131
DA:260,4131
DA:261,4131
DA:262,4131
DA:263,4131
DA:267,4131
DA:268,4131
DA:269,4131
DA:270,4131
DA:271,4131
DA:272,4131
DA:273,4131
DA:274,4131
DA:275,4131
DA:276,4131
DA:283,352
DA:285,374
DA:286,23
DA:287,23
DA:288,23
DA:289,1
LF:146
LH:91
end_of_record
TN:
SF:/home/kali/fuzz/hermitcrab/src/lua-5.4.6-cov/src/lgc.c
FN:1005,1010,correctpointers
FN:1017,1039,luaC_checkfinalizer
FN:1057,1068,setpause
FN:1077,1099,sweep2old
FN:1113,1146,sweepgen
FN:1170,1197,correctgraylist
FN:1203,1211,correctgraylists
FN:1219,1229,markold
FN:1235,1241,finishgencycle
FN:1249,1281,youngcollection
FN:125,139,getgclist
FN:1290,1309,atomic2gen
FN:1316,1318,setminordebt
FN:1327,1335,entergen
FN:1343,1352,enterinc
FN:1358,1367,luaC_changemode
FN:1373,1376,fullgen
FN:1400,1418,stepgenfull
FN:1440,1465,genstep
FN:1484,1489,entersweep
FN:1509,1520,luaC_freeallobjects
FN:1523,1563,atomic
FN:1566,1580,sweepstep
FN:1583,1643,singlestep
FN:1650,1654,luaC_runtilstate
FN:1665,1681,incstep
FN:1688,1698,luaC_step
FN:1708,1718,fullinc
FN:1726,1735,luaC_fullgc
FN:185,192,iscleared
FN:208,223,luaC_barrier_
FN:230,240,luaC_barrierback_
FN:243,251,luaC_fix
FN:258,267,luaC_newobjdt
FN:270,272,luaC_newobj
FN:297,329,reallymarkobject
FN:335,339,markmt
FN:345,353,markbeingfnz
FN:367,391,remarkupvals
FN:403,409,restartcollection
FN:430,437,genlink
FN:446,465,traverseweakvalue
FN:480,520,traverseephemeron
FN:523,539,traversestrongtable
FN:542,560,traversetable
FN:563,570,traverseudata
FN:578,590,traverseproto
FN:593,598,traverseCclosure
FN:604,612,traverseLclosure
FN:627,652,traversethread
FN:658,671,propagatemark
FN:674,679,propagateall
FN:689,708,convergeephemerons
FN:723,735,clearbykeys
FN:742,760,clearbyvalues
FN:763,767,freeupval
FN:770,812,freeobj
FN:822,843,sweeplist
FN:849,855,sweeptolive
FN:869,877,checkSizes
FN:884,896,udata2finalize
FN:899,902,dothecall
FN:905,930,GCTM
FN:936,942,runafewfinalizers
FN:948,952,callallpendingfinalizers
FN:972,989,separatetobefnz
FNDA:7364,correctpointers
FNDA:7364,luaC_checkfinalizer
FNDA:0,setpause
FNDA:5523,sweep2old
FNDA:425,sweepgen
FNDA:7704,correctgraylist
FNDA:1926,correctgraylists
FNDA:170,markold
FNDA:1926,finishgencycle
FNDA:85,youngcollection
FNDA:106399,getgclist
FNDA:1841,atomic2gen
FNDA:1926,setminordebt
FNDA:1841,entergen
FNDA:1841,enterinc
FNDA:3682,luaC_changemode
FNDA:0,fullgen
FNDA:0,stepgenfull
FNDA:85,genstep
FNDA:0,entersweep
FNDA:1841,luaC_freeallobjects
FNDA:1926,atomic
FNDA:0,sweepstep
FNDA:1841,singlestep
FNDA:3682,luaC_runtilstate
FNDA:0,incstep
FNDA:12974,luaC_step
FNDA:0,fullinc
FNDA:0,luaC_fullgc
FNDA:0,iscleared
FNDA:0,luaC_barrier_
FNDA:86,luaC_barrierback_
FNDA:90209,luaC_fix
FNDA:483632,luaC_newobjdt
FNDA:483606,luaC_newobj
FNDA:364213,reallymarkobject
FNDA:3767,markmt
FNDA:3767,markbeingfnz
FNDA:1926,remarkupvals
FNDA:1841,restartcollection
FNDA:36905,genlink
FNDA:0,traverseweakvalue
FNDA:0,traverseephemeron
FNDA:36905,traversestrongtable
FNDA:36905,traversetable
FNDA:0,traverseudata
FNDA:433,traverseproto
FNDA:12887,traverseCclosure
FNDA:85,traverseLclosure
FNDA:1926,traversethread
FNDA:52236,propagatemark
FNDA:7704,propagateall
FNDA:3852,convergeephemerons
FNDA:3852,clearbykeys
FNDA:7704,clearbyvalues
FNDA:616,freeupval
FNDA:483632,freeobj
FNDA:0,sweeplist
FNDA:0,sweeptolive
FNDA:1926,checkSizes
FNDA:7364,udata2finalize
FNDA:7364,dothecall
FNDA:7364,GCTM
FNDA:0,runafewfinalizers
FNDA:3767,callallpendingfinalizers
FNDA:3767,separatetobefnz
FNF:66
FNH:50
DA:125,106399
DA:126,106399
DA:127,73896
DA:128,170
DA:129,25774
DA:130,5693
DA:131,866
DA:132,0
DA:135,0
DA:150,54163
DA:151,54163
DA:152,54163
DA:153,54163
DA:173,220864
DA:174,0
DA:185,0
DA:186,0
DA:187,0
DA:188,0
DA:189,0
DA:191,0
DA:208,0
DA:209,0
DA:211,0
DA:212,0
DA:213,0
DA:215,0
DA:220,0
DA:221,0
DA:223,0
DA:230,86
DA:231,86
DA:234,86
DA:235,0
DA:237,86
DA:238,86
DA:239,86
DA:240,86
DA:243,90209
DA:244,90209
DA:246,90209
DA:247,90209
DA:248,90209
DA:249,90209
DA:250,90209
DA:251,90209
DA:258,483632
DA:259,483632
DA:260,483632
DA:261,483632
DA:262,483632
DA:263,483632
DA:264,483632
DA:265,483632
DA:266,483632
DA:270,483606
DA:271,483606
DA:297,364213
DA:298,364213
DA:299,304698
DA:301,304698
DA:302,304698
DA:304,0
DA:306,0
DA:307,0
DA:309,0
DA:310,0
DA:313,7364
DA:315,7364
DA:316,7364
DA:317,7364
DA:318,7364
DA:324,52151
DA:329,364213
DA:335,3767
DA:337,37670
DA:338,33903
DA:339,3767
DA:345,3767
DA:348,3767
DA:349,0
DA:350,0
DA:352,3767
DA:367,1926
DA:369,1926
DA:371,1926
DA:372,0
DA:373,0
DA:374,0
DA:378,0
DA:379,0
DA:380,0
DA:382,0
DA:383,0
DA:385,0
DA:390,1926
DA:395,3682
DA:396,3682
DA:403,1841
DA:405,1841
DA:406,1841
DA:407,1841
DA:408,1841
DA:409,1841
DA:430,36905
DA:432,36905
DA:433,0
DA:435,36905
DA:436,0
DA:437,36905
DA:446,0
DA:447,0
DA:450,0
DA:451,0
DA:452,0
DA:456,0
DA:457,0
DA:461,0
DA:462,0
DA:464,0
DA:465,0
DA:480,0
DA:485,0
DA:486,0
DA:488,0
DA:489,0
DA:491,0
DA:496,0
DA:497,0
DA:498,0
DA:500,0
DA:502,0
DA:505,0
DA:507,0
DA:511,0
DA:512,0
DA:513,0
DA:514,0
DA:515,0
DA:516,0
DA:518,0
DA:519,0
DA:523,36905
DA:524,36905
DA:526,36905
DA:527,47953
DA:528,11048
DA:529,626887
DA:530,589982
DA:534,369118
DA:535,369118
DA:538,36905
DA:539,36905
DA:542,36905
DA:544,36905
DA:545,36905
DA:546,36905
DA:547,0
DA:548,0
DA:549,0
DA:550,0
DA:551,0
DA:552,0
DA:553,0
DA:555,0
DA:558,36905
DA:559,36905
DA:563,0
DA:565,0
DA:566,0
DA:567,0
DA:568,0
DA:569,0
DA:578,433
DA:580,433
DA:581,2370
DA:582,1937
DA:583,1181
DA:584,748
DA:585,1298
DA:586,865
DA:587,1828
DA:588,1395
DA:589,433
DA:593,12887
DA:595,25774
DA:596,12887
DA:597,12887
DA:604,85
DA:606,85
DA:607,170
DA:608,85
DA:609,85
DA:611,85
DA:627,1926
DA:629,1926
DA:630,1926
DA:631,85
DA:632,1926
DA:636,9959
DA:637,8033
DA:638,1926
DA:639,0
DA:640,1926
DA:641,80563
DA:642,78637
DA:644,1926
DA:645,0
DA:646,0
DA:649,0
DA:650,0
DA:651,1926
DA:658,52236
DA:659,52236
DA:660,52236
DA:661,52236
DA:662,52236
DA:663,36905
DA:664,0
DA:665,85
DA:666,12887
DA:667,433
DA:668,1926
DA:674,7704
DA:676,59940
DA:677,52236
DA:678,7704
DA:689,3852
DA:694,3852
DA:695,3852
DA:697,3852
DA:698,0
DA:699,0
DA:700,0
DA:701,0
DA:702,0
DA:706,3852
DA:707,3852
DA:708,3852
DA:723,3852
DA:724,3852
DA:726,0
DA:728,0
DA:729,0
DA:730,0
DA:731,0
DA:735,3852
DA:742,7704
DA:743,7704
DA:744,0
DA:745,0
DA:747,0
DA:748,0
DA:749,0
DA:750,0
DA:751,0
DA:753,0
DA:754,0
DA:755,0
DA:756,0
DA:760,7704
DA:763,616
DA:764,616
DA:765,0
DA:766,616
DA:767,616
DA:770,483632
DA:771,483632
DA:772,4131
DA:773,4131
DA:774,4131
DA:775,616
DA:776,616
DA:777,616
DA:778,2005
DA:779,2005
DA:780,2005
DA:781,2005
DA:783,12904
DA:784,12904
DA:785,12904
DA:786,12904
DA:788,39010
DA:789,39010
DA:790,39010
DA:791,26
DA:792,26
DA:793,26
DA:794,7364
DA:796,7364
DA:797,7364
DA:799,404375
DA:800,404375
DA:801,404375
DA:802,404375
DA:803,404375
DA:805,13201
DA:806,13201
DA:807,13201
DA:808,13201
DA:810,483632
DA:812,483632
DA:822,0
DA:824,0
DA:825,0
DA:828,0
DA:830,0
DA:831,0
DA:832,0
DA:833,0
DA:836,0
DA:837,0
DA:840,0
DA:841,0
DA:842,0
DA:849,0
DA:852,0
DA:853,0
DA:854,0
DA:869,1926
DA:870,1926
DA:871,1926
DA:872,0
DA:873,0
DA:874,0
DA:877,1926
DA:884,7364
DA:885,7364
DA:887,7364
DA:888,7364
DA:889,7364
DA:890,7364
DA:891,7364
DA:892,0
DA:893,7364
DA:894,0
DA:895,7364
DA:899,7364
DA:901,7364
DA:902,7364
DA:905,7364
DA:906,7364
DA:910,7364
DA:911,7364
DA:912,7364
DA:914,7364
DA:915,7364
DA:916,7364
DA:917,7364
DA:918,7364
DA:919,7364
DA:920,7364
DA:921,7364
DA:922,7364
DA:923,7364
DA:924,7364
DA:925,7364
DA:926,0
DA:927,0
DA:930,7364
DA:936,0
DA:937,0
DA:939,0
DA:940,0
DA:941,0
DA:948,3767
DA:949,3767
DA:950,11131
DA:951,7364
DA:952,3767
DA:959,3767
DA:960,0
DA:972,3767
DA:974,3767
DA:975,3767
DA:976,18495
DA:978,14728
DA:979,7364
DA:981,7364
DA:982,0
DA:983,7364
DA:984,7364
DA:985,7364
DA:986,7364
DA:989,3767
DA:996,7364
DA:997,0
DA:1005,7364
DA:1010,7364
DA:1017,7364
DA:1018,7364
DA:1019,7364
DA:1020,7364
DA:1021,7364
DA:1022,0
DA:1025,7364
DA:1026,0
DA:1027,0
DA:1028,0
DA:1031,7364
DA:1033,9205
DA:1034,7364
DA:1035,7364
DA:1036,7364
DA:1037,7364
DA:1057,0
DA:1059,0
DA:1060,0
DA:1062,0
DA:1064,0
DA:1065,0
DA:1066,0
DA:1067,0
DA:1068,0
DA:1077,5523
DA:1079,5523
DA:1080,373723
DA:1081,368200
DA:1083,5523
DA:1084,5523
DA:1088,362677
DA:1090,1841
DA:1092,360836
DA:1093,0
DA:1095,360836
DA:1096,362677
DA:1099,5523
DA:1113,425
DA:1124,425
DA:1126,1961
DA:1127,1536
DA:1129,0
DA:1130,0
DA:1133,1536
DA:1134,1536
DA:1135,1536
DA:1138,0
DA:1139,0
DA:1140,0
DA:1142,1536
DA:1145,425
DA:1155,1841
DA:1156,393423
DA:1157,387900
DA:1170,7704
DA:1172,9630
DA:1173,1926
DA:1174,1926
DA:1175,0
DA:1176,1926
DA:1178,0
DA:1179,0
DA:1180,0
DA:1182,1926
DA:1184,1926
DA:1188,0
DA:1189,0
DA:1190,0
DA:1191,0
DA:1193,0
DA:1194,1926
DA:1196,7704
DA:1203,1926
DA:1204,1926
DA:1205,1926
DA:1206,1926
DA:1207,1926
DA:1208,1926
DA:1209,1926
DA:1210,1926
DA:1211,1926
DA:1219,170
DA:1221,170
DA:1222,0
DA:1224,0
DA:1225,0
DA:1226,0
DA:1229,170
DA:1235,1926
DA:1236,1926
DA:1237,1926
DA:1238,1926
DA:1239,1926
DA:1240,1926
DA:1241,1926
DA:1249,85
DA:1253,85
DA:1254,0
DA:1255,0
DA:1257,85
DA:1258,85
DA:1259,85
DA:1262,85
DA:1263,85
DA:1265,85
DA:1266,85
DA:1267,85
DA:1268,85
DA:1271,85
DA:1272,85
DA:1274,85
DA:1275,85
DA:1276,85
DA:1277,85
DA:1279,85
DA:1280,85
DA:1281,85
DA:1290,1841
DA:1293,1841
DA:1294,1841
DA:1296,1841
DA:1297,1841
DA:1300,1841
DA:1301,1841
DA:1303,1841
DA:1305,1841
DA:1306,1841
DA:1307,1841
DA:1308,1841
DA:1309,1841
DA:1316,1926
DA:1317,1926
DA:1318,1926
DA:1327,1841
DA:1329,1841
DA:1330,1841
DA:1331,1841
DA:1332,1841
DA:1333,1841
DA:1334,1841
DA:1343,1841
DA:1344,1841
DA:1345,1841
DA:1346,1841
DA:1347,1841
DA:1348,1841
DA:1349,1841
DA:1350,1841
DA:1351,1841
DA:1352,1841
DA:1358,3682
DA:1359,3682
DA:1360,3682
DA:1361,3682
DA:1362,1841
DA:1364,1841
DA:1366,3682
DA:1367,3682
DA:1373,0
DA:1374,0
DA:1375,0
DA:1400,0
DA:1402,0
DA:1403,0
DA:1404,0
DA:1405,0
DA:1406,0
DA:1407,0
DA:1408,0
DA:1409,0
DA:1412,0
DA:1413,0
DA:1414,0
DA:1415,0
DA:1416,0
DA:1418,0
DA:1440,85
DA:1441,85
DA:1442,0
DA:1444,85
DA:1445,85
DA:1446,85
DA:1448,0
DA:1454,0
DA:1455,0
DA:1459,85
DA:1460,85
DA:1461,85
DA:1465,85
DA:1484,0
DA:1485,0
DA:1486,0
DA:1488,0
DA:1489,0
DA:1497,481791
DA:1498,478109
DA:1499,478109
DA:1509,1841
DA:1510,1841
DA:1511,1841
DA:1512,1841
DA:1513,1841
DA:1515,1841
DA:1516,1841
DA:1518,1841
DA:1520,1841
DA:1523,1926
DA:1524,1926
DA:1527,1926
DA:1528,1926
DA:1531,1926
DA:1532,1926
DA:1534,1926
DA:1535,1926
DA:1536,1926
DA:1538,1926
DA:1539,1926
DA:1540,1926
DA:1541,1926
DA:1542,1926
DA:1545,1926
DA:1546,1926
DA:1547,1926
DA:1548,1926
DA:1549,1926
DA:1550,1926
DA:1551,1926
DA:1554,1926
DA:1555,1926
DA:1557,1926
DA:1558,1926
DA:1559,1926
DA:1560,1926
DA:1562,1926
DA:1566,0
DA:1568,0
DA:1569,0
DA:1571,0
DA:1572,0
DA:1573,0
DA:1576,0
DA:1577,0
DA:1578,0
DA:1583,1841
DA:1584,1841
DA:1587,1841
DA:1588,1841
DA:1589,1841
DA:1590,1841
DA:1591,1841
DA:1593,1841
DA:1595,0
DA:1596,0
DA:1597,0
DA:1601,0
DA:1604,0
DA:1605,0
DA:1606,0
DA:1607,0
DA:1608,0
DA:1610,0
DA:1611,0
DA:1612,0
DA:1614,0
DA:1615,0
DA:1616,0
DA:1618,0
DA:1619,0
DA:1620,0
DA:1622,0
DA:1623,0
DA:1624,0
DA:1626,0
DA:1628,0
DA:1629,0
DA:1630,0
DA:1631,0
DA:1634,0
DA:1641,1841
DA:1642,1841
DA:1650,3682
DA:1651,3682
DA:1652,5523
DA:1653,1841
DA:1654,3682
DA:1665,0
DA:1666,0
DA:1667,0
DA:1668,0
DA:1669,0
DA:1670,0
DA:1672,0
DA:1673,0
DA:1674,0
DA:1675,0
DA:1676,0
DA:1678,0
DA:1679,0
DA:1681,0
DA:1688,12974
DA:1689,12974
DA:1690,12974
DA:1691,12889
DA:1693,85
DA:1694,85
DA:1696,0
DA:1698,12974
DA:1708,0
DA:1709,0
DA:1710,0
DA:1712,0
DA:1713,0
DA:1716,0
DA:1717,0
DA:1718,0
DA:1726,0
DA:1727,0
DA:1729,0
DA:1730,0
DA:1731,0
DA:1733,0
DA:1734,0
DA:1735,0
LF:713
LH:442
end_of_record
TN:
SF:/home/kali/fuzz/hermitcrab/src/lua-5.4.6-cov/src/linit.c
FN:57,64,luaL_openlibs
FNDA:1841,luaL_openlibs
FNF:1
FNH:1
DA:57,1841
DA:60,20251
DA:61,18410
DA:62,18410
DA:64,1841
LF:5
LH:5
end_of_record
TN:
SF:/home/kali/fuzz/hermitcrab/src/lua-5.4.6-cov/src/liolib.c
FN:163,174,io_type
FN:177,184,f_tostring
FN:187,193,tofile
FN:201,206,newprefile
FN:214,219,aux_close
FN:222,225,f_close
FN:228,232,io_close
FN:235,240,f_gc
FN:246,250,io_fclose
FN:261,266,opencheck
FN:269,277,io_open
FN:283,287,io_pclose
FN:290,298,io_popen
FN:301,305,io_tmpfile
FN:308,315,getiofile
FN:318,332,g_iofile
FN:335,337,io_input
FN:340,342,io_output
FN:363,371,aux_lines
FN:374,378,f_lines
FN:386,410,io_lines
FN:40,44,l_checkmode
FN:438,448,nextc
FN:454,458,test2
FN:464,469,readdigits
FN:477,508,read_number
FN:511,516,test_eof
FN:519,537,read_line
FN:540,550,read_all
FN:553,563,read_chars
FN:566,613,g_read
FN:616,618,io_read
FN:621,623,f_read
FN:629,655,io_readline
FN:660,682,g_write
FN:685,687,io_write
FN:690,694,f_write
FN:697,713,f_seek
FN:716,724,f_setvbuf
FN:728,730,io_flush
FN:733,735,f_flush
FN:784,791,createmeta
FN:797,803,io_noclose
FN:806,816,createstdfile
FN:819,827,luaopen_io
FNDA:0,io_type
FNDA:0,f_tostring
FNDA:0,tofile
FNDA:5523,newprefile
FNDA:5523,aux_close
FNDA:0,f_close
FNDA:0,io_close
FNDA:5523,f_gc
FNDA:0,io_fclose
FNDA:0,opencheck
FNDA:0,io_open
FNDA:0,io_pclose
FNDA:0,io_popen
FNDA:0,io_tmpfile
FNDA:0,getiofile
FNDA:0,g_iofile
FNDA:0,io_input
FNDA:0,io_output
FNDA:0,aux_lines
FNDA:0,f_lines
FNDA:0,io_lines
FNDA:0,l_checkmode
FNDA:0,nextc
FNDA:0,test2
FNDA:0,readdigits
FNDA:0,read_number
FNDA:0,test_eof
FNDA:0,read_line
FNDA:0,read_all
FNDA:0,read_chars
FNDA:0,g_read
FNDA:0,io_read
FNDA:0,f_read
FNDA:0,io_readline
FNDA:0,g_write
FNDA:0,io_write
FNDA:0,f_write
FNDA:0,f_seek
FNDA:0,f_setvbuf
FNDA:0,io_flush
FNDA:0,f_flush
FNDA:1841,createmeta
FNDA:5523,io_noclose
FNDA:5523,createstdfile
FNDA:1841,luaopen_io
FNF:45
FNH:7
DA:40,0
DA:41,0
DA:42,0
DA:43,0
DA:163,0
DA:165,0
DA:166,0
DA:167,0
DA:168,0
DA:169,0
DA:170,0
DA:172,0
DA:173,0
DA:177,0
DA:178,0
DA:179,0
DA:180,0
DA:182,0
DA:183,0
DA:187,0
DA:188,0
DA:189,0
DA:190,0
DA:192,0
DA:201,5523
DA:202,5523
DA:203,5523
DA:204,5523
DA:205,5523
DA:214,5523
DA:215,5523
DA:216,5523
DA:217,5523
DA:218,5523
DA:222,0
DA:223,0
DA:224,0
DA:228,0
DA:229,0
DA:230,0
DA:231,0
DA:235,5523
DA:236,5523
DA:237,5523
DA:238,5523
DA:239,5523
DA:246,0
DA:247,0
DA:248,0
DA:249,0
DA:254,0
DA:255,0
DA:256,0
DA:261,0
DA:263,0
DA:264,0
DA:265,0
DA:266,0
DA:269,0
DA:270,0
DA:271,0
DA:274,0
DA:275,0
DA:276,0
DA:283,0
DA:284,0
DA:285,0
DA:286,0
DA:290,0
DA:291,0
DA:292,0
DA:293,0
DA:294,0
DA:295,0
DA:296,0
DA:297,0
DA:301,0
DA:303,0
DA:304,0
DA:308,0
DA:310,0
DA:311,0
DA:312,0
DA:313,0
DA:314,0
DA:318,0
DA:319,0
DA:320,0
DA:321,0
DA:322,0
DA:324,0
DA:325,0
DA:327,0
DA:330,0
DA:331,0
DA:335,0
DA:336,0
DA:340,0
DA:341,0
DA:363,0
DA:364,0
DA:365,0
DA:366,0
DA:367,0
DA:368,0
DA:369,0
DA:370,0
DA:371,0
DA:374,0
DA:375,0
DA:376,0
DA:377,0
DA:386,0
DA:388,0
DA:389,0
DA:390,0
DA:391,0
DA:392,0
DA:396,0
DA:397,0
DA:398,0
DA:401,0
DA:402,0
DA:403,0
DA:404,0
DA:405,0
DA:406,0
DA:438,0
DA:439,0
DA:440,0
DA:441,0
DA:444,0
DA:445,0
DA:446,0
DA:454,0
DA:455,0
DA:456,0
DA:464,0
DA:466,0
DA:467,0
DA:468,0
DA:477,0
DA:482,0
DA:483,0
DA:484,0
DA:485,0
DA:486,0
DA:487,0
DA:488,0
DA:489,0
DA:492,0
DA:493,0
DA:494,0
DA:495,0
DA:496,0
DA:497,0
DA:499,0
DA:500,0
DA:501,0
DA:502,0
DA:505,0
DA:506,0
DA:511,0
DA:512,0
DA:513,0
DA:514,0
DA:515,0
DA:519,0
DA:522,0
DA:524,0
DA:526,0
DA:527,0
DA:528,0
DA:529,0
DA:530,0
DA:531,0
DA:532,0
DA:533,0
DA:534,0
DA:536,0
DA:540,0
DA:543,0
DA:545,0
DA:546,0
DA:547,0
DA:548,0
DA:549,0
DA:550,0
DA:553,0
DA:557,0
DA:558,0
DA:559,0
DA:560,0
DA:561,0
DA:562,0
DA:566,0
DA:567,0
DA:569,0
DA:570,0
DA:571,0
DA:572,0
DA:576,0
DA:578,0
DA:579,0
DA:580,0
DA:581,0
DA:584,0
DA:585,0
DA:586,0
DA:587,0
DA:588,0
DA:589,0
DA:590,0
DA:591,0
DA:592,0
DA:593,0
DA:594,0
DA:595,0
DA:596,0
DA:597,0
DA:599,0
DA:600,0
DA:601,0
DA:606,0
DA:607,0
DA:608,0
DA:609,0
DA:610,0
DA:612,0
DA:616,0
DA:617,0
DA:621,0
DA:622,0
DA:629,0
DA:630,0
DA:632,0
DA:633,0
DA:634,0
DA:635,0
DA:636,0
DA:637,0
DA:638,0
DA:639,0
DA:641,0
DA:644,0
DA:646,0
DA:648,0
DA:649,0
DA:650,0
DA:651,0
DA:653,0
DA:660,0
DA:661,0
DA:663,0
DA:664,0
DA:666,0
DA:667,0
DA:668,0
DA:669,0
DA:670,0
DA:671,0
DA:675,0
DA:676,0
DA:679,0
DA:681,0
DA:685,0
DA:686,0
DA:690,0
DA:691,0
DA:692,0
DA:693,0
DA:697,0
DA:700,0
DA:701,0
DA:702,0
DA:706,0
DA:707,0
DA:708,0
DA:710,0
DA:711,0
DA:716,0
DA:719,0
DA:720,0
DA:721,0
DA:722,0
DA:723,0
DA:728,0
DA:729,0
DA:733,0
DA:734,0
DA:784,1841
DA:785,1841
DA:786,1841
DA:787,1841
DA:788,1841
DA:789,1841
DA:790,1841
DA:791,1841
DA:797,5523
DA:798,5523
DA:799,5523
DA:800,5523
DA:801,5523
DA:802,5523
DA:806,5523
DA:808,5523
DA:809,5523
DA:810,5523
DA:811,5523
DA:812,3682
DA:813,3682
DA:815,5523
DA:816,5523
DA:819,1841
DA:820,1841
DA:821,1841
DA:823,1841
DA:824,1841
DA:825,1841
DA:826,1841
LF:320
LH:45
end_of_record
TN:
SF:/home/kali/fuzz/hermitcrab/src/lua-5.4.6-cov/src/llex.c
FN:111,116,lexerror
FN:119,121,luaX_syntaxerror
FN:134,149,luaX_newstring
FN:156,164,inclinenumber
FN:167,180,luaX_setinput
FN:191,197,check_next1
FN:204,211,check_next2
FN:227,256,read_numeral
FN:265,277,skip_sep
FN:280,316,read_long_string
FN:319,325,esccheck
FN:328,332,gethexa
FN:335,340,readhexaesc
FN:343,358,readutf8esc
FN:361,366,utf8esc
FN:369,379,readdecesc
FN:382,442,read_string
FN:445,562,llex
FN:565,573,luaX_next
FN:57,67,save
FN:576,580,luaX_lookahead
FN:70,79,luaX_init
FN:82,96,luaX_token2str
FN:99,108,txtToken
FNDA:1231,lexerror
FNDA:901,luaX_syntaxerror
FNDA:34950,luaX_newstring
FNDA:13118,inclinenumber
FNDA:1841,luaX_setinput
FNDA:12655,check_next1
FNDA:23125,check_next2
FNDA:993,read_numeral
FNDA:3715,skip_sep
FNDA:859,read_long_string
FNDA:1438,esccheck
FNDA:702,gethexa
FNDA:265,readhexaesc
FNDA:172,readutf8esc
FNDA:172,utf8esc
FNDA:0,readdecesc
FNDA:747,read_string
FNDA:88703,llex
FNDA:88703,luaX_next
FNDA:205161,save
FNDA:969,luaX_lookahead
FNDA:1841,luaX_init
FNDA:991,luaX_token2str
FNDA:822,txtToken
FNF:24
FNH:23
DA:57,205161
DA:58,205161
DA:59,205161
DA:61,658
DA:62,0
DA:63,658
DA:64,658
DA:66,205161
DA:67,205161
DA:70,1841
DA:72,1841
DA:73,1841
DA:74,42343
DA:75,40502
DA:76,40502
DA:77,40502
DA:79,1841
DA:82,991
DA:83,991
DA:84,196
DA:85,196
DA:87,0
DA:90,795
DA:91,795
DA:92,696
DA:99,822
DA:100,822
DA:101,376
DA:103,376
DA:104,376
DA:105,446
DA:106,446
DA:111,1231
DA:112,1231
DA:113,1231
DA:114,822
DA:115,1231
DA:119,901
DA:120,901
DA:134,34950
DA:135,34950
DA:136,34950
DA:137,34950
DA:138,34950
DA:139,11486
DA:141,23464
DA:142,23464
DA:143,23464
DA:145,23464
DA:146,23464
DA:148,34950
DA:156,13118
DA:157,13118
DA:159,13118
DA:160,13118
DA:161,1
DA:162,13118
DA:163,0
DA:164,13118
DA:167,1841
DA:169,1841
DA:170,1841
DA:171,1841
DA:172,1841
DA:173,1841
DA:174,1841
DA:175,1841
DA:176,1841
DA:177,1841
DA:178,1841
DA:179,1841
DA:180,1841
DA:191,12655
DA:192,12655
DA:193,5658
DA:194,5658
DA:204,23125
DA:206,23125
DA:207,1208
DA:208,1208
DA:227,993
DA:230,993
DA:232,993
DA:233,993
DA:236,22137
DA:237,508
DA:238,21629
DA:239,20636
DA:242,993
DA:243,0
DA:244,993
DA:245,993
DA:246,137
DA:247,856
DA:248,310
DA:249,310
DA:253,546
DA:254,546
DA:265,3715
DA:267,3715
DA:269,3715
DA:270,3715
DA:271,0
DA:272,0
DA:275,3715
DA:276,1997
DA:280,859
DA:281,859
DA:282,859
DA:283,859
DA:284,70
DA:286,16703
DA:287,0
DA:288,0
DA:289,0
DA:291,0
DA:294,859
DA:295,859
DA:296,859
DA:297,859
DA:301,148
DA:302,148
DA:303,148
DA:304,148
DA:307,15696
DA:308,15696
DA:309,0
DA:313,859
DA:314,859
DA:315,859
DA:316,859
DA:319,1438
DA:320,1438
DA:321,143
DA:322,143
DA:323,143
DA:325,1295
DA:328,702
DA:329,702
DA:330,702
DA:331,655
DA:335,265
DA:336,265
DA:337,265
DA:338,218
DA:339,218
DA:343,172
DA:346,172
DA:347,172
DA:348,172
DA:349,564
DA:350,427
DA:351,427
DA:352,392
DA:354,137
DA:355,76
DA:356,76
DA:357,76
DA:361,172
DA:363,172
DA:364,190
DA:365,114
DA:366,76
DA:369,0
DA:372,0
DA:373,0
DA:374,0
DA:376,0
DA:377,0
DA:378,0
DA:382,747
DA:383,747
DA:384,6714
DA:385,6160
DA:386,0
DA:387,0
DA:389,50
DA:391,50
DA:393,608
DA:395,608
DA:396,608
DA:397,29
DA:398,21
DA:399,10
DA:400,17
DA:401,37
DA:402,19
DA:403,8
DA:404,265
DA:405,172
DA:406,0
DA:407,0
DA:408,0
DA:409,0
DA:410,0
DA:411,30
DA:412,30
DA:413,30
DA:414,39
DA:415,9
DA:416,1
DA:418,30
DA:420,0
DA:421,0
DA:422,0
DA:423,0
DA:426,359
DA:427,359
DA:429,359
DA:430,359
DA:431,359
DA:435,5502
DA:436,5502
DA:439,554
DA:440,1108
DA:441,554
DA:442,554
DA:445,88703
DA:446,88703
DA:448,124375
DA:449,12892
DA:450,12892
DA:451,12892
DA:453,22780
DA:454,22780
DA:455,22780
DA:457,376
DA:458,376
DA:459,376
DA:461,0
DA:462,0
DA:463,0
DA:464,0
DA:465,0
DA:466,0
DA:467,0
DA:468,0
DA:472,0
DA:473,0
DA:476,2856
DA:477,2856
DA:478,2856
DA:479,859
DA:480,859
DA:482,1997
DA:483,0
DA:486,4508
DA:487,4508
DA:488,4508
DA:489,4414
DA:491,233
DA:492,233
DA:493,233
DA:494,148
DA:495,59
DA:497,216
DA:498,216
DA:499,216
DA:500,152
DA:501,93
DA:503,111
DA:504,111
DA:505,111
DA:506,57
DA:508,492
DA:509,492
DA:510,492
DA:511,454
DA:513,2671
DA:514,2671
DA:515,2671
DA:516,419
DA:518,747
DA:519,747
DA:520,554
DA:522,2648
DA:523,2648
DA:524,2648
DA:525,1476
DA:527,29
DA:529,1172
DA:530,0
DA:532,993
DA:534,993
DA:539,72215
DA:540,72215
DA:543,147565
DA:544,147565
DA:545,32464
DA:546,32464
DA:547,32464
DA:548,32464
DA:549,16764
DA:556,39751
DA:557,39751
DA:565,88703
DA:566,88703
DA:567,88703
DA:568,969
DA:569,969
DA:572,87734
DA:573,88373
DA:576,969
DA:578,969
DA:579,969
LF:305
LH:264
end_of_record
TN:
SF:/home/kali/fuzz/hermitcrab/src/lua-5.4.6-cov/src/lmathlib.c
FN:106,114,math_ceil
FN:117,131,math_fmod
FN:139,153,math_modf
FN:156,159,math_sqrt
FN:162,167,math_ult
FN:169,188,math_log
FN:190,193,math_exp
FN:195,198,math_deg
FN:200,203,math_rad
FN:206,217,math_min
FN:220,231,math_max
FN:234,242,math_type
FN:29,38,math_abs
FN:308,319,nextrand
FN:40,43,math_sin
FN:45,48,math_cos
FN:50,53,math_tan
FN:532,554,project
FN:55,58,math_asin
FN:557,589,math_random
FN:592,603,setseed
FN:60,63,math_acos
FN:611,615,randseed
FN:618,629,math_randomseed
FN:642,647,setrandfunc
FN:65,70,math_atan
FN:659,662,math_cosh
FN:664,667,math_sinh
FN:669,672,math_tanh
FN:674,679,math_pow
FN:681,686,math_frexp
FN:688,693,math_ldexp
FN:695,698,math_log10
FN:73,83,math_toint
FN:751,763,luaopen_math
FN:86,92,pushnumint
FN:95,103,math_floor
FNDA:0,math_ceil
FNDA:0,math_fmod
FNDA:0,math_modf
FNDA:0,math_sqrt
FNDA:0,math_ult
FNDA:0,math_log
FNDA:0,math_exp
FNDA:0,math_deg
FNDA:0,math_rad
FNDA:0,math_min
FNDA:0,math_max
FNDA:0,math_type
FNDA:0,math_abs
FNDA:29456,nextrand
FNDA:0,math_sin
FNDA:0,math_cos
FNDA:0,math_tan
FNDA:0,project
FNDA:0,math_asin
FNDA:0,math_random
FNDA:1841,setseed
FNDA:0,math_acos
FNDA:1841,randseed
FNDA:0,math_randomseed
FNDA:1841,setrandfunc
FNDA:0,math_atan
FNDA:0,math_cosh
FNDA:0,math_sinh
FNDA:0,math_tanh
FNDA:0,math_pow
FNDA:0,math_frexp
FNDA:0,math_ldexp
FNDA:0,math_log10
FNDA:0,math_toint
FNDA:1841,luaopen_math
FNDA:0,pushnumint
FNDA:0,math_floor
FNF:37
FNH:5
DA:29,0
DA:30,0
DA:31,0
DA:32,0
DA:33,0
DA:36,0
DA:37,0
DA:40,0
DA:41,0
DA:42,0
DA:45,0
DA:46,0
DA:47,0
DA:50,0
DA:51,0
DA:52,0
DA:55,0
DA:56,0
DA:57,0
DA:60,0
DA:61,0
DA:62,0
DA:65,0
DA:66,0
DA:67,0
DA:68,0
DA:69,0
DA:73,0
DA:75,0
DA:76,0
DA:77,0
DA:79,0
DA:80,0
DA:82,0
DA:86,0
DA:88,0
DA:89,0
DA:91,0
DA:92,0
DA:95,0
DA:96,0
DA:97,0
DA:99,0
DA:100,0
DA:102,0
DA:106,0
DA:107,0
DA:108,0
DA:110,0
DA:111,0
DA:113,0
DA:117,0
DA:118,0
DA:119,0
DA:120,0
DA:121,0
DA:122,0
DA:125,0
DA:128,0
DA:130,0
DA:139,0
DA:140,0
DA:141,0
DA:142,0
DA:145,0
[...]
DA:94,0
DA:95,0
DA:96,0
DA:97,0
DA:99,306
DA:103,0
DA:105,0
DA:106,0
DA:107,0
DA:108,0
DA:109,0
DA:110,0
DA:112,0
DA:113,0
DA:115,0
DA:116,0
DA:119,21
DA:121,21
DA:122,21
DA:123,21
DA:124,21
DA:125,21
DA:126,21
DA:128,21
DA:129,21
DA:131,0
DA:132,0
DA:133,0
DA:134,0
DA:137,186
DA:139,186
DA:140,186
DA:141,176
DA:142,186
DA:143,21
DA:144,0
DA:148,140
DA:150,140
DA:151,119
DA:152,63
DA:154,63
DA:155,1
DA:157,62
DA:160,56
DA:161,56
DA:164,0
DA:167,1
DA:168,1
DA:169,1
DA:171,1
DA:172,0
DA:175,12
DA:177,12
DA:178,7
DA:180,5
DA:181,0
DA:184,2
DA:187,2
DA:188,2
DA:189,0
DA:201,27
DA:203,27
DA:204,0
DA:206,27
DA:208,18
DA:209,18
DA:210,0
DA:211,0
DA:216,27
DA:221,8
DA:224,8
DA:225,2
DA:228,6
DA:229,8
DA:234,8
DA:238,610
DA:241,610
DA:242,610
DA:243,610
DA:244,610
DA:246,610
DA:248,610
DA:249,0
DA:250,0
DA:252,610
DA:253,610
DA:255,610
DA:258,190
DA:260,190
DA:261,190
DA:263,51
DA:264,51
DA:266,190
DA:267,0
DA:268,333
DA:269,143
DA:270,190
LF:120
LH:90
end_of_record
TN:
SF:/home/kali/fuzz/hermitcrab/src/lua-5.4.6-cov/src/lua.c
FN:110,113,l_message
FN:121,128,report
FN:134,146,msghandler
FN:153,164,docall
FN:167,170,print_version
FN:183,192,createargtable
FN:195,198,dochunk
FN:201,203,dofile
FN:206,208,dostring
FN:214,229,dolibrary
FN:235,245,pushargs
FN:248,259,handle_script
FN:277,331,collectargs
FN:339,362,runargs
FN:365,377,handle_luainit
FN:45,51,setsignal
FN:460,468,get_prompt
FN:480,490,incomplete
FN:496,514,pushline
FN:521,533,addreturn
FN:539,552,multiline
FN:561,571,loadline
FN:577,587,l_print
FN:594,608,doREPL
FN:617,659,pmain
FN:63,67,lstop
FN:662,678,main
FN:76,80,laction
FN:83,103,print_usage
FNDA:1590,l_message
FNDA:3682,report
FNDA:359,msghandler
FNDA:610,docall
FNDA:0,print_version
FNDA:1841,createargtable
FNDA:0,dochunk
FNDA:0,dofile
FNDA:0,dostring
FNDA:0,dolibrary
FNDA:610,pushargs
FNDA:1841,handle_script
FNDA:1841,collectargs
FNDA:1841,runargs
FNDA:1841,handle_luainit
FNDA:1220,setsignal
FNDA:0,get_prompt
FNDA:0,incomplete
FNDA:0,pushline
FNDA:0,addreturn
FNDA:0,multiline
FNDA:0,loadline
FNDA:0,l_print
FNDA:0,doREPL
FNDA:1841,pmain
FNDA:0,lstop
FNDA:1841,main
FNDA:0,laction
FNDA:0,print_usage
FNF:29
FNH:13
DA:45,1220
DA:47,1220
DA:48,1220
DA:49,1220
DA:50,1220
DA:51,1220
DA:63,0
DA:65,0
DA:66,0
DA:67,0
DA:76,0
DA:78,0
DA:79,0
DA:80,0
DA:83,0
DA:84,0
DA:85,0
DA:86,0
DA:88,0
DA:89,0
DA:103,0
DA:110,1590
DA:111,1590
DA:112,1590
DA:113,1590
DA:121,3682
DA:122,3682
DA:123,1590
DA:124,1590
DA:125,1590
DA:127,3682
DA:134,359
DA:135,359
DA:136,359
DA:137,0
DA:138,0
DA:141,0
DA:144,359
DA:145,359
DA:153,610
DA:155,610
DA:156,610
DA:157,610
DA:158,610
DA:159,610
DA:160,610
DA:161,610
DA:162,610
DA:163,610
DA:167,0
DA:168,0
DA:169,0
DA:170,0
DA:183,1841
DA:185,1841
DA:186,1841
DA:187,5523
DA:188,3682
DA:189,3682
DA:191,1841
DA:192,1841
DA:195,0
DA:196,0
DA:197,0
DA:201,0
DA:202,0
DA:206,0
DA:207,0
DA:214,0
DA:216,0
DA:217,0
DA:220,0
DA:221,0
DA:223,0
DA:224,0
DA:225,0
DA:226,0
DA:227,0
DA:228,0
DA:235,610
DA:237,610
DA:238,0
DA:239,610
DA:240,610
DA:241,610
DA:242,0
DA:243,610
DA:244,610
DA:248,1841
DA:250,1841
DA:251,1841
DA:253,1841
DA:254,1841
DA:255,610
DA:256,610
DA:258,1841
DA:277,1841
DA:280,1841
DA:281,1841
DA:282,1841
DA:285,0
DA:286,0
DA:288,1841
DA:289,1841
DA:290,1841
DA:291,1841
DA:292,0
DA:293,0
DA:294,0
DA:296,0
DA:297,0
DA:300,0
DA:301,0
DA:303,0
DA:304,0
DA:305,0
DA:306,0
DA:309,0
DA:310,0
DA:311,0
DA:312,0
DA:314,0
DA:315,0
DA:316,0
DA:317,0
DA:318,0
DA:319,0
DA:320,0
DA:321,0
DA:329,0
DA:330,0
DA:339,1841
DA:341,1841
DA:342,0
DA:344,0
DA:345,0
DA:347,0
DA:348,0
DA:351,0
DA:352,0
DA:353,0
DA:356,0
DA:357,0
DA:358,0
DA:365,1841
DA:367,1841
DA:368,1841
DA:370,1841
DA:372,1841
DA:373,0
DA:374,0
DA:376,0
DA:460,0
DA:461,0
DA:462,0
DA:464,0
DA:465,0
DA:466,0
DA:480,0
DA:481,0
DA:483,0
DA:484,0
DA:485,0
DA:486,0
DA:496,0
DA:500,0
DA:501,0
DA:502,0
DA:504,0
DA:505,0
DA:506,0
DA:507,0
DA:508,0
DA:509,0
DA:511,0
DA:521,0
DA:522,0
DA:523,0
DA:524,0
DA:525,0
DA:526,0
DA:531,0
DA:532,0
DA:539,0
DA:540,0
DA:542,0
DA:543,0
DA:544,0
DA:546,0
DA:548,0
DA:549,0
DA:550,0
DA:561,0
DA:563,0
DA:564,0
DA:566,0
DA:567,0
DA:568,0
DA:570,0
DA:577,0
DA:578,0
DA:579,0
DA:580,0
DA:581,0
DA:582,0
DA:583,0
DA:584,0
DA:587,0
DA:594,0
DA:596,0
DA:597,0
DA:599,0
DA:600,0
DA:601,0
DA:602,0
DA:603,0
DA:605,0
DA:606,0
DA:607,0
DA:608,0
DA:617,1841
DA:618,1841
DA:619,1841
DA:621,1841
DA:622,1841
DA:623,1841
DA:624,1841
DA:625,0
DA:626,0
DA:628,1841
DA:629,0
DA:630,1841
DA:631,0
DA:632,0
DA:634,1841
DA:635,1841
DA:636,1841
DA:637,1841
DA:638,1841
DA:639,1841
DA:642,1841
DA:644,1841
DA:645,1841
DA:648,251
DA:649,0
DA:650,251
DA:651,0
DA:652,0
DA:653,0
DA:655,0
DA:657,251
DA:658,251
DA:662,1841
DA:664,1841
DA:665,1841
DA:666,0
DA:667,0
DA:669,1841
DA:670,1841
DA:671,1841
DA:672,1841
DA:673,1841
DA:674,1841
DA:675,1841
DA:676,1841
DA:677,1841
LF:266
LH:103
end_of_record
TN:
SF:/home/kali/fuzz/hermitcrab/src/lua-5.4.6-cov/src/lundump.c
FN:110,130,loadStringN
FN:136,141,loadString
FN:144,149,loadCode
FN:155,188,loadConstants
FN:191,203,loadProtos
FN:212,224,loadUpvalues
FN:227,255,loadDebug
FN:258,272,loadFunction
FN:275,281,checkliteral
FN:284,287,fchecksize
FN:292,307,checkHeader
FN:313,334,luaU_undump
FN:40,43,error
FN:52,55,loadBlock
FN:61,66,loadByte
FN:69,80,loadUnsigned
FNDA:0,loadStringN
FNDA:0,loadString
FNDA:0,loadCode
FNDA:0,loadConstants
FNDA:0,loadProtos
FNDA:0,loadUpvalues
FNDA:0,loadDebug
FNDA:0,loadFunction
FNDA:0,checkliteral
FNDA:0,fchecksize
FNDA:0,checkHeader
FNDA:0,luaU_undump
FNDA:0,error
FNDA:0,loadBlock
FNDA:0,loadByte
FNDA:0,loadUnsigned
FNF:16
FNH:0
DA:40,0
DA:41,0
DA:42,0
DA:52,0
DA:53,0
DA:54,0
DA:55,0
DA:61,0
DA:62,0
DA:63,0
DA:64,0
DA:65,0
DA:69,0
DA:72,0
DA:74,0
DA:75,0
DA:76,0
DA:77,0
DA:78,0
DA:79,0
DA:84,0
DA:89,0
DA:95,0
DA:96,0
DA:102,0
DA:103,0
DA:110,0
DA:111,0
DA:114,0
DA:116,0
DA:118,0
DA:119,0
DA:122,0
DA:123,0
DA:124,0
DA:125,0
DA:126,0
DA:128,0
DA:136,0
DA:137,0
DA:138,0
DA:139,0
DA:140,0
DA:144,0
DA:146,0
DA:147,0
DA:148,0
DA:149,0
DA:155,0
DA:158,0
DA:159,0
DA:160,0
DA:161,0
DA:162,0
DA:163,0
DA:164,0
DA:165,0
DA:166,0
DA:167,0
DA:168,0
DA:169,0
DA:170,0
DA:171,0
DA:172,0
DA:173,0
DA:174,0
DA:175,0
DA:176,0
DA:177,0
DA:178,0
DA:179,0
DA:180,0
DA:181,0
DA:183,0
DA:184,0
DA:185,0
DA:188,0
DA:191,0
DA:194,0
DA:195,0
DA:196,0
DA:197,0
DA:198,0
DA:199,0
DA:200,0
DA:201,0
DA:203,0
DA:212,0
DA:215,0
DA:216,0
DA:217,0
DA:218,0
DA:219,0
DA:220,0
DA:221,0
DA:222,0
DA:224,0
DA:227,0
DA:230,0
DA:231,0
DA:232,0
DA:234,0
DA:235,0
DA:236,0
DA:237,0
DA:238,0
DA:241,0
DA:242,0
DA:243,0
DA:244,0
DA:245,0
DA:246,0
DA:247,0
DA:248,0
DA:251,0
DA:252,0
DA:253,0
DA:254,0
DA:255,0
DA:258,0
DA:259,0
DA:260,0
DA:261,0
DA:262,0
DA:263,0
DA:264,0
DA:265,0
DA:266,0
DA:267,0
DA:268,0
DA:269,0
DA:270,0
DA:271,0
DA:272,0
DA:275,0
DA:277,0
DA:278,0
DA:279,0
DA:280,0
DA:281,0
DA:284,0
DA:285,0
DA:286,0
DA:287,0
DA:292,0
DA:294,0
DA:295,0
DA:296,0
DA:297,0
DA:298,0
DA:299,0
DA:300,0
DA:301,0
DA:302,0
DA:303,0
DA:304,0
DA:305,0
DA:306,0
DA:307,0
DA:313,0
DA:316,0
DA:317,0
DA:318,0
DA:319,0
DA:321,0
DA:322,0
DA:323,0
DA:324,0
DA:325,0
DA:326,0
DA:327,0
DA:328,0
DA:329,0
DA:330,0
DA:333,0
LF:175
LH:0
end_of_record
TN:
SF:/home/kali/fuzz/hermitcrab/src/lua-5.4.6-cov/src/lutf8lib.c
FN:126,152,codepoint
FN:155,159,pushutfchar
FN:165,180,utfchar
FN:187,225,byteoffset
FN:228,246,iter_aux
FN:249,251,iter_auxstrict
FN:253,255,iter_auxlax
FN:258,266,iter_codes
FN:285,290,luaopen_utf8
FN:61,88,utf8_decode
FN:96,119,utflen
FNDA:0,codepoint
FNDA:0,pushutfchar
FNDA:0,utfchar
FNDA:0,byteoffset
FNDA:0,iter_aux
FNDA:0,iter_auxstrict
FNDA:0,iter_auxlax
FNDA:0,iter_codes
FNDA:1841,luaopen_utf8
FNDA:0,utf8_decode
FNDA:0,utflen
FNF:11
FNH:1
DA:48,0
DA:49,0
DA:50,0
DA:61,0
DA:64,0
DA:66,0
DA:70,0
DA:71,0
DA:72,0
DA:74,0
DA:76,0
DA:77,0
DA:79,0
DA:81,0
DA:83,0
DA:86,0
DA:87,0
DA:96,0
DA:99,0
DA:100,0
DA:101,0
DA:102,0
DA:103,0
DA:105,0
DA:107,0
DA:108,0
DA:109,0
DA:110,0
DA:111,0
DA:112,0
DA:114,0
DA:115,0
DA:117,0
DA:118,0
DA:126,0
DA:128,0
DA:129,0
DA:130,0
DA:131,0
DA:134,0
DA:135,0
DA:136,0
DA:137,0
DA:138,0
DA:139,0
DA:140,0
DA:142,0
DA:143,0
DA:145,0
DA:146,0
DA:147,0
DA:148,0
DA:149,0
DA:155,0
DA:156,0
DA:157,0
DA:158,0
DA:159,0
DA:165,0
DA:166,0
DA:167,0
DA:168,0
DA:172,0
DA:173,0
DA:174,0
DA:175,0
DA:177,0
DA:179,0
DA:187,0
DA:189,0
DA:190,0
DA:191,0
DA:192,0
DA:193,0
DA:195,0
DA:197,0
DA:200,0
DA:201,0
DA:202,0
DA:203,0
DA:205,0
DA:206,0
DA:207,0
DA:211,0
DA:212,0
DA:214,0
DA:215,0
DA:216,0
DA:220,0
DA:221,0
DA:223,0
DA:228,0
DA:230,0
DA:231,0
DA:232,0
DA:233,0
DA:235,0
DA:239,0
DA:240,0
DA:241,0
DA:242,0
DA:243,0
DA:244,0
DA:249,0
DA:250,0
DA:253,0
DA:254,0
DA:258,0
DA:259,0
DA:260,0
DA:261,0
DA:262,0
DA:263,0
DA:264,0
DA:265,0
DA:285,1841
DA:286,1841
DA:287,1841
DA:288,1841
DA:289,1841
LF:120
LH:5
end_of_record
TN:
SF:/home/kali/fuzz/hermitcrab/src/lua-5.4.6-cov/src/lvm.c
FN:103,115,luaV_tonumber_
FN:1146,1899,luaV_execute
FN:121,129,luaV_flttointeger
FN:137,146,luaV_tointegerns
FN:152,157,luaV_tointeger
FN:176,194,forlimit
FN:206,258,forprep
FN:266,279,floatforloop
FN:287,320,luaV_finishget
FN:330,365,luaV_finishset
FN:375,395,l_strcmp
FN:409,419,LTintfloat
FN:426,436,LEintfloat
FN:443,453,LTfloatint
FN:460,470,LEfloatint
FN:476,492,LTnum
FN:498,514,LEnum
FN:520,526,lessthanothers
FN:532,536,luaV_lessthan
FN:542,548,lessequalothers
FN:554,558,luaV_lessequal
FN:565,614,luaV_equalobj
FN:624,631,copy2buff
FN:638,679,luaV_concat
FN:685,711,luaV_objlen
FN:720,732,luaV_idiv
FN:740,752,luaV_mod
FN:758,762,luaV_modf
FN:772,781,luaV_shiftl
FN:788,803,pushclosure
FN:809,872,luaV_finishOp
FN:90,96,l_strton
FNDA:16,luaV_tonumber_
FNDA:4535,luaV_execute
FNDA:2279,luaV_flttointeger
FNDA:94,luaV_tointegerns
FNDA:0,luaV_tointeger
FNDA:0,forlimit
FNDA:14,forprep
FNDA:0,floatforloop
FNDA:26060,luaV_finishget
FNDA:362888,luaV_finishset
FNDA:0,l_strcmp
FNDA:0,LTintfloat
FNDA:0,LEintfloat
FNDA:0,LTfloatint
FNDA:0,LEfloatint
FNDA:0,LTnum
FNDA:0,LEnum
FNDA:6,lessthanothers
FNDA:0,luaV_lessthan
FNDA:13,lessequalothers
FNDA:0,luaV_lessequal
FNDA:145772,luaV_equalobj
FNDA:94,copy2buff
FNDA:99,luaV_concat
FNDA:2498,luaV_objlen
FNDA:0,luaV_idiv
FNDA:0,luaV_mod
FNDA:0,luaV_modf
FNDA:0,luaV_shiftl
FNDA:164,pushclosure
FNDA:0,luaV_finishOp
FNDA:14,l_strton
FNF:32
FNH:15
DA:90,14
DA:92,14
DA:95,2
DA:103,16
DA:105,16
DA:106,2
DA:107,2
DA:109,14
DA:110,0
DA:111,0
DA:121,2279
DA:122,2279
DA:123,2279
DA:124,904
DA:125,0
DA:126,0
DA:128,1375
DA:137,94
DA:138,94
DA:139,16
DA:140,78
DA:141,27
DA:142,27
DA:152,0
DA:154,0
DA:156,0
DA:176,0
DA:178,0
DA:181,0
DA:182,0
DA:184,0
DA:185,0
DA:186,0
DA:189,0
DA:190,0
DA:193,0
DA:206,14
DA:207,14
DA:208,14
DA:209,14
DA:210,14
DA:211,0
DA:212,0
DA:214,0
DA:215,0
DA:216,0
DA:217,0
DA:218,0
DA:221,0
DA:222,0
DA:223,0
DA:224,0
DA:227,0
DA:229,0
DA:233,0
DA:238,14
DA:239,9
DA:240,5
DA:241,5
DA:242,0
DA:243,0
DA:244,0
DA:245,0
DA:246,0
DA:248,0
DA:251,0
DA:252,0
DA:253,0
DA:254,0
DA:266,0
DA:267,0
DA:268,0
DA:269,0
DA:270,0
DA:271,0
DA:273,0
DA:274,0
DA:275,0
DA:287,26060
DA:291,26060
DA:292,26060
DA:294,45
DA:295,45
DA:296,45
DA:301,26015
DA:302,0
DA:303,26015
DA:304,26015
DA:308,0
DA:309,0
DA:310,0
DA:313,0
DA:314,0
DA:315,0
DA:319,0
DA:330,362888
DA:333,362888
DA:335,362888
DA:336,362883
DA:338,362883
DA:339,0
DA:340,362883
DA:341,362861
DA:342,362861
DA:343,362861
DA:348,5
DA:349,5
DA:350,5
DA:353,0
DA:354,0
DA:355,0
DA:358,0
DA:359,0
DA:360,0
DA:364,0
DA:375,0
DA:376,0
DA:377,0
DA:378,0
DA:379,0
DA:380,0
DA:381,0
DA:382,0
DA:383,0
DA:385,0
DA:386,0
DA:387,0
DA:388,0
DA:391,0
DA:392,0
DA:409,0
DA:410,0
DA:411,0
DA:414,0
DA:415,0
DA:417,0
DA:426,0
DA:427,0
DA:428,0
DA:431,0
DA:432,0
DA:434,0
DA:443,0
DA:444,0
DA:445,0
DA:448,0
DA:449,0
DA:451,0
DA:460,0
DA:461,0
DA:462,0
DA:465,0
DA:466,0
DA:468,0
DA:476,0
DA:478,0
DA:479,0
DA:480,0
DA:481,0
DA:483,0
DA:486,0
DA:487,0
DA:488,0
DA:490,0
DA:498,0
DA:500,0
DA:501,0
DA:502,0
DA:503,0
DA:505,0
DA:508,0
DA:509,0
DA:510,0
DA:512,0
DA:520,6
DA:522,6
DA:523,0
DA:525,6
DA:532,0
DA:533,0
DA:534,0
DA:535,0
DA:542,13
DA:544,13
DA:545,0
DA:547,13
DA:554,0
DA:555,0
DA:556,0
DA:557,0
DA:565,145772
DA:567,145772
DA:568,76352
DA:575,0
DA:576,0
DA:577,0
DA:581,69420
DA:583,1
DA:584,2
DA:585,0
DA:586,52034
DA:587,767
DA:588,0
DA:589,0
DA:590,0
DA:591,0
DA:592,0
DA:593,0
DA:594,0
DA:597,16569
DA:598,16569
DA:599,0
DA:600,0
DA:601,0
DA:602,0
DA:605,1
DA:606,1
DA:608,0
DA:609,0
DA:611,0
DA:612,0
DA:624,94
DA:627,224
DA:628,224
DA:629,224
DA:630,224
DA:631,94
DA:638,99
DA:639,99
DA:642,99
DA:644,99
DA:645,98
DA:646,1
DA:647,98
DA:648,4
DA:649,94
DA:650,0
DA:654,94
DA:657,224
DA:658,130
DA:659,130
DA:660,0
DA:661,0
DA:663,130
DA:665,94
DA:667,36
DA:668,36
DA:671,58
DA:672,58
DA:674,94
DA:676,98
DA:677,98
DA:678,98
DA:685,2498
DA:687,2498
DA:688,2467
DA:689,2467
DA:690,2467
DA:691,1841
DA:692,2467
DA:693,2467
DA:695,10
DA:696,10
DA:697,10
DA:699,0
DA:700,0
DA:701,0
DA:703,21
DA:704,21
DA:705,21
DA:706,21
DA:710,0
DA:720,0
DA:721,0
DA:722,0
DA:723,0
DA:724,0
DA:727,0
DA:728,0
DA:729,0
DA:730,0
DA:740,0
DA:741,0
DA:742,0
DA:743,0
DA:747,0
DA:748,0
DA:749,0
DA:750,0
DA:758,0
DA:760,0
DA:761,0
DA:772,0
DA:773,0
DA:774,0
DA:775,0
DA:778,0
DA:779,0
DA:788,164
DA:790,164
DA:791,164
DA:793,164
DA:794,164
DA:795,164
DA:796,231
DA:797,67
DA:798,6
DA:800,61
DA:801,67
DA:803,164
DA:809,0
DA:810,0
DA:811,0
DA:812,0
DA:813,0
DA:814,0
DA:815,0
DA:816,0
DA:817,0
DA:819,0
DA:822,0
DA:823,0
DA:825,0
DA:829,0
DA:830,0
DA:832,0
DA:833,0
DA:834,0
DA:838,0
DA:839,0
DA:842,0
DA:843,0
DA:844,0
DA:845,0
DA:846,0
DA:847,0
DA:848,0
DA:849,0
DA:851,0
DA:852,0
DA:853,0
DA:855,0
DA:856,0
DA:859,0
DA:861,0
DA:862,0
DA:872,0
DA:1146,610
DA:1156,610
DA:1157,610
DA:1158,610
DA:1159,610
DA:1160,610
DA:1161,610
DA:1162,0
DA:1163,0
DA:1166,0
DA:1168,0
DA:1170,610
DA:1174,610
DA:1183,610
DA:1184,4
DA:1185,4
DA:1186,4
DA:1187,4
DA:1189,18
DA:1190,18
DA:1191,18
DA:1192,18
DA:1193,18
DA:1195,12
DA:1196,12
DA:1197,12
DA:1198,12
DA:1199,12
DA:1201,146
DA:1202,146
DA:1203,146
DA:1204,146
DA:1205,146
DA:1207,0
DA:1208,0
DA:1210,0
DA:1211,0
DA:1212,0
DA:1214,189
DA:1215,189
DA:1216,189
DA:1217,189
DA:1219,9
DA:1220,9
DA:1221,9
DA:1222,9
DA:1223,9
DA:1225,171
DA:1226,171
DA:1227,171
DA:1228,171
DA:1230,177
DA:1231,177
DA:1232,177
DA:1234,258
DA:1235,258
DA:1236,177
DA:1238,0
DA:1239,0
DA:1240,0
DA:1241,0
DA:1242,0
DA:1244,0
DA:1245,0
DA:1246,0
DA:1247,0
DA:1248,0
DA:1249,0
DA:1251,445
DA:1252,445
DA:1254,445
DA:1255,445
DA:1256,445
DA:1257,445
DA:1258,258
DA:1261,187
DA:1262,445
DA:1264,61
DA:1265,61
DA:1267,61
DA:1268,61
DA:1270,106
DA:1271,6
DA:1272,55
DA:1273,0
DA:1276,61
DA:1277,45
DA:1279,4
DA:1280,4
DA:1282,4
DA:1283,4
DA:1284,4
DA:1285,0
DA:1289,4
DA:1290,4
DA:1292,3
DA:1294,92
DA:1295,92
DA:1297,92
DA:1298,92
DA:1299,92
DA:1300,92
DA:1301,77
DA:1304,15
DA:1305,78
DA:1307,106
DA:1309,106
DA:1310,106
DA:1311,106
DA:1312,106
DA:1313,106
DA:1314,57
DA:1317,49
DA:1318,106
DA:1320,81
DA:1321,81
DA:1323,81
DA:1324,81
DA:1326,162
DA:1327,1
DA:1328,80
DA:1329,0
DA:1332,81
DA:1333,59
DA:1335,20
DA:1336,20
DA:1338,20
DA:1339,20
DA:1340,20
DA:1341,0
DA:1345,20
DA:1346,20
DA:1348,20
DA:1350,61
DA:1351,61
DA:1353,61
DA:1354,61
DA:1355,61
DA:1356,61
DA:1357,0
DA:1360,61
DA:1361,56
DA:1363,349
DA:1364,349
DA:1365,349
DA:1366,349
DA:1368,349
DA:1369,206
DA:1371,349
DA:1372,0
DA:1373,349
DA:1374,349
DA:1375,349
DA:1376,349
DA:1377,349
DA:1378,328
DA:1379,349
DA:1380,349
DA:1382,19
DA:1383,19
DA:1385,19
DA:1386,19
DA:1387,19
DA:1388,19
DA:1389,19
DA:1390,0
DA:1393,19
DA:1394,5
DA:1396,1
DA:1397,1
DA:1398,1
DA:1400,0
DA:1401,0
DA:1402,0
DA:1404,0
DA:1405,0
DA:1406,0
DA:1408,0
DA:1409,0
DA:1410,0
DA:1412,3
DA:1413,3
DA:1414,3
DA:1415,3
DA:1417,0
DA:1418,0
DA:1419,0
DA:1421,0
DA:1422,0
DA:1423,0
DA:1425,0
DA:1426,0
DA:1427,0
DA:1428,0
DA:1430,1
DA:1431,1
DA:1432,1
DA:1434,1
DA:1435,1
DA:1436,1
DA:1438,5
DA:1439,5
DA:1440,5
DA:1442,1
DA:1443,1
DA:1444,1
DA:1445,1
DA:1447,1
DA:1448,0
DA:1450,1
DA:1452,0
DA:1453,0
DA:1454,0
DA:1455,0
DA:1457,0
DA:1458,0
DA:1460,0
DA:1462,10
DA:1463,10
DA:1464,10
DA:1466,10
DA:1467,10
DA:1468,10
DA:1470,6
DA:1471,6
DA:1472,6
DA:1474,4
DA:1475,4
DA:1476,4
DA:1477,4
DA:1479,3
DA:1480,3
DA:1481,3
DA:1483,12
DA:1484,12
DA:1485,12
DA:1487,10
DA:1488,10
DA:1489,10
DA:1490,10
DA:1492,11
DA:1493,11
DA:1494,11
DA:1496,16
DA:1497,16
DA:1498,16
DA:1500,4
DA:1501,4
DA:1502,4
DA:1504,5
DA:1505,5
DA:1506,5
DA:1508,2
DA:1509,2
DA:1510,2
DA:1512,93
DA:1513,93
DA:1514,93
DA:1515,93
DA:1516,93
DA:1517,93
DA:1519,93
DA:1520,0
DA:1522,2
DA:1523,2
DA:1524,2
DA:1525,2
DA:1526,2
DA:1527,2
DA:1528,2
DA:1529,2
DA:1530,0
DA:1532,10
DA:1533,10
DA:1534,10
DA:1535,10
DA:1536,10
DA:1537,10
DA:1538,10
DA:1539,10
DA:1540,0
DA:1542,26
DA:1543,26
DA:1544,26
DA:1546,26
DA:1547,1
DA:1548,1
DA:1550,25
DA:1551,7
DA:1554,18
DA:1555,8
DA:1557,20
DA:1558,20
DA:1559,20
DA:1561,20
DA:1562,3
DA:1565,17
DA:1566,3
DA:1568,8
DA:1569,8
DA:1570,8
DA:1571,8
DA:1572,3
DA:1574,5
DA:1575,8
DA:1577,47
DA:1578,47
DA:1579,47
DA:1580,26
DA:1582,1
DA:1583,1
DA:1584,1
DA:1585,1
DA:1586,1
DA:1587,0
DA:1588,0
DA:1590,0
DA:1591,0
DA:1592,0
DA:1593,0
DA:1595,0
DA:1596,0
DA:1598,0
DA:1599,0
DA:1601,16
DA:1602,16
DA:1603,16
DA:1605,5
DA:1606,5
DA:1608,5
DA:1609,5
DA:1610,5
DA:1611,5
DA:1613,6
DA:1614,6
DA:1615,0
DA:1617,13
DA:1618,13
DA:1619,0
DA:1621,13
DA:1622,13
DA:1623,13
DA:1625,13
DA:1626,13
DA:1627,13
DA:1629,2
DA:1630,2
DA:1632,2
DA:1633,2
DA:1634,0
DA:1635,2
DA:1636,0
DA:1639,2
DA:1640,2
DA:1642,2
DA:1643,2
DA:1644,0
DA:1646,2
DA:1647,2
DA:1648,0
DA:1650,1
DA:1651,1
DA:1652,0
DA:1654,3
DA:1655,3
DA:1656,0
DA:1658,82
DA:1659,82
DA:1660,82
DA:1661,82
DA:1662,82
DA:1664,0
DA:1665,0
DA:1666,0
DA:1667,0
DA:1668,0
DA:1670,0
DA:1671,0
DA:1673,0
DA:1675,126
DA:1676,126
DA:1678,126
DA:1679,126
DA:1680,126
DA:1681,121
DA:1683,126
DA:1684,126
DA:1685,51
DA:1688,0
DA:1690,51
DA:1692,10
DA:1693,10
DA:1694,10
DA:1696,10
DA:1698,10
DA:1699,10
DA:1700,10
DA:1702,0
DA:1703,10
DA:1704,10
DA:1705,0
DA:1709,10
DA:1710,0
DA:1712,1
DA:1713,1
DA:1714,1
DA:1715,1
DA:1718,250
DA:1719,250
DA:1720,250
DA:1721,250
DA:1722,250
DA:1723,9
DA:1724,250
DA:1725,250
DA:1726,6
DA:1727,6
DA:1728,1
DA:1729,6
DA:1730,6
DA:1731,6
DA:1733,250
DA:1734,250
DA:1735,250
DA:1736,250
DA:1737,250
DA:1738,250
DA:1740,0
DA:1741,0
DA:1742,0
DA:1743,0
DA:1744,0
DA:1745,0
DA:1750,0
DA:1751,0
DA:1752,0
DA:1753,0
DA:1755,0
DA:1757,0
DA:1758,0
DA:1759,0
DA:1760,0
DA:1761,0
DA:1762,0
DA:1766,0
DA:1767,0
DA:1768,0
DA:1769,0
DA:1771,0
DA:1772,0
DA:1773,0
DA:1774,0
DA:1775,0
DA:1778,0
DA:1779,251
DA:1780,251
DA:1782,0
DA:1783,0
DA:1786,0
DA:1787,0
DA:1788,0
DA:1789,0
DA:1790,0
DA:1791,0
DA:1792,0
DA:1793,0
DA:1794,0
DA:1795,0
DA:1796,0
DA:1797,0
DA:1800,0
DA:1801,0
DA:1802,0
DA:1803,0
DA:1805,14
DA:1806,14
DA:1807,14
DA:1808,14
DA:1809,0
DA:1810,0
DA:1812,0
DA:1813,0
DA:1815,0
DA:1816,0
DA:1817,0
DA:1819,0
DA:1821,0
DA:1822,0
DA:1823,0
DA:1830,0
DA:1831,0
DA:1832,0
DA:1833,0
DA:1834,0
DA:1836,0
DA:1838,0
DA:1839,0
DA:1840,0
DA:1841,0
DA:1842,0
DA:1843,0
DA:1845,0
DA:1847,140
DA:1848,140
DA:1849,140
DA:1850,140
DA:1851,140
DA:1852,140
DA:1853,38
DA:1855,102
DA:1856,140
DA:1857,140
DA:1858,0
DA:1859,0
DA:1861,140
DA:1862,0
DA:1863,297
DA:1864,157
DA:1865,157
DA:1867,157
DA:1869,140
DA:1871,164
DA:1872,164
DA:1873,164
DA:1874,164
DA:1875,164
DA:1876,164
DA:1878,190
DA:1879,190
DA:1880,190
DA:1881,190
DA:1882,190
DA:1884,610
DA:1885,610
DA:1886,610
DA:1887,0
DA:1888,0
DA:1890,610
DA:1891,610
DA:1893,0
DA:1895,0
LF:888
LH:501
end_of_record
TN:
SF:/home/kali/fuzz/hermitcrab/src/lua-5.4.6-cov/src/lzio.c
FN:23,35,luaZ_fill
FN:38,44,luaZ_init
FN:48,67,luaZ_read
FNDA:4311,luaZ_fill
FNDA:1841,luaZ_init
FNDA:0,luaZ_read
FNF:3
FNH:2
DA:23,4311
DA:25,4311
DA:28,4311
DA:30,4311
DA:32,3674
DA:34,3674
DA:38,1841
DA:39,1841
DA:40,1841
DA:41,1841
DA:42,1841
DA:43,1841
DA:44,1841
DA:48,0
DA:49,0
DA:51,0
DA:52,0
DA:53,0
DA:55,0
DA:56,0
DA:59,0
DA:60,0
DA:61,0
DA:62,0
DA:63,0
DA:64,0
LF:26
LH:13
end_of_record
TN:
SF:/usr/include/ctype.h
FNF:0
FNH:0
DA:209,0
LF:1
LH:0
end_of_record
TN:
SF:/usr/include/x86_64-linux-gnu/bits/stdio.h
FNF:0
FNH:0
DA:68,0
LF:1
LH:0
end_of_record
