TN:
SF:/home/kali/fuzz/hermitcrab/src/lua-5.4.6-cov/src/ltable.c
FN:108,hashint
FNDA:2685,hashint
FN:131,l_hashfloat
FNDA:615,l_hashfloat
FN:151,mainpositionTV
FNDA:249484,mainpositionTV
FN:189,mainpositionfromnode
FNDA:52463,mainpositionfromnode
FN:216,equalkey
FNDA:44674,equalkey
FN:250,luaH_realasize
FNDA:84652,luaH_realasize
FN:283,setlimittosize
FNDA:10759,setlimittosize
FN:299,getgeneric
FNDA:34406,getgeneric
FN:331,findindex
FNDA:35975,findindex
FN:349,luaH_next
FNDA:35975,luaH_next
FN:371,freehash
FNDA:28416,freehash
FN:391,computesizes
FNDA:10759,computesizes
FN:413,countint
FNDA:44,countint
FN:429,numusearray
FNDA:10759,numusearray
FN:456,numusehash
FNDA:10759,numusehash
FN:480,setnodevector
FNDA:18404,setnodevector
FN:508,reinsert
FNDA:18404,reinsert
FN:553,luaH_resize
FNDA:18404,luaH_resize
FN:590,luaH_resizearray
FNDA:0,luaH_resizearray
FN:598,rehash
FNDA:10759,rehash
FN:626,luaH_new
FNDA:10012,luaH_new
FN:638,luaH_free
FNDA:10012,luaH_free
FN:645,getfreepos
FNDA:63222,getfreepos
FN:665,luaH_newkey
FNDA:162627,luaH_newkey
FN:730,luaH_getint
FNDA:4013,luaH_getint
FN:758,luaH_getshortstr
FNDA:195940,luaH_getshortstr
FN:774,luaH_getstr
FNDA:127010,luaH_getstr
FN:788,luaH_get
FNDA:64716,luaH_get
FN:811,luaH_finishset
FNDA:163900,luaH_finishset
FN:824,luaH_set
FNDA:62146,luaH_set
FN:830,luaH_setint
FNDA:2838,luaH_setint
FN:855,hash_search
FNDA:0,hash_search
FN:880,binsearch
FNDA:0,binsearch
FN:923,luaH_getn
FNDA:626,luaH_getn
DA:108,2685
DA:109,2685
DA:110,2685
DA:111,1194
DA:113,1491
DA:131,615
DA:132,615
DA:133,615
DA:134,615
DA:135,615
DA:140,262
DA:141,262
DA:151,249484
DA:152,249484
DA:153,1511
DA:154,1511
DA:155,1511
DA:157,615
DA:158,615
DA:159,615
DA:161,246592
DA:162,246592
DA:163,246592
DA:165,479
DA:166,479
DA:167,479
DA:169,83
DA:170,83
DA:171,125
DA:172,125
DA:173,0
DA:174,0
DA:175,0
DA:177,0
DA:178,0
DA:179,0
DA:181,79
DA:182,79
DA:183,79
DA:189,52463
DA:190,52463
DA:191,52463
DA:192,52463
DA:216,44674
DA:217,44674
DA:218,0
DA:220,44009
DA:223,0
DA:224,0
DA:225,9
DA:226,9
DA:227,0
DA:228,0
DA:229,0
DA:230,0
DA:231,57
DA:232,57
DA:233,43938
DA:234,43938
DA:250,84652
DA:251,84652
DA:252,84652
DA:254,0
DA:256,0
DA:257,0
DA:258,0
DA:259,0
DA:261,0
DA:266,0
DA:267,0
DA:268,0
DA:278,0
DA:279,0
DA:283,29163
DA:284,29163
DA:285,29163
DA:286,29163
DA:299,34406
DA:300,34406
DA:301,54942
DA:302,44674
DA:303,33829
DA:305,10845
DA:306,10845
DA:308,10268
DA:318,44
DA:319,44
DA:320,0
DA:331,35975
DA:333,35975
DA:334,35975
DA:335,33760
DA:336,33760
DA:339,33760
DA:340,33760
DA:341,0
DA:342,33760
DA:344,33760
DA:349,35975
DA:350,35975
DA:351,35975
DA:352,71950
DA:353,0
DA:354,0
DA:355,0
DA:356,0
DA:359,56596
DA:360,54407
DA:361,33786
DA:362,33786
DA:363,33786
DA:364,33786
DA:371,28416
DA:372,28416
DA:373,17434
DA:374,28416
DA:391,10759
DA:392,10759
DA:393,10759
DA:394,10759
DA:395,10759
DA:396,10759
DA:398,10759
DA:399,14571
DA:400,3812
DA:401,3812
DA:402,3812
DA:403,3785
DA:404,3785
DA:407,10759
DA:408,10759
DA:409,10759
DA:413,44
DA:414,44
DA:415,28
DA:416,28
DA:417,28
DA:429,10759
DA:430,10759
DA:431,10759
DA:432,10759
DA:433,10759
DA:434,10759
DA:436,14543
DA:437,14543
DA:438,14543
DA:439,14543
DA:440,10759
DA:441,10759
DA:445,7568
DA:446,3784
DA:447,3784
DA:449,3784
DA:450,3784
DA:452,10759
DA:456,10759
DA:457,10759
DA:458,10759
DA:459,10759
DA:460,64033
DA:461,53274
DA:462,53274
DA:463,51387
DA:464,33
DA:465,51387
DA:468,10759
DA:469,10759
DA:480,28416
DA:481,18404
DA:482,10982
DA:483,10982
DA:484,970
DA:487,17434
DA:488,17434
DA:489,17434
DA:490,0
DA:491,17434
DA:492,17434
DA:493,226690
DA:494,209256
DA:495,209256
DA:496,209256
DA:497,209256
DA:499,17434
DA:500,17434
DA:502,18404
DA:508,18404
DA:509,18404
DA:510,18404
DA:511,79323
DA:512,60919
DA:513,60919
DA:516,51387
DA:517,51387
DA:518,51387
DA:521,18404
DA:527,18404
DA:528,18404
DA:529,18404
DA:530,18404
DA:531,18404
DA:532,18404
DA:533,18404
DA:534,18404
DA:535,18404
DA:536,18404
DA:537,0
DA:553,18404
DA:555,18404
DA:556,18404
DA:557,18404
DA:558,18404
DA:560,18404
DA:561,18404
DA:562,0
DA:563,0
DA:565,0
DA:566,0
DA:567,0
DA:569,0
DA:570,0
DA:573,18404
DA:574,18404
DA:575,0
DA:576,0
DA:579,18404
DA:580,18404
DA:581,18404
DA:582,21296
DA:583,2892
DA:585,18404
DA:586,18404
DA:587,18404
DA:590,0
DA:591,0
DA:592,0
DA:593,0
DA:598,10759
DA:599,10759
DA:600,10759
DA:601,10759
DA:602,10759
DA:603,10759
DA:604,355047
DA:605,10759
DA:606,10759
DA:607,10759
DA:608,10759
DA:610,10759
DA:611,11
DA:612,10759
DA:614,10759
DA:616,10759
DA:617,10759
DA:626,10012
DA:627,10012
DA:628,10012
DA:629,10012
DA:630,10012
DA:631,10012
DA:632,10012
DA:633,10012
DA:634,10012
DA:638,10012
DA:639,10012
DA:640,10012
DA:641,10012
DA:642,10012
DA:645,63222
DA:646,63222
DA:647,107568
DA:648,98696
DA:649,98696
DA:650,52463
DA:665,162627
DA:666,162627
DA:667,162627
DA:668,162627
DA:669,3
DA:670,162624
DA:671,267
DA:672,267
DA:673,267
DA:674,4
DA:675,4
DA:677,263
DA:678,0
DA:680,162624
DA:681,10768
DA:682,162615
DA:683,162615
DA:684,63222
DA:685,63222
DA:686,63222
DA:687,10759
DA:689,10759
DA:690,10759
DA:692,52463
DA:693,52463
DA:694,52463
DA:696,11981
DA:698,10290
DA:699,10290
DA:700,10290
DA:701,1518
DA:702,1518
DA:704,10290
DA:708,42173
DA:709,8122
DA:710,42173
DA:711,42173
DA:712,42173
DA:715,151856
DA:716,151856
DA:717,151856
DA:718,151856
DA:730,4013
DA:731,4013
DA:732,2839
DA:733,1174
DA:734,0
DA:735,0
DA:736,0
DA:737,0
DA:740,1174
DA:741,1488
DA:742,1331
DA:743,0
DA:745,1331
DA:746,1331
DA:747,157
DA:758,195940
DA:759,195940
DA:760,219205
DA:761,242470
DA:762,219205
DA:763,27273
DA:765,191932
DA:766,191932
DA:768,23265
DA:774,127010
DA:775,127010
DA:776,126953
DA:778,57
DA:779,57
DA:780,57
DA:788,64716
DA:789,64716
DA:790,64046
DA:791,70
DA:793,276
DA:794,276
DA:795,276
DA:796,4
DA:800,589
DA:811,163900
DA:813,163900
DA:814,161681
DA:816,2219
DA:817,163897
DA:824,62146
DA:825,62146
DA:826,62146
DA:827,62146
DA:830,2838
DA:831,2838
DA:832,2838
DA:833,946
DA:834,946
DA:835,946
DA:838,1892
DA:839,2838
DA:855,0
DA:856,0
DA:857,0
DA:858,0
DA:859,0
DA:860,0
DA:861,0
DA:863,0
DA:864,0
DA:869,0
DA:871,0
DA:872,0
DA:873,0
DA:874,0
DA:880,0
DA:882,0
DA:883,0
DA:884,0
DA:885,0
DA:887,0
DA:923,626
DA:924,626
DA:925,626
DA:927,0
DA:929,0
DA:930,0
DA:931,0
DA:933,0
DA:936,0
DA:938,0
DA:939,0
DA:940,0
DA:942,0
DA:946,626
DA:948,0
DA:951,0
DA:952,0
DA:955,0
DA:956,0
DA:957,0
DA:962,626
DA:964,626
DA:965,626
DA:967,0
end_of_record
TN:
SF:/home/kali/fuzz/hermitcrab/src/lua-5.4.6-cov/src/lcorolib.c
FN:21,getco
FNDA:2,getco
FN:32,auxresume
FNDA:0,auxresume
FN:56,luaB_coresume
FNDA:2,luaB_coresume
FN:73,luaB_auxwrap
FNDA:0,luaB_auxwrap
FN:95,luaB_cocreate
FNDA:7,luaB_cocreate
FN:105,luaB_cowrap
FNDA:4,luaB_cowrap
FN:112,luaB_yield
FNDA:6,luaB_yield
FN:127,auxstatus
FNDA:0,auxstatus
FN:149,luaB_costatus
FNDA:0,luaB_costatus
FN:156,luaB_yieldable
FNDA:0,luaB_yieldable
FN:163,luaB_corunning
FNDA:0,luaB_corunning
FN:170,luaB_close
FNDA:0,luaB_close
FN:206,luaopen_coroutine
FNDA:473,luaopen_coroutine
DA:21,2
DA:22,2
DA:23,2
DA:24,0
DA:32,0
DA:33,0
DA:34,0
DA:35,0
DA:36,0
DA:38,0
DA:39,0
DA:40,0
DA:41,0
DA:42,0
DA:43,0
DA:44,0
DA:46,0
DA:47,0
DA:50,0
DA:51,0
DA:56,2
DA:57,2
DA:58,0
DA:59,0
DA:60,0
DA:61,0
DA:62,0
DA:63,0
DA:66,0
DA:67,0
DA:68,0
DA:73,0
DA:74,0
DA:75,0
DA:76,0
DA:77,0
DA:78,0
DA:79,0
DA:80,0
DA:81,0
DA:83,0
DA:84,0
DA:85,0
DA:86,0
DA:87,0
DA:89,0
DA:95,7
DA:96,7
DA:97,7
DA:98,7
DA:99,7
DA:100,7
DA:101,7
DA:105,4
DA:106,4
DA:107,4
DA:108,4
DA:112,6
DA:113,6
DA:127,0
DA:128,0
DA:130,0
DA:133,0
DA:134,0
DA:135,0
DA:137,0
DA:140,0
DA:142,0
DA:143,0
DA:149,0
DA:150,0
DA:151,0
DA:152,0
DA:156,0
DA:157,0
DA:158,0
DA:159,0
DA:163,0
DA:164,0
DA:165,0
DA:166,0
DA:170,0
DA:171,0
DA:172,0
DA:173,0
DA:174,0
DA:175,0
DA:176,0
DA:177,0
DA:178,0
DA:181,0
DA:182,0
DA:183,0
DA:186,0
DA:187,0
DA:206,473
DA:207,473
DA:208,473
end_of_record
TN:
SF:/home/kali/fuzz/hermitcrab/src/lua-5.4.6-cov/src/loadlib.c
FN:133,lsys_load
FNDA:0,lsys_load
FN:141,lsys_sym
FNDA:0,lsys_sym
FN:285,noenv
FNDA:0,noenv
FN:297,setpath
FNDA:946,setpath
FN:335,checkclib
FNDA:0,checkclib
FN:349,addtoclib
FNDA:0,addtoclib
FN:363,gctm
FNDA:473,gctm
FN:390,lookforfunc
FNDA:0,lookforfunc
FN:411,ll_loadlib
FNDA:0,ll_loadlib
FN:434,readable
FNDA:0,readable
FN:447,getnextfilename
FNDA:0,getnextfilename
FN:471,pusherrornotfound
FNDA:0,pusherrornotfound
FN:481,searchpath
FNDA:0,searchpath
FN:508,ll_searchpath
FNDA:0,ll_searchpath
FN:522,findfile
FNDA:0,findfile
FN:534,checkload
FNDA:0,checkload
FN:545,searcher_Lua
FNDA:0,searcher_Lua
FN:562,loadfunc
FNDA:0,loadfunc
FN:580,searcher_C
FNDA:0,searcher_C
FN:588,searcher_Croot
FNDA:0,searcher_Croot
FN:610,searcher_preload
FNDA:0,searcher_preload
FN:624,findloader
FNDA:0,findloader
FN:657,ll_require
FNDA:0,ll_require
FN:710,createsearcherstable
FNDA:473,createsearcherstable
FN:735,createclibstable
FNDA:473,createclibstable
FN:744,luaopen_package
FNDA:473,luaopen_package
DA:128,0
DA:129,0
DA:133,0
DA:134,0
DA:135,0
DA:136,0
DA:137,0
DA:141,0
DA:142,0
DA:143,0
DA:144,0
DA:145,0
DA:285,0
DA:286,0
DA:287,0
DA:288,0
DA:289,0
DA:290,0
DA:297,946
DA:300,946
DA:301,946
DA:302,946
DA:303,946
DA:304,946
DA:305,946
DA:306,946
DA:307,0
DA:308,0
DA:310,0
DA:311,0
DA:312,0
DA:313,0
DA:314,0
DA:315,0
DA:317,0
DA:318,0
DA:319,0
DA:320,0
DA:322,0
DA:324,946
DA:325,946
DA:326,946
DA:327,946
DA:335,0
DA:336,0
DA:337,0
DA:338,0
DA:339,0
DA:340,0
DA:341,0
DA:349,0
DA:350,0
DA:351,0
DA:352,0
DA:353,0
DA:354,0
DA:355,0
DA:356,0
DA:363,473
DA:364,473
DA:365,946
DA:366,0
DA:367,0
DA:368,0
DA:370,473
DA:390,0
DA:391,0
DA:392,0
DA:393,0
DA:394,0
DA:395,0
DA:397,0
DA:398,0
DA:399,0
DA:402,0
DA:403,0
DA:405,0
DA:406,0
DA:411,0
DA:412,0
DA:413,0
DA:414,0
DA:415,0
DA:418,0
DA:419,0
DA:420,0
DA:421,0
DA:434,0
DA:435,0
DA:436,0
DA:437,0
DA:438,0
DA:447,0
DA:448,0
DA:449,0
DA:450,0
DA:452,0
DA:453,0
DA:454,0
DA:456,0
DA:457,0
DA:458,0
DA:459,0
DA:460,0
DA:461,0
DA:471,0
DA:472,0
DA:473,0
DA:474,0
DA:475,0
DA:476,0
DA:477,0
DA:478,0
DA:481,0
DA:485,0
DA:486,0
DA:487,0
DA:488,0
DA:490,0
DA:491,0
DA:492,0
DA:494,0
DA:495,0
DA:496,0
DA:497,0
DA:498,0
DA:499,0
DA:500,0
DA:502,0
DA:503,0
DA:504,0
DA:508,0
DA:509,0
DA:513,0
DA:515,0
DA:516,0
DA:517,0
DA:522,0
DA:525,0
DA:526,0
DA:527,0
DA:528,0
DA:529,0
DA:530,0
DA:534,0
DA:535,0
DA:536,0
DA:537,0
DA:540,0
DA:545,0
DA:546,0
DA:547,0
DA:548,0
DA:549,0
DA:550,0
DA:562,0
DA:563,0
DA:564,0
DA:565,0
DA:566,0
DA:567,0
DA:568,0
DA:569,0
DA:570,0
DA:571,0
DA:572,0
DA:573,0
DA:575,0
DA:576,0
DA:580,0
DA:581,0
DA:582,0
DA:583,0
DA:584,0
DA:588,0
DA:589,0
DA:590,0
DA:591,0
DA:592,0
DA:593,0
DA:594,0
DA:595,0
DA:596,0
DA:597,0
DA:598,0
DA:599,0
DA:601,0
DA:602,0
DA:605,0
DA:606,0
DA:610,0
DA:611,0
DA:612,0
DA:613,0
DA:614,0
DA:615,0
DA:618,0
DA:619,0
DA:624,0
DA:625,0
DA:626,0
DA:628,0
DA:630,0
DA:631,0
DA:633,0
DA:634,0
DA:635,0
DA:636,0
DA:637,0
DA:638,0
DA:639,0
DA:641,0
DA:642,0
DA:643,0
DA:644,0
DA:645,0
DA:646,0
DA:647,0
DA:650,0
DA:651,0
DA:657,0
DA:658,0
DA:659,0
DA:660,0
DA:661,0
DA:662,0
DA:665,0
DA:666,0
DA:667,0
DA:668,0
DA:669,0
DA:671,0
DA:673,0
DA:674,0
DA:676,0
DA:677,0
DA:678,0
DA:679,0
DA:680,0
DA:682,0
DA:683,0
DA:710,473
DA:711,473
DA:718,473
DA:720,473
DA:722,2838
DA:723,1892
DA:724,1892
DA:725,1892
DA:727,473
DA:728,473
DA:735,473
DA:736,473
DA:737,473
DA:738,473
DA:739,473
DA:740,473
DA:741,473
DA:744,473
DA:745,473
DA:746,473
DA:747,473
DA:749,473
DA:750,473
DA:752,473
DA:754,473
DA:756,473
DA:757,473
DA:759,473
DA:760,473
DA:761,473
DA:762,473
DA:763,473
DA:764,473
DA:765,473
end_of_record
TN:
SF:/home/kali/fuzz/hermitcrab/src/lua-5.4.6-cov/src/lutf8lib.c
FN:61,utf8_decode
FNDA:0,utf8_decode
FN:96,utflen
FNDA:0,utflen
FN:126,codepoint
FNDA:0,codepoint
FN:155,pushutfchar
FNDA:0,pushutfchar
FN:165,utfchar
FNDA:0,utfchar
FN:187,byteoffset
FNDA:0,byteoffset
FN:228,iter_aux
FNDA:0,iter_aux
FN:249,iter_auxstrict
FNDA:0,iter_auxstrict
FN:253,iter_auxlax
FNDA:0,iter_auxlax
FN:258,iter_codes
FNDA:0,iter_codes
FN:285,luaopen_utf8
FNDA:473,luaopen_utf8
DA:47,0
DA:48,0
DA:49,0
DA:50,0
DA:61,0
DA:62,0
DA:64,0
DA:65,0
DA:66,0
DA:70,0
DA:71,0
DA:72,0
DA:74,0
DA:76,0
DA:77,0
DA:79,0
DA:81,0
DA:83,0
DA:86,0
DA:87,0
DA:96,0
DA:97,0
DA:98,0
DA:99,0
DA:100,0
DA:101,0
DA:102,0
DA:103,0
DA:105,0
DA:107,0
DA:108,0
DA:109,0
DA:110,0
DA:111,0
DA:112,0
DA:114,0
DA:115,0
DA:117,0
DA:118,0
DA:126,0
DA:127,0
DA:128,0
DA:129,0
DA:130,0
DA:131,0
DA:132,0
DA:133,0
DA:134,0
DA:135,0
DA:136,0
DA:137,0
DA:138,0
DA:139,0
DA:140,0
DA:141,0
DA:142,0
DA:143,0
DA:144,0
DA:145,0
DA:146,0
DA:147,0
DA:148,0
DA:149,0
DA:155,0
DA:156,0
DA:157,0
DA:158,0
DA:159,0
DA:165,0
DA:166,0
DA:167,0
DA:168,0
DA:170,0
DA:171,0
DA:172,0
DA:173,0
DA:174,0
DA:175,0
DA:177,0
DA:179,0
DA:187,0
DA:188,0
DA:189,0
DA:190,0
DA:191,0
DA:192,0
DA:193,0
DA:195,0
DA:197,0
DA:200,0
DA:201,0
DA:202,0
DA:203,0
DA:204,0
DA:205,0
DA:206,0
DA:207,0
DA:211,0
DA:212,0
DA:213,0
DA:214,0
DA:215,0
DA:216,0
DA:220,0
DA:221,0
DA:223,0
DA:228,0
DA:229,0
DA:230,0
DA:231,0
DA:232,0
DA:233,0
DA:235,0
DA:238,0
DA:239,0
DA:240,0
DA:241,0
DA:242,0
DA:243,0
DA:244,0
DA:249,0
DA:250,0
DA:253,0
DA:254,0
DA:258,0
DA:259,0
DA:260,0
DA:261,0
DA:262,0
DA:263,0
DA:264,0
DA:265,0
DA:285,473
DA:286,473
DA:287,473
DA:288,473
DA:289,473
end_of_record
TN:
SF:/home/kali/fuzz/hermitcrab/src/lua-5.4.6-cov/src/ljumptab.h
DA:19,149
end_of_record
SF:/home/kali/fuzz/hermitcrab/src/lua-5.4.6-cov/src/lvm.c
FN:90,l_strton
FNDA:3,l_strton
FN:103,luaV_tonumber_
FNDA:3,luaV_tonumber_
FN:121,luaV_flttointeger
FNDA:777,luaV_flttointeger
FN:137,luaV_tointegerns
FNDA:40,luaV_tointegerns
FN:152,luaV_tointeger
FNDA:0,luaV_tointeger
FN:176,forlimit
FNDA:0,forlimit
FN:206,forprep
FNDA:3,forprep
FN:266,floatforloop
FNDA:0,floatforloop
FN:287,luaV_finishget
FNDA:6696,luaV_finishget
FN:330,luaV_finishset
FNDA:93227,luaV_finishset
FN:375,l_strcmp
FNDA:3,l_strcmp
FN:409,LTintfloat
FNDA:0,LTintfloat
FN:426,LEintfloat
FNDA:0,LEintfloat
FN:443,LTfloatint
FNDA:0,LTfloatint
FN:460,LEfloatint
FNDA:0,LEfloatint
FN:476,LTnum
FNDA:0,LTnum
FN:498,LEnum
FNDA:0,LEnum
FN:520,lessthanothers
FNDA:6,lessthanothers
FN:532,luaV_lessthan
FNDA:0,luaV_lessthan
FN:542,lessequalothers
FNDA:2,lessequalothers
FN:554,luaV_lessequal
FNDA:0,luaV_lessequal
FN:565,luaV_equalobj
FNDA:38236,luaV_equalobj
FN:624,copy2buff
FNDA:37,copy2buff
FN:638,luaV_concat
FNDA:41,luaV_concat
FN:685,luaV_objlen
FNDA:627,luaV_objlen
FN:720,luaV_idiv
FNDA:0,luaV_idiv
FN:740,luaV_mod
FNDA:0,luaV_mod
FN:758,luaV_modf
FNDA:0,luaV_modf
FN:772,luaV_shiftl
FNDA:0,luaV_shiftl
FN:788,pushclosure
FNDA:35,pushclosure
FN:809,luaV_finishOp
FNDA:0,luaV_finishOp
FN:1146,luaV_execute
FNDA:1108,luaV_execute
DA:90,3
DA:91,3
DA:92,3
DA:95,0
DA:103,3
DA:104,3
DA:105,3
DA:106,0
DA:107,0
DA:109,3
DA:110,0
DA:111,0
DA:121,777
DA:122,777
DA:123,777
DA:124,187
DA:125,0
DA:126,0
DA:128,590
DA:137,40
DA:138,40
DA:139,14
DA:140,26
DA:141,6
DA:142,6
DA:152,0
DA:153,0
DA:154,0
DA:155,0
DA:156,0
DA:176,0
DA:178,0
DA:180,0
DA:181,0
DA:182,0
DA:184,0
DA:185,0
DA:186,0
DA:189,0
DA:190,0
DA:193,0
DA:206,3
DA:207,3
DA:208,3
DA:209,3
DA:210,3
DA:211,0
DA:212,0
DA:213,0
DA:214,0
DA:215,0
DA:216,0
DA:217,0
DA:218,0
DA:220,0
DA:221,0
DA:222,0
DA:223,0
DA:224,0
DA:227,0
DA:229,0
DA:233,0
DA:237,3
DA:238,3
DA:239,3
DA:240,0
DA:241,0
DA:242,0
DA:243,0
DA:244,0
DA:245,0
DA:246,0
DA:248,0
DA:251,0
DA:252,0
DA:253,0
DA:254,0
DA:266,0
DA:267,0
DA:268,0
DA:269,0
DA:270,0
DA:271,0
DA:273,0
DA:274,0
DA:275,0
DA:287,6696
DA:289,6696
DA:290,6696
DA:291,6698
DA:292,6698
DA:293,20
DA:294,20
DA:295,20
DA:296,18
DA:300,6678
DA:301,6678
DA:302,0
DA:303,6678
DA:304,6678
DA:308,2
DA:309,0
DA:310,0
DA:312,2
DA:313,2
DA:314,0
DA:315,0
DA:319,0
DA:330,93227
DA:332,93227
DA:333,93227
DA:334,93227
DA:335,93227
DA:336,93226
DA:337,93226
DA:338,93226
DA:339,0
DA:340,93226
DA:341,93223
DA:342,93223
DA:343,93223
DA:348,1
DA:349,1
DA:350,1
DA:353,0
DA:354,0
DA:355,0
DA:357,0
DA:358,0
DA:359,0
DA:360,0
DA:364,0
DA:375,3
DA:376,3
DA:377,3
DA:378,3
DA:379,3
DA:380,3
DA:381,3
DA:382,3
DA:383,2
DA:385,1
DA:386,1
DA:387,1
DA:388,0
DA:391,0
DA:392,0
DA:409,0
DA:410,0
DA:411,0
DA:413,0
DA:414,0
DA:415,0
DA:417,0
DA:426,0
DA:427,0
DA:428,0
DA:430,0
DA:431,0
DA:432,0
DA:434,0
DA:443,0
DA:444,0
DA:445,0
DA:447,0
DA:448,0
DA:449,0
DA:451,0
DA:460,0
DA:461,0
DA:462,0
DA:464,0
DA:465,0
DA:466,0
DA:468,0
DA:476,0
DA:477,0
DA:478,0
DA:479,0
DA:480,0
DA:481,0
DA:483,0
DA:486,0
DA:487,0
DA:488,0
DA:490,0
DA:498,0
DA:499,0
DA:500,0
DA:501,0
DA:502,0
DA:503,0
DA:505,0
DA:508,0
DA:509,0
DA:510,0
DA:512,0
DA:520,6
DA:521,6
DA:522,6
DA:523,3
DA:525,3
DA:532,0
DA:533,0
DA:534,0
DA:535,0
DA:542,2
DA:543,2
DA:544,2
DA:545,0
DA:547,2
DA:554,0
DA:555,0
DA:556,0
DA:557,0
DA:565,38236
DA:566,38236
DA:567,38236
DA:568,20270
DA:574,0
DA:575,0
DA:576,0
DA:577,0
DA:581,17966
DA:583,0
DA:584,8
DA:585,0
DA:586,13522
DA:587,174
DA:588,0
DA:589,0
DA:590,0
DA:591,0
DA:592,0
DA:593,0
DA:594,0
DA:597,4257
DA:598,4257
DA:599,0
DA:600,0
DA:601,0
DA:602,0
DA:605,1
DA:606,1
DA:608,0
DA:609,0
DA:611,0
DA:612,0
DA:624,37
DA:625,37
DA:626,87
DA:627,87
DA:628,87
DA:629,87
DA:630,87
DA:631,37
DA:638,41
DA:639,41
DA:641,41
DA:642,41
DA:643,41
DA:644,41
DA:645,38
DA:646,3
DA:647,38
DA:648,1
DA:649,37
DA:650,0
DA:654,37
DA:657,87
DA:658,50
DA:659,50
DA:660,0
DA:661,0
DA:663,50
DA:665,37
DA:666,13
DA:667,13
DA:668,13
DA:671,24
DA:672,24
DA:674,37
DA:676,38
DA:677,38
DA:678,38
DA:685,627
DA:686,627
DA:687,627
DA:688,626
DA:689,626
DA:690,626
DA:691,473
DA:692,626
DA:693,626
DA:695,0
DA:696,0
DA:697,0
DA:699,0
DA:700,0
DA:701,0
DA:703,1
DA:704,1
DA:705,1
DA:706,1
DA:710,0
DA:720,0
DA:721,0
DA:722,0
DA:723,0
DA:724,0
DA:727,0
DA:728,0
DA:729,0
DA:730,0
DA:740,0
DA:741,0
DA:742,0
DA:743,0
DA:747,0
DA:748,0
DA:749,0
DA:750,0
DA:758,0
DA:759,0
DA:760,0
DA:761,0
DA:772,0
DA:773,0
DA:774,0
DA:775,0
DA:778,0
DA:779,0
DA:788,35
DA:790,35
DA:791,35
DA:792,35
DA:793,35
DA:794,35
DA:795,35
DA:796,50
DA:797,15
DA:798,2
DA:800,13
DA:801,15
DA:803,35
DA:809,0
DA:810,0
DA:811,0
DA:812,0
DA:813,0
DA:814,0
DA:815,0
DA:816,0
DA:817,0
DA:819,0
DA:822,0
DA:823,0
DA:825,0
DA:829,0
DA:830,0
DA:832,0
DA:833,0
DA:834,0
DA:837,0
DA:838,0
DA:839,0
DA:842,0
DA:843,0
DA:844,0
DA:845,0
DA:846,0
DA:847,0
DA:848,0
DA:849,0
DA:851,0
DA:852,0
DA:853,0
DA:855,0
DA:856,0
DA:859,0
DA:861,0
DA:862,0
DA:872,0
DA:1146,149
DA:1147,149
DA:1148,149
DA:1149,149
DA:1150,149
DA:1151,149
DA:1156,149
DA:1157,149
DA:1158,149
DA:1159,149
DA:1160,149
DA:1161,149
DA:1162,0
DA:1163,0
DA:1166,0
DA:1168,0
DA:1170,149
DA:1172,149
DA:1173,149
DA:1174,149
DA:1179,149
DA:1180,149
DA:1182,149
DA:1183,149
DA:1184,2
DA:1185,2
DA:1186,2
DA:1187,2
DA:1189,8
DA:1190,8
DA:1191,8
DA:1192,8
DA:1193,8
DA:1195,0
DA:1196,0
DA:1197,0
DA:1198,0
DA:1199,0
DA:1201,44
DA:1202,44
DA:1203,44
DA:1204,44
DA:1205,44
DA:1207,0
DA:1208,0
DA:1209,0
DA:1210,0
DA:1211,0
DA:1212,0
DA:1214,37
DA:1215,37
DA:1216,37
DA:1217,37
DA:1219,2
DA:1220,2
DA:1221,2
DA:1222,2
DA:1223,2
DA:1225,48
DA:1226,48
DA:1227,48
DA:1228,48
DA:1230,39
DA:1231,39
DA:1232,39
DA:1233,42
DA:1234,42
DA:1235,42
DA:1236,39
DA:1238,0
DA:1239,0
DA:1240,0
DA:1241,0
DA:1242,0
DA:1244,0
DA:1245,0
DA:1246,0
DA:1247,0
DA:1248,0
DA:1249,0
DA:1251,111
DA:1252,111
DA:1253,111
DA:1254,111
DA:1255,111
DA:1256,111
DA:1257,111
DA:1258,72
DA:1261,39
DA:1262,111
DA:1264,20
DA:1265,20
DA:1266,20
DA:1267,20
DA:1268,20
DA:1269,20
DA:1270,32
DA:1271,0
DA:1272,20
DA:1273,0
DA:1276,20
DA:1277,12
DA:1279,2
DA:1280,2
DA:1281,2
DA:1282,2
DA:1283,2
DA:1284,2
DA:1285,0
DA:1288,2
DA:1289,2
DA:1290,2
DA:1292,2
DA:1294,28
DA:1295,28
DA:1296,28
DA:1297,28
DA:1298,28
DA:1299,28
DA:1300,28
DA:1301,22
DA:1304,6
DA:1305,23
DA:1307,35
DA:1308,35
DA:1309,35
DA:1310,35
DA:1311,35
DA:1312,35
DA:1313,35
DA:1314,19
DA:1317,16
DA:1318,35
DA:1320,11
DA:1321,11
DA:1322,11
DA:1323,11
DA:1324,11
DA:1325,11
DA:1326,22
DA:1327,0
DA:1328,11
DA:1329,0
DA:1332,11
DA:1333,8
DA:1335,0
DA:1336,0
DA:1337,0
DA:1338,0
DA:1339,0
DA:1340,0
DA:1341,0
DA:1344,0
DA:1345,0
DA:1346,0
DA:1348,0
DA:1350,19
DA:1351,19
DA:1352,19
DA:1353,19
DA:1354,19
DA:1355,19
DA:1356,19
DA:1357,0
DA:1360,19
DA:1361,18
DA:1363,79
DA:1364,79
DA:1365,79
DA:1366,79
DA:1367,79
DA:1368,79
DA:1369,53
DA:1370,79
DA:1371,79
DA:1372,0
DA:1373,79
DA:1374,79
DA:1375,79
DA:1376,79
DA:1377,79
DA:1378,77
DA:1379,79
DA:1380,79
DA:1382,7
DA:1383,7
DA:1384,7
DA:1385,7
DA:1386,7
DA:1387,7
DA:1388,7
DA:1389,7
DA:1390,0
DA:1393,7
DA:1394,2
DA:1396,1
DA:1397,1
DA:1398,1
DA:1400,0
DA:1401,0
DA:1402,0
DA:1404,0
DA:1405,0
DA:1406,0
DA:1408,0
DA:1409,0
DA:1410,0
DA:1412,0
DA:1413,0
DA:1414,0
DA:1415,0
DA:1417,0
DA:1418,0
DA:1419,0
DA:1421,0
DA:1422,0
DA:1423,0
DA:1425,0
DA:1426,0
DA:1427,0
DA:1428,0
DA:1430,2
DA:1431,2
DA:1432,2
DA:1434,0
DA:1435,0
DA:1436,0
DA:1438,0
DA:1439,0
DA:1440,0
DA:1442,0
DA:1443,0
DA:1444,0
DA:1445,0
DA:1446,0
DA:1447,0
DA:1448,0
DA:1450,0
DA:1452,0
DA:1453,0
DA:1454,0
DA:1455,0
DA:1456,0
DA:1457,0
DA:1458,0
DA:1460,0
DA:1462,0
DA:1463,0
DA:1464,0
DA:1466,1
DA:1467,1
DA:1468,1
DA:1470,3
DA:1471,3
DA:1472,3
DA:1474,3
DA:1475,3
DA:1476,3
DA:1477,3
DA:1479,1
DA:1480,1
DA:1481,1
DA:1483,1
DA:1484,1
DA:1485,1
DA:1487,5
DA:1488,5
DA:1489,5
DA:1490,5
DA:1492,4
DA:1493,4
DA:1494,4
DA:1496,0
DA:1497,0
DA:1498,0
DA:1500,2
DA:1501,2
DA:1502,2
DA:1504,2
DA:1505,2
DA:1506,2
DA:1508,3
DA:1509,3
DA:1510,3
DA:1512,25
DA:1513,25
DA:1514,25
DA:1515,25
DA:1516,25
DA:1517,25
DA:1518,25
DA:1519,25
DA:1520,0
DA:1522,1
DA:1523,1
DA:1524,1
DA:1525,1
DA:1526,1
DA:1527,1
DA:1528,1
DA:1529,1
DA:1530,0
DA:1532,2
DA:1533,2
DA:1534,2
DA:1535,2
DA:1536,2
DA:1537,2
DA:1538,2
DA:1539,2
DA:1540,0
DA:1542,4
DA:1543,4
DA:1544,4
DA:1545,4
DA:1546,4
DA:1547,0
DA:1548,0
DA:1550,4
DA:1551,0
DA:1554,4
DA:1555,0
DA:1557,9
DA:1558,9
DA:1559,9
DA:1560,9
DA:1561,9
DA:1562,0
DA:1565,9
DA:1566,0
DA:1568,1
DA:1569,1
DA:1570,1
DA:1571,1
DA:1572,0
DA:1574,1
DA:1575,1
DA:1577,5
DA:1578,5
DA:1579,5
DA:1580,4
DA:1582,3
DA:1583,3
DA:1584,3
DA:1585,3
DA:1586,3
DA:1587,0
DA:1588,0
DA:1590,0
DA:1591,0
DA:1592,0
DA:1593,0
DA:1595,0
DA:1596,0
DA:1598,0
DA:1599,0
DA:1601,3
DA:1602,3
DA:1603,3
DA:1605,0
DA:1606,0
DA:1607,0
DA:1608,0
DA:1609,0
DA:1610,0
DA:1611,0
DA:1613,6
DA:1614,6
DA:1615,3
DA:1617,2
DA:1618,2
DA:1619,0
DA:1621,7
DA:1622,7
DA:1623,7
DA:1625,7
DA:1626,7
DA:1627,7
DA:1629,0
DA:1630,0
DA:1631,0
DA:1632,0
DA:1633,0
DA:1634,0
DA:1635,0
DA:1636,0
DA:1639,0
DA:1640,0
DA:1642,0
DA:1643,0
DA:1644,0
DA:1646,0
DA:1647,0
DA:1648,0
DA:1650,0
DA:1651,0
DA:1652,0
DA:1654,0
DA:1655,0
DA:1656,0
DA:1658,27
DA:1659,27
DA:1660,27
DA:1661,27
DA:1662,27
DA:1664,0
DA:1665,0
DA:1666,0
DA:1667,0
DA:1668,0
DA:1670,0
DA:1671,0
DA:1673,0
DA:1675,29
DA:1676,29
DA:1677,29
DA:1678,29
DA:1679,29
DA:1680,29
DA:1681,27
DA:1683,29
DA:1684,29
DA:1685,8
DA:1687,0
DA:1688,0
DA:1690,8
DA:1692,0
DA:1693,0
DA:1694,0
DA:1695,0
DA:1696,0
DA:1698,0
DA:1699,0
DA:1700,0
DA:1702,0
DA:1703,0
DA:1704,0
DA:1705,0
DA:1706,0
DA:1707,0
DA:1709,0
DA:1710,0
DA:1712,0
DA:1713,0
DA:1714,0
DA:1715,0
DA:1718,53
DA:1719,53
DA:1720,53
DA:1721,53
DA:1722,53
DA:1723,1
DA:1724,53
DA:1725,53
DA:1726,2
DA:1727,2
DA:1728,2
DA:1729,2
DA:1730,2
DA:1731,2
DA:1733,53
DA:1734,53
DA:1735,53
DA:1736,53
DA:1737,53
DA:1738,53
DA:1740,0
DA:1741,0
DA:1742,0
DA:1743,0
DA:1744,0
DA:1745,0
DA:1746,0
DA:1749,0
DA:1750,0
DA:1751,0
DA:1752,0
DA:1753,0
DA:1755,0
DA:1757,0
DA:1758,0
DA:1759,0
DA:1760,0
DA:1761,0
DA:1762,0
DA:1763,0
DA:1766,0
DA:1767,0
DA:1768,0
DA:1769,0
DA:1771,0
DA:1772,0
DA:1773,0
DA:1774,0
DA:1775,0
DA:1778,0
DA:1779,53
DA:1780,53
DA:1782,0
DA:1783,0
DA:1786,0
DA:1787,0
DA:1788,0
DA:1789,0
DA:1790,0
DA:1791,0
DA:1792,0
DA:1793,0
DA:1794,0
DA:1795,0
DA:1796,0
DA:1797,0
DA:1800,0
DA:1801,0
DA:1802,0
DA:1803,0
DA:1805,3
DA:1806,3
DA:1807,3
DA:1808,3
DA:1809,0
DA:1810,0
DA:1812,0
DA:1813,0
DA:1815,0
DA:1816,0
DA:1817,0
DA:1818,0
DA:1819,0
DA:1821,0
DA:1822,0
DA:1823,0
DA:1830,0
DA:1831,0
DA:1832,0
DA:1833,0
DA:1834,0
DA:1835,0
DA:1836,0
DA:1838,0
DA:1839,0
DA:1840,0
DA:1841,0
DA:1842,0
DA:1843,0
DA:1845,0
DA:1847,33
DA:1848,33
DA:1849,33
DA:1850,33
DA:1851,33
DA:1852,33
DA:1853,2
DA:1855,31
DA:1856,33
DA:1857,33
DA:1858,0
DA:1859,0
DA:1861,33
DA:1862,0
DA:1863,67
DA:1864,34
DA:1865,34
DA:1866,34
DA:1867,34
DA:1869,33
DA:1871,35
DA:1872,35
DA:1873,35
DA:1874,35
DA:1875,35
DA:1876,35
DA:1878,42
DA:1879,42
DA:1880,42
DA:1881,42
DA:1882,42
DA:1884,149
DA:1885,149
DA:1886,149
DA:1887,0
DA:1888,0
DA:1890,149
DA:1891,149
DA:1893,0
DA:1894,0
DA:1895,0
end_of_record
TN:
SF:/home/kali/fuzz/hermitcrab/src/lua-5.4.6-cov/src/lauxlib.c
FN:52,findfield
FNDA:33980,findfield
FN:79,pushglobalfuncname
FNDA:207,pushglobalfuncname
FN:100,pushfuncname
FNDA:207,pushfuncname
FN:116,lastlevel
FNDA:96,lastlevel
FN:131,luaL_traceback
FNDA:96,luaL_traceback
FN:175,luaL_argerror
FNDA:7,luaL_argerror
FN:193,luaL_typeerror
FNDA:5,luaL_typeerror
FN:207,tag_error
FNDA:3,tag_error
FN:216,luaL_where
FNDA:9,luaL_where
FN:234,luaL_error
FNDA:9,luaL_error
FN:245,luaL_fileresult
FNDA:0,luaL_fileresult
FN:285,luaL_execresult
FNDA:0,luaL_execresult
FN:311,luaL_newmetatable
FNDA:473,luaL_newmetatable
FN:324,luaL_setmetatable
FNDA:1419,luaL_setmetatable
FN:330,luaL_testudata
FNDA:4257,luaL_testudata
FN:345,luaL_checkudata
FNDA:4257,luaL_checkudata
FN:360,luaL_checkoption
FNDA:1,luaL_checkoption
FN:380,luaL_checkstack
FNDA:7244,luaL_checkstack
FN:390,luaL_checktype
FNDA:10,luaL_checktype
FN:396,luaL_checkany
FNDA:1,luaL_checkany
FN:402,luaL_checklstring
FNDA:1,luaL_checklstring
FN:409,luaL_optlstring
FNDA:1,luaL_optlstring
FN:420,luaL_checknumber
FNDA:0,luaL_checknumber
FN:429,luaL_optnumber
FNDA:0,luaL_optnumber
FN:434,interror
FNDA:0,interror
FN:442,luaL_checkinteger
FNDA:0,luaL_checkinteger
FN:452,luaL_optinteger
FNDA:0,luaL_optinteger
FN:473,resizebox
FNDA:0,resizebox
FN:488,boxgc
FNDA:0,boxgc
FN:501,newbox
FNDA:0,newbox
FN:532,newbuffsize
FNDA:0,newbuffsize
FN:547,prepbuffsize
FNDA:606,prepbuffsize
FN:575,luaL_prepbuffsize
FNDA:0,luaL_prepbuffsize
FN:580,luaL_addlstring
FNDA:192,luaL_addlstring
FN:589,luaL_addstring
FNDA:192,luaL_addstring
FN:594,luaL_pushresult
FNDA:96,luaL_pushresult
FN:604,luaL_pushresultsize
FNDA:0,luaL_pushresultsize
FN:619,luaL_addvalue
FNDA:414,luaL_addvalue
FN:630,luaL_buffinit
FNDA:96,luaL_buffinit
FN:639,luaL_buffinitsize
FNDA:0,luaL_buffinitsize
FN:661,luaL_ref
FNDA:0,luaL_ref
FN:689,luaL_unref
FNDA:0,luaL_unref
FN:716,getF
FNDA:1095,getF
FN:734,errfile
FNDA:0,errfile
FN:749,skipBOM
FNDA:473,skipBOM
FN:765,skipcomment
FNDA:473,skipcomment
FN:778,luaL_loadfilex
FNDA:473,luaL_loadfilex
FN:824,getS
FNDA:0,getS
FN:834,luaL_loadbufferx
FNDA:0,luaL_loadbufferx
FN:843,luaL_loadstring
FNDA:0,luaL_loadstring
FN:851,luaL_getmetafield
FNDA:7,luaL_getmetafield
FN:867,luaL_callmeta
FNDA:0,luaL_callmeta
FN:877,luaL_len
FNDA:622,luaL_len
FN:889,luaL_tolstring
FNDA:0,luaL_tolstring
FN:933,luaL_setfuncs
FNDA:7095,luaL_setfuncs
FN:954,luaL_getsubtable
FNDA:6149,luaL_getsubtable
FN:974,luaL_requiref
FNDA:4730,luaL_requiref
FN:994,luaL_addgsub
FNDA:0,luaL_addgsub
FN:1007,luaL_gsub
FNDA:0,luaL_gsub
FN:1017,l_alloc
FNDA:338980,l_alloc
FN:1028,panic
FNDA:0,panic
FN:1052,checkcontrol
FNDA:0,checkcontrol
FN:1065,warnfoff
FNDA:0,warnfoff
FN:1074,warnfcont
FNDA:0,warnfcont
FN:1086,warnfon
FNDA:0,warnfon
FN:1094,luaL_newstate
FNDA:473,luaL_newstate
FN:1104,luaL_checkversion_
FNDA:4730,luaL_checkversion_
DA:52,33980
DA:53,33980
DA:54,31765
DA:55,2215
DA:56,35975
DA:57,33786
DA:58,33786
DA:59,13
DA:60,13
DA:62,33773
DA:64,13
DA:65,13
DA:66,13
DA:67,13
DA:70,33760
DA:79,207
DA:80,207
DA:81,207
DA:82,207
DA:83,207
DA:84,13
DA:85,13
DA:86,5
DA:87,5
DA:89,13
DA:90,13
DA:91,13
DA:94,194
DA:95,194
DA:100,207
DA:101,207
DA:102,13
DA:103,13
DA:105,194
DA:106,2
DA:107,192
DA:108,96
DA:109,96
DA:110,0
DA:112,96
DA:113,207
DA:116,96
DA:117,96
DA:118,96
DA:120,288
DA:122,273
DA:123,177
DA:124,177
DA:127,96
DA:131,96
DA:133,96
DA:134,96
DA:135,96
DA:136,96
DA:137,96
DA:138,96
DA:139,96
DA:140,96
DA:142,96
DA:143,303
DA:144,207
DA:145,0
DA:146,0
DA:147,0
DA:148,0
DA:151,207
DA:152,207
DA:153,111
DA:155,96
DA:156,207
DA:157,207
DA:158,207
DA:159,207
DA:160,0
DA:163,96
DA:164,96
DA:175,7
DA:176,7
DA:177,7
DA:178,0
DA:179,7
DA:180,7
DA:181,0
DA:182,0
DA:183,0
DA:186,7
DA:187,0
DA:188,7
DA:193,5
DA:194,5
DA:195,5
DA:196,5
DA:197,0
DA:198,5
DA:201,5
DA:202,5
DA:203,5
DA:207,3
DA:208,3
DA:209,0
DA:216,9
DA:217,9
DA:218,9
DA:219,9
DA:220,9
DA:221,9
DA:222,9
DA:225,0
DA:234,9
DA:235,9
DA:236,9
DA:237,9
DA:238,9
DA:239,9
DA:240,9
DA:241,9
DA:245,0
DA:246,0
DA:247,0
DA:248,0
DA:249,0
DA:252,0
DA:253,0
DA:254,0
DA:256,0
DA:257,0
DA:258,0
DA:285,0
DA:286,0
DA:287,0
DA:289,0
DA:290,0
DA:291,0
DA:292,0
DA:294,0
DA:295,0
DA:296,0
DA:297,0
DA:311,473
DA:312,473
DA:314,473
DA:315,473
DA:316,473
DA:317,473
DA:318,473
DA:319,473
DA:320,473
DA:324,1419
DA:325,1419
DA:326,1419
DA:327,1419
DA:330,4257
DA:331,4257
DA:332,4257
DA:333,4257
DA:334,4257
DA:335,4257
DA:336,0
DA:337,4257
DA:338,4257
DA:345,4257
DA:346,4257
DA:347,4257
DA:348,4257
DA:360,1
DA:362,1
DA:363,0
DA:364,1
DA:365,11
DA:366,10
DA:367,0
DA:368,1
DA:380,7244
DA:381,7244
DA:382,0
DA:383,0
DA:385,0
DA:387,7244
DA:390,10
DA:391,10
DA:392,3
DA:393,7
DA:396,1
DA:397,1
DA:398,0
DA:399,1
DA:402,1
DA:403,1
DA:404,1
DA:405,1
DA:409,1
DA:411,1
DA:412,0
DA:413,0
DA:414,0
DA:416,1
DA:420,0
DA:421,0
DA:422,0
DA:423,0
DA:424,0
DA:425,0
DA:429,0
DA:430,0
DA:434,0
DA:435,0
DA:436,0
DA:438,0
DA:439,0
DA:442,0
DA:443,0
DA:444,0
DA:445,0
DA:446,0
DA:448,0
DA:452,0
DA:454,0
DA:473,0
DA:474,0
DA:475,0
DA:476,0
DA:477,0
DA:478,0
DA:479,0
DA:480,0
DA:482,0
DA:483,0
DA:484,0
DA:488,0
DA:489,0
DA:490,0
DA:501,0
DA:502,0
DA:503,0
DA:504,0
DA:505,0
DA:506,0
DA:507,0
DA:508,0
DA:532,0
DA:533,0
DA:534,0
DA:535,0
DA:536,0
DA:547,606
DA:548,606
DA:549,606
DA:550,606
DA:552,0
DA:553,0
DA:554,0
DA:556,0
DA:557,0
DA:559,0
DA:560,0
DA:561,0
DA:562,0
DA:563,0
DA:564,0
DA:566,0
DA:567,0
DA:568,0
DA:575,0
DA:576,0
DA:580,192
DA:581,192
DA:582,192
DA:583,192
DA:584,192
DA:586,192
DA:589,192
DA:590,192
DA:591,192
DA:594,96
DA:595,96
DA:596,96
DA:597,96
DA:598,96
DA:599,0
DA:600,96
DA:601,96
DA:604,0
DA:605,0
DA:606,0
DA:607,0
DA:619,414
DA:620,414
DA:621,414
DA:622,414
DA:623,414
DA:624,414
DA:625,414
DA:626,414
DA:627,414
DA:630,96
DA:631,96
DA:632,96
DA:633,96
DA:634,96
DA:635,96
DA:636,96
DA:639,0
DA:640,0
DA:641,0
DA:661,0
DA:662,0
DA:663,0
DA:664,0
DA:665,0
DA:667,0
DA:668,0
DA:669,0
DA:670,0
DA:671,0
DA:674,0
DA:675,0
DA:677,0
DA:678,0
DA:679,0
DA:680,0
DA:683,0
DA:684,0
DA:685,0
DA:689,0
DA:690,0
DA:691,0
DA:692,0
DA:693,0
DA:694,0
DA:695,0
DA:696,0
DA:698,0
DA:716,1095
DA:717,1095
DA:718,1095
DA:719,1095
DA:720,469
DA:721,469
DA:727,626
DA:728,469
DA:730,938
DA:734,0
DA:735,0
DA:736,0
DA:737,0
DA:738,0
DA:739,0
DA:749,473
DA:750,473
DA:751,473
DA:752,0
DA:754,473
DA:765,473
DA:766,473
DA:767,473
DA:768,0
DA:769,0
DA:770,0
DA:771,0
DA:772,0
DA:778,473
DA:780,473
DA:781,473
DA:782,473
DA:783,473
DA:784,473
DA:785,0
DA:786,0
DA:789,473
DA:790,473
DA:791,473
DA:793,473
DA:794,473
DA:795,0
DA:796,473
DA:797,0
DA:798,0
DA:799,0
DA:800,0
DA:801,0
DA:804,473
DA:805,469
DA:806,473
DA:807,473
DA:808,473
DA:809,473
DA:810,0
DA:811,0
DA:813,473
DA:814,473
DA:824,0
DA:825,0
DA:826,0
DA:827,0
DA:828,0
DA:829,0
DA:830,0
DA:834,0
DA:836,0
DA:837,0
DA:838,0
DA:839,0
DA:843,0
DA:844,0
DA:851,7
DA:852,7
DA:855,0
DA:856,0
DA:857,0
DA:858,0
DA:859,0
DA:861,0
DA:862,0
DA:867,0
DA:868,0
DA:869,0
DA:871,0
DA:872,0
DA:873,0
DA:877,622
DA:878,622
DA:879,622
DA:880,622
DA:881,622
DA:882,622
DA:883,0
DA:884,622
DA:885,622
DA:889,0
DA:890,0
DA:891,0
DA:892,0
DA:893,0
DA:896,0
DA:897,0
DA:898,0
DA:899,0
DA:901,0
DA:904,0
DA:905,0
DA:906,0
DA:907,0
DA:908,0
DA:909,0
DA:910,0
DA:911,0
DA:912,0
DA:913,0
DA:914,0
DA:915,0
DA:916,0
DA:917,0
DA:918,0
DA:919,0
DA:924,0
DA:933,7095
DA:934,7095
DA:935,93181
DA:936,78991
DA:937,7568
DA:940,72842
DA:941,1419
DA:942,71423
DA:944,78991
DA:946,7095
DA:947,7095
DA:954,6149
DA:955,6149
DA:958,1419
DA:959,1419
DA:960,1419
DA:961,1419
DA:962,1419
DA:963,1419
DA:974,4730
DA:976,4730
DA:977,4730
DA:978,4730
DA:979,4730
DA:980,4730
DA:981,4730
DA:982,4730
DA:983,4730
DA:984,4730
DA:986,4730
DA:987,4730
DA:988,4730
DA:989,4730
DA:991,4730
DA:994,0
DA:996,0
DA:997,0
DA:998,0
DA:999,0
DA:1000,0
DA:1001,0
DA:1003,0
DA:1004,0
DA:1007,0
DA:1009,0
DA:1010,0
DA:1011,0
DA:1012,0
DA:1013,0
DA:1017,338980
DA:1018,338980
DA:1019,338980
DA:1020,180978
DA:1021,180978
DA:1024,158002
DA:1028,0
DA:1029,0
DA:1030,0
DA:1031,0
DA:1033,0
DA:1052,0
DA:1053,0
DA:1056,0
DA:1057,0
DA:1058,0
DA:1059,0
DA:1060,0
DA:1065,0
DA:1066,0
DA:1067,0
DA:1074,0
DA:1075,0
DA:1076,0
DA:1077,0
DA:1078,0
DA:1080,0
DA:1081,0
DA:1083,0
DA:1086,0
DA:1087,0
DA:1089,0
DA:1090,0
DA:1094,473
DA:1095,473
DA:1096,473
DA:1097,473
DA:1098,473
DA:1100,473
DA:1104,4730
DA:1105,4730
DA:1106,4730
DA:1107,0
DA:1108,4730
DA:1109,0
DA:1111,4730
end_of_record
TN:
SF:/home/kali/fuzz/hermitcrab/src/lua-5.4.6-cov/src/lstrlib.c
FN:55,str_len
FNDA:0,str_len
FN:87,getendpos
FNDA:0,getendpos
FN:100,str_sub
FNDA:0,str_sub
FN:112,str_reverse
FNDA:0,str_reverse
FN:124,str_lower
FNDA:0,str_lower
FN:137,str_upper
FNDA:0,str_upper
FN:150,str_rep
FNDA:0,str_rep
FN:177,str_byte
FNDA:0,str_byte
FN:195,str_char
FNDA:0,str_char
FN:222,writer
FNDA:0,writer
FN:233,str_dump
FNDA:0,str_dump
FN:264,tonum
FNDA:2,tonum
FN:277,trymt
FNDA:2,trymt
FN:288,arith
FNDA:2,arith
FN:297,arith_add
FNDA:0,arith_add
FN:301,arith_sub
FNDA:0,arith_sub
FN:305,arith_mul
FNDA:0,arith_mul
FN:309,arith_mod
FNDA:1,arith_mod
FN:313,arith_pow
FNDA:0,arith_pow
FN:317,arith_div
FNDA:0,arith_div
FN:321,arith_idiv
FNDA:0,arith_idiv
FN:325,arith_unm
FNDA:1,arith_unm
FN:386,check_capture
FNDA:0,check_capture
FN:395,capture_to_close
FNDA:0,capture_to_close
FN:403,classend
FNDA:0,classend
FN:427,match_class
FNDA:0,match_class
FN:447,matchbracketclass
FNDA:0,matchbracketclass
FN:470,singlematch
FNDA:0,singlematch
FN:486,matchbalance
FNDA:0,matchbalance
FN:506,max_expand
FNDA:0,max_expand
FN:521,min_expand
FNDA:0,min_expand
FN:534,start_capture
FNDA:0,start_capture
FN:548,end_capture
FNDA:0,end_capture
FN:559,match_capture
FNDA:0,match_capture
FN:570,match
FNDA:0,match
FN:673,lmemfind
FNDA:0,lmemfind
FN:702,get_onecapture
FNDA:0,get_onecapture
FN:725,push_onecapture
FNDA:0,push_onecapture
FN:735,push_captures
FNDA:0,push_captures
FN:746,nospecials
FNDA:0,nospecials
FN:773,str_find_aux
FNDA:0,str_find_aux
FN:819,str_find
FNDA:0,str_find
FN:824,str_match
FNDA:0,str_match
FN:838,gmatch_aux
FNDA:0,gmatch_aux
FN:854,gmatch
FNDA:0,gmatch
FN:871,add_s
FNDA:0,add_s
FN:906,add_value
FNDA:0,add_value
FN:942,str_gsub
FNDA:0,str_gsub
FN:1122,addquoted
FNDA:0,addquoted
FN:1151,quotefloat
FNDA:0,quotefloat
FN:1175,addliteral
FNDA:0,addliteral
FN:1210,get2digits
FNDA:0,get2digits
FN:1225,checkformat
FNDA:0,checkformat
FN:1245,getformat
FNDA:0,getformat
FN:1263,addlenmod
FNDA:0,addlenmod
FN:1273,str_format
FNDA:0,str_format
FN:1449,getnum
FNDA:0,getnum
FN:1466,getnumlimit
FNDA:0,getnumlimit
FN:1488,getoption
FNDA:0,getoption
FN:1541,getdetails
FNDA:0,getdetails
FN:1568,packint
FNDA:0,packint
FN:1589,copywithendian
FNDA:0,copywithendian
FN:1601,str_pack
FNDA:0,str_pack
FN:1700,str_packsize
FNDA:0,str_packsize
FN:1728,unpackint
FNDA:0,unpackint
FN:1754,str_unpack
FNDA:0,str_unpack
FN:1852,createmetatable
FNDA:473,createmetatable
FN:1869,luaopen_string
FNDA:473,luaopen_string
DA:55,0
DA:56,0
DA:57,0
DA:58,0
DA:59,0
DA:71,0
DA:72,0
DA:73,0
DA:74,0
DA:76,0
DA:78,0
DA:87,0
DA:89,0
DA:90,0
DA:92,0
DA:93,0
DA:94,0
DA:96,0
DA:100,0
DA:101,0
DA:102,0
DA:103,0
DA:104,0
DA:105,0
DA:106,0
DA:107,0
DA:108,0
DA:112,0
DA:113,0
DA:114,0
DA:115,0
DA:116,0
DA:117,0
DA:118,0
DA:119,0
DA:120,0
DA:124,0
DA:125,0
DA:126,0
DA:127,0
DA:128,0
DA:129,0
DA:130,0
DA:131,0
DA:132,0
DA:133,0
DA:137,0
DA:138,0
DA:139,0
DA:140,0
DA:141,0
DA:142,0
DA:143,0
DA:144,0
DA:145,0
DA:146,0
DA:150,0
DA:151,0
DA:152,0
DA:153,0
DA:154,0
DA:155,0
DA:156,0
DA:157,0
DA:158,0
DA:160,0
DA:161,0
DA:162,0
DA:163,0
DA:164,0
DA:165,0
DA:166,0
DA:167,0
DA:170,0
DA:171,0
DA:177,0
DA:178,0
DA:179,0
DA:180,0
DA:181,0
DA:182,0
DA:183,0
DA:184,0
DA:185,0
DA:186,0
DA:187,0
DA:188,0
DA:189,0
DA:190,0
DA:195,0
DA:196,0
DA:197,0
DA:198,0
DA:199,0
DA:200,0
DA:201,0
DA:202,0
DA:203,0
DA:205,0
DA:206,0
DA:222,0
DA:223,0
DA:224,0
DA:225,0
DA:226,0
DA:228,0
DA:229,0
DA:233,0
DA:234,0
DA:235,0
DA:236,0
DA:237,0
DA:238,0
DA:239,0
DA:240,0
DA:241,0
DA:242,0
DA:264,2
DA:265,2
DA:266,0
DA:267,0
DA:270,2
DA:271,2
DA:272,2
DA:277,2
DA:278,2
DA:279,4
DA:281,2
DA:283,0
DA:284,0
DA:285,0
DA:288,2
DA:289,2
DA:290,0
DA:292,2
DA:293,0
DA:297,0
DA:298,0
DA:301,0
DA:302,0
DA:305,0
DA:306,0
DA:309,1
DA:310,1
DA:313,0
DA:314,0
DA:317,0
DA:318,0
DA:321,0
DA:322,0
DA:325,1
DA:326,1
DA:386,0
DA:387,0
DA:388,0
DA:390,0
DA:395,0
DA:396,0
DA:397,0
DA:398,0
DA:399,0
DA:403,0
DA:404,0
DA:405,0
DA:406,0
DA:407,0
DA:408,0
DA:410,0
DA:411,0
DA:412,0
DA:413,0
DA:414,0
DA:415,0
DA:416,0
DA:417,0
DA:418,0
DA:427,0
DA:428,0
DA:429,0
DA:430,0
DA:431,0
DA:432,0
DA:433,0
DA:434,0
DA:435,0
DA:436,0
DA:437,0
DA:438,0
DA:439,0
DA:440,0
DA:441,0
DA:443,0
DA:447,0
DA:448,0
DA:449,0
DA:450,0
DA:451,0
DA:453,0
DA:454,0
DA:455,0
DA:456,0
DA:459,0
DA:460,0
DA:461,0
DA:464,0
DA:466,0
DA:470,0
DA:472,0
DA:475,0
DA:476,0
DA:478,0
DA:479,0
DA:480,0
DA:486,0
DA:488,0
DA:489,0
DA:490,0
DA:492,0
DA:493,0
DA:494,0
DA:495,0
DA:496,0
DA:497,0
DA:499,0
DA:506,0
DA:508,0
DA:509,0
DA:510,0
DA:512,0
DA:513,0
DA:514,0
DA:515,0
DA:521,0
DA:523,0
DA:524,0
DA:525,0
DA:526,0
DA:527,0
DA:528,0
DA:534,0
DA:536,0
DA:537,0
DA:538,0
DA:539,0
DA:540,0
DA:541,0
DA:542,0
DA:543,0
DA:544,0
DA:548,0
DA:550,0
DA:551,0
DA:552,0
DA:553,0
DA:554,0
DA:555,0
DA:559,0
DA:560,0
DA:561,0
DA:562,0
DA:563,0
DA:564,0
DA:565,0
DA:570,0
DA:571,0
DA:572,0
DA:573,0
DA:574,0
DA:575,0
DA:576,0
DA:577,0
DA:578,0
DA:580,0
DA:583,0
DA:584,0
DA:585,0
DA:587,0
DA:588,0
DA:589,0
DA:590,0
DA:593,0
DA:594,0
DA:595,0
DA:596,0
DA:597,0
DA:598,0
DA:602,0
DA:603,0
DA:604,0
DA:605,0
DA:606,0
DA:607,0
DA:608,0
DA:609,0
DA:610,0
DA:611,0
DA:616,0
DA:619,0
DA:620,0
DA:621,0
DA:625,0
DA:629,0
DA:630,0
DA:632,0
DA:633,0
DA:634,0
DA:640,0
DA:641,0
DA:642,0
DA:643,0
DA:646,0
DA:650,0
DA:651,0
DA:653,0
DA:654,0
DA:655,0
DA:656,0
DA:657,0
DA:658,0
DA:659,0
DA:660,0
DA:667,0
DA:668,0
DA:673,0
DA:675,0
DA:676,0
DA:678,0
DA:679,0
DA:680,0
DA:681,0
DA:682,0
DA:683,0
DA:684,0
DA:686,0
DA:687,0
DA:702,0
DA:704,0
DA:705,0
DA:706,0
DA:707,0
DA:708,0
DA:711,0
DA:712,0
DA:713,0
DA:714,0
DA:715,0
DA:716,0
DA:717,0
DA:725,0
DA:727,0
DA:728,0
DA:729,0
DA:730,0
DA:732,0
DA:735,0
DA:736,0
DA:737,0
DA:738,0
DA:739,0
DA:740,0
DA:741,0
DA:746,0
DA:747,0
DA:748,0
DA:749,0
DA:751,0
DA:752,0
DA:757,0
DA:759,0
DA:760,0
DA:761,0
DA:762,0
DA:763,0
DA:764,0
DA:767,0
DA:768,0
DA:769,0
DA:773,0
DA:774,0
DA:775,0
DA:776,0
DA:777,0
DA:778,0
DA:779,0
DA:780,0
DA:783,0
DA:785,0
DA:786,0
DA:787,0
DA:788,0
DA:789,0
DA:793,0
DA:794,0
DA:795,0
DA:796,0
DA:797,0
DA:799,0
DA:800,0
DA:801,0
DA:802,0
DA:803,0
DA:804,0
DA:805,0
DA:806,0
DA:807,0
DA:810,0
DA:812,0
DA:814,0
DA:815,0
DA:819,0
DA:820,0
DA:824,0
DA:825,0
DA:838,0
DA:839,0
DA:840,0
DA:841,0
DA:842,0
DA:843,0
DA:844,0
DA:845,0
DA:846,0
DA:847,0
DA:854,0
DA:855,0
DA:856,0
DA:857,0
DA:858,0
DA:859,0
DA:860,0
DA:861,0
DA:862,0
DA:863,0
DA:864,0
DA:865,0
DA:866,0
DA:867,0
DA:871,0
DA:873,0
DA:874,0
DA:875,0
DA:876,0
DA:877,0
DA:878,0
DA:879,0
DA:880,0
DA:881,0
DA:882,0
DA:883,0
DA:884,0
DA:885,0
DA:886,0
DA:887,0
DA:888,0
DA:890,0
DA:893,0
DA:894,0
DA:895,0
DA:897,0
DA:898,0
DA:906,0
DA:908,0
DA:909,0
DA:910,0
DA:911,0
DA:912,0
DA:913,0
DA:914,0
DA:915,0
DA:917,0
DA:918,0
DA:919,0
DA:920,0
DA:922,0
DA:923,0
DA:924,0
DA:927,0
DA:928,0
DA:929,0
DA:930,0
DA:932,0
DA:933,0
DA:936,0
DA:937,0
DA:942,0
DA:943,0
DA:944,0
DA:945,0
DA:946,0
DA:947,0
DA:948,0
DA:949,0
DA:950,0
DA:951,0
DA:952,0
DA:953,0
DA:954,0
DA:957,0
DA:958,0
DA:959,0
DA:961,0
DA:962,0
DA:963,0
DA:964,0
DA:965,0
DA:966,0
DA:967,0
DA:968,0
DA:970,0
DA:971,0
DA:973,0
DA:975,0
DA:976,0
DA:978,0
DA:979,0
DA:981,0
DA:982,0
DA:1122,0
DA:1123,0
DA:1124,0
DA:1125,0
DA:1126,0
DA:1127,0
DA:1129,0
DA:1130,0
DA:1131,0
DA:1132,0
DA:1134,0
DA:1135,0
DA:1138,0
DA:1139,0
DA:1141,0
DA:1142,0
DA:1151,0
DA:1152,0
DA:1153,0
DA:1155,0
DA:1157,0
DA:1160,0
DA:1163,0
DA:1164,0
DA:1165,0
DA:1166,0
DA:1168,0
DA:1171,0
DA:1175,0
DA:1176,0
DA:1177,0
DA:1178,0
DA:1179,0
DA:1180,0
DA:1181,0
DA:1183,0
DA:1184,0
DA:1185,0
DA:1186,0
DA:1187,0
DA:1189,0
DA:1190,0
DA:1192,0
DA:1193,0
DA:1195,0
DA:1196,0
DA:1198,0
DA:1199,0
DA:1200,0
DA:1201,0
DA:1203,0
DA:1204,0
DA:1207,0
DA:1210,0
DA:1211,0
DA:1212,0
DA:1213,0
DA:1215,0
DA:1225,0
DA:1227,0
DA:1228,0
DA:1229,0
DA:1230,0
DA:1231,0
DA:1232,0
DA:1233,0
DA:1236,0
DA:1237,0
DA:1238,0
DA:1245,0
DA:1248,0
DA:1249,0
DA:1251,0
DA:1252,0
DA:1253,0
DA:1254,0
DA:1255,0
DA:1256,0
DA:1263,0
DA:1264,0
DA:1265,0
DA:1266,0
DA:1267,0
DA:1268,0
DA:1269,0
DA:1270,0
DA:1273,0
DA:1274,0
DA:1275,0
DA:1276,0
DA:1277,0
DA:1278,0
DA:1279,0
DA:1280,0
DA:1281,0
DA:1282,0
DA:1283,0
DA:1284,0
DA:1285,0
DA:1286,0
DA:1288,0
DA:1289,0
DA:1290,0
DA:1291,0
DA:1292,0
DA:1293,0
DA:1294,0
DA:1295,0
DA:1296,0
DA:1297,0
DA:1298,0
DA:1299,0
DA:1301,0
DA:1302,0
DA:1303,0
DA:1304,0
DA:1305,0
DA:1306,0
DA:1309,0
DA:1310,0
DA:1311,0
DA:1312,0
DA:1313,0
DA:1314,0
DA:1316,0
DA:1317,0
DA:1318,0
DA:1319,0
DA:1321,0
DA:1322,0
DA:1323,0
DA:1324,0
DA:1326,0
DA:1327,0
DA:1328,0
DA:1329,0
DA:1330,0
DA:1331,0
DA:1333,0
DA:1334,0
DA:1335,0
DA:1336,0
DA:1337,0
DA:1338,0
DA:1340,0
DA:1341,0
DA:1343,0
DA:1344,0
DA:1345,0
DA:1346,0
DA:1347,0
DA:1349,0
DA:1350,0
DA:1351,0
DA:1352,0
DA:1353,0
DA:1355,0
DA:1356,0
DA:1357,0
DA:1359,0
DA:1362,0
DA:1363,0
DA:1366,0
DA:1368,0
DA:1369,0
DA:1372,0
DA:1373,0
DA:1376,0
DA:1377,0
DA:1447,0
DA:1449,0
DA:1450,0
DA:1454,0
DA:1455,0
DA:1456,0
DA:1457,0
DA:1466,0
DA:1467,0
DA:1468,0
DA:1469,0
DA:1478,0
DA:1479,0
DA:1480,0
DA:1481,0
DA:1482,0
DA:1488,0
DA:1490,0
DA:1491,0
DA:1492,0
DA:1493,0
DA:1494,0
DA:1495,0
DA:1496,0
DA:1497,0
DA:1498,0
DA:1499,0
DA:1500,0
DA:1501,0
DA:1502,0
DA:1503,0
DA:1504,0
DA:1505,0
DA:1506,0
DA:1507,0
DA:1508,0
DA:1509,0
DA:1510,0
DA:1511,0
DA:1512,0
DA:1515,0
DA:1516,0
DA:1518,0
DA:1519,0
DA:1520,0
DA:1521,0
DA:1522,0
DA:1523,0
DA:1524,0
DA:1526,0
DA:1541,0
DA:1543,0
DA:1544,0
DA:1545,0
DA:1546,0
DA:1547,0
DA:1549,0
DA:1550,0
DA:1552,0
DA:1553,0
DA:1554,0
DA:1555,0
DA:1556,0
DA:1558,0
DA:1568,0
DA:1570,0
DA:1571,0
DA:1572,0
DA:1573,0
DA:1574,0
DA:1575,0
DA:1577,0
DA:1578,0
DA:1579,0
DA:1581,0
DA:1582,0
DA:1589,0
DA:1591,0
DA:1592,0
DA:1594,0
DA:1595,0
DA:1596,0
DA:1598,0
DA:1601,0
DA:1602,0
DA:1603,0
DA:1604,0
DA:1605,0
DA:1606,0
DA:1607,0
DA:1608,0
DA:1609,0
DA:1610,0
DA:1611,0
DA:1612,0
DA:1613,0
DA:1614,0
DA:1615,0
DA:1616,0
DA:1617,0
DA:1618,0
DA:1619,0
DA:1620,0
DA:1621,0
DA:1622,0
DA:1624,0
DA:1625,0
DA:1627,0
DA:1628,0
DA:1629,0
DA:1630,0
DA:1632,0
DA:1633,0
DA:1635,0
DA:1636,0
DA:1637,0
DA:1639,0
DA:1640,0
DA:1641,0
DA:1643,0
DA:1644,0
DA:1645,0
DA:1647,0
DA:1648,0
DA:1649,0
DA:1651,0
DA:1652,0
DA:1653,0
DA:1655,0
DA:1656,0
DA:1657,0
DA:1659,0
DA:1660,0
DA:1661,0
DA:1662,0
DA:1664,0
DA:1665,0
DA:1666,0
DA:1667,0
DA:1669,0
DA:1670,0
DA:1671,0
DA:1672,0
DA:1675,0
DA:1676,0
DA:1677,0
DA:1678,0
DA:1680,0
DA:1681,0
DA:1682,0
DA:1683,0
DA:1684,0
DA:1685,0
DA:1686,0
DA:1687,0
DA:1689,0
DA:1695,0
DA:1696,0
DA:1700,0
DA:1701,0
DA:1702,0
DA:1703,0
DA:1704,0
DA:1705,0
DA:1706,0
DA:1707,0
DA:1708,0
DA:1710,0
DA:1711,0
DA:1713,0
DA:1715,0
DA:1716,0
DA:1728,0
DA:1730,0
DA:1731,0
DA:1732,0
DA:1733,0
DA:1734,0
DA:1735,0
DA:1737,0
DA:1738,0
DA:1739,0
DA:1740,0
DA:1743,0
DA:1744,0
DA:1745,0
DA:1746,0
DA:1747,0
DA:1750,0
DA:1754,0
DA:1755,0
DA:1756,0
DA:1757,0
DA:1758,0
DA:1759,0
DA:1760,0
DA:1761,0
DA:1762,0
DA:1763,0
DA:1764,0
DA:1765,0
DA:1766,0
DA:1768,0
DA:1770,0
DA:1771,0
DA:1772,0
DA:1773,0
DA:1775,0
DA:1777,0
DA:1778,0
DA:1780,0
DA:1781,0
DA:1782,0
DA:1783,0
DA:1784,0
DA:1786,0
DA:1787,0
DA:1788,0
DA:1789,0
DA:1790,0
DA:1792,0
DA:1793,0
DA:1794,0
DA:1795,0
DA:1796,0
DA:1798,0
DA:1799,0
DA:1800,0
DA:1802,0
DA:1803,0
DA:1804,0
DA:1805,0
DA:1806,0
DA:1807,0
DA:1809,0
DA:1810,0
DA:1811,0
DA:1813,0
DA:1814,0
DA:1815,0
DA:1818,0
DA:1821,0
DA:1823,0
DA:1824,0
DA:1852,473
DA:1854,473
DA:1855,473
DA:1856,473
DA:1857,473
DA:1858,473
DA:1859,473
DA:1860,473
DA:1861,473
DA:1862,473
DA:1863,473
DA:1869,473
DA:1870,473
DA:1871,473
DA:1872,473
end_of_record
SF:/usr/include/ctype.h
DA:207,0
DA:209,0
end_of_record
TN:
SF:/home/kali/fuzz/hermitcrab/src/lua-5.4.6-cov/src/lbaselib.c
FN:24,luaB_print
FNDA:0,luaB_print
FN:45,luaB_warn
FNDA:0,luaB_warn
FN:60,b_str2int
FNDA:0,b_str2int
FN:81,luaB_tonumber
FNDA:0,luaB_tonumber
FN:114,luaB_error
FNDA:0,luaB_error
FN:126,luaB_getmetatable
FNDA:0,luaB_getmetatable
FN:137,luaB_setmetatable
FNDA:0,luaB_setmetatable
FN:149,luaB_rawequal
FNDA:0,luaB_rawequal
FN:157,luaB_rawlen
FNDA:0,luaB_rawlen
FN:166,luaB_rawget
FNDA:0,luaB_rawget
FN:174,luaB_rawset
FNDA:1,luaB_rawset
FN:184,pushmode
FNDA:0,pushmode
FN:199,luaB_collectgarbage
FNDA:1,luaB_collectgarbage
FN:259,luaB_type
FNDA:1,luaB_type
FN:267,luaB_next
FNDA:1,luaB_next
FN:279,pairscont
FNDA:0,pairscont
FN:284,luaB_pairs
FNDA:1,luaB_pairs
FN:302,ipairsaux
FNDA:0,ipairsaux
FN:314,luaB_ipairs
FNDA:0,luaB_ipairs
FN:323,load_aux
FNDA:0,load_aux
FN:340,luaB_loadfile
FNDA:0,luaB_loadfile
FN:370,generic_reader
FNDA:0,generic_reader
FN:387,luaB_load
FNDA:0,luaB_load
FN:409,dofilecont
FNDA:0,dofilecont
FN:415,luaB_dofile
FNDA:0,luaB_dofile
FN:425,luaB_assert
FNDA:0,luaB_assert
FN:438,luaB_select
FNDA:0,luaB_select
FN:461,finishpcall
FNDA:0,finishpcall
FN:472,luaB_pcall
FNDA:0,luaB_pcall
FN:487,luaB_xpcall
FNDA:1,luaB_xpcall
FN:499,luaB_tostring
FNDA:0,luaB_tostring
FN:537,luaopen_base
FNDA:473,luaopen_base
DA:24,0
DA:25,0
DA:26,0
DA:27,0
DA:28,0
DA:29,0
DA:30,0
DA:31,0
DA:32,0
DA:33,0
DA:35,0
DA:36,0
DA:45,0
DA:46,0
DA:47,0
DA:48,0
DA:49,0
DA:50,0
DA:51,0
DA:52,0
DA:53,0
DA:54,0
DA:60,0
DA:61,0
DA:62,0
DA:63,0
DA:64,0
DA:65,0
DA:66,0
DA:68,0
DA:69,0
DA:70,0
DA:71,0
DA:72,0
DA:73,0
DA:74,0
DA:75,0
DA:76,0
DA:77,0
DA:81,0
DA:82,0
DA:83,0
DA:84,0
DA:85,0
DA:88,0
DA:89,0
DA:90,0
DA:91,0
DA:93,0
DA:97,0
DA:98,0
DA:99,0
DA:100,0
DA:101,0
DA:102,0
DA:103,0
DA:104,0
DA:105,0
DA:106,0
DA:109,0
DA:110,0
DA:114,0
DA:115,0
DA:116,0
DA:117,0
DA:118,0
DA:119,0
DA:120,0
DA:122,0
DA:126,0
DA:127,0
DA:128,0
DA:129,0
DA:130,0
DA:132,0
DA:133,0
DA:137,0
DA:138,0
DA:139,0
DA:140,0
DA:141,0
DA:142,0
DA:143,0
DA:144,0
DA:145,0
DA:149,0
DA:150,0
DA:151,0
DA:152,0
DA:153,0
DA:157,0
DA:158,0
DA:159,0
DA:161,0
DA:162,0
DA:166,0
DA:167,0
DA:168,0
DA:169,0
DA:170,0
DA:171,0
DA:174,1
DA:175,1
DA:176,0
DA:177,0
DA:178,0
DA:179,0
DA:180,0
DA:184,0
DA:185,0
DA:186,0
DA:188,0
DA:190,0
DA:199,1
DA:200,1
DA:203,1
DA:206,1
DA:207,0
DA:208,0
DA:209,0
DA:210,0
DA:211,0
DA:212,0
DA:213,0
DA:215,0
DA:216,0
DA:217,0
DA:218,0
DA:219,0
DA:220,0
DA:222,0
DA:224,0
DA:225,0
DA:226,0
DA:227,0
DA:228,0
DA:230,0
DA:231,0
DA:232,0
DA:233,0
DA:234,0
DA:236,0
DA:237,0
DA:238,0
DA:239,0
DA:241,0
DA:242,0
DA:243,0
DA:244,0
DA:245,0
DA:247,0
DA:248,0
DA:249,0
DA:250,0
DA:251,0
DA:254,0
DA:255,0
DA:259,1
DA:260,1
DA:261,1
DA:262,0
DA:263,0
DA:267,1
DA:268,1
DA:269,0
DA:270,0
DA:273,0
DA:274,0
DA:279,0
DA:280,0
DA:281,0
DA:284,1
DA:285,1
DA:286,1
DA:287,1
DA:288,1
DA:289,1
DA:292,0
DA:293,0
DA:295,1
DA:302,0
DA:303,0
DA:304,0
DA:305,0
DA:306,0
DA:314,0
DA:315,0
DA:316,0
DA:317,0
DA:318,0
DA:319,0
DA:323,0
DA:324,0
DA:325,0
DA:326,0
DA:327,0
DA:328,0
DA:330,0
DA:333,0
DA:334,0
DA:335,0
DA:340,0
DA:341,0
DA:342,0
DA:343,0
DA:344,0
DA:345,0
DA:370,0
DA:371,0
DA:372,0
DA:373,0
DA:374,0
DA:375,0
DA:376,0
DA:377,0
DA:378,0
DA:380,0
DA:381,0
DA:382,0
DA:383,0
DA:387,0
DA:388,0
DA:389,0
DA:390,0
DA:391,0
DA:392,0
DA:393,0
DA:394,0
DA:395,0
DA:398,0
DA:399,0
DA:400,0
DA:401,0
DA:403,0
DA:409,0
DA:410,0
DA:411,0
DA:415,0
DA:416,0
DA:417,0
DA:418,0
DA:419,0
DA:420,0
DA:421,0
DA:425,0
DA:426,0
DA:427,0
DA:429,0
DA:430,0
DA:431,0
DA:432,0
DA:433,0
DA:438,0
DA:439,0
DA:440,0
DA:441,0
DA:442,0
DA:445,0
DA:446,0
DA:447,0
DA:448,0
DA:449,0
DA:461,0
DA:462,0
DA:463,0
DA:464,0
DA:465,0
DA:468,0
DA:472,0
DA:473,0
DA:474,0
DA:475,0
DA:476,0
DA:477,0
DA:478,0
DA:487,1
DA:488,1
DA:489,1
DA:490,1
DA:491,0
DA:492,0
DA:493,0
DA:494,0
DA:495,0
DA:499,0
DA:500,0
DA:501,0
DA:502,0
DA:537,473
DA:539,473
DA:540,473
DA:542,473
DA:543,473
DA:545,473
DA:546,473
DA:547,473
end_of_record
TN:
SF:/home/kali/fuzz/hermitcrab/src/lua-5.4.6-cov/src/linit.c
FN:57,luaL_openlibs
FNDA:473,luaL_openlibs
DA:57,473
DA:58,473
DA:60,5203
DA:61,4730
DA:62,4730
DA:64,473
end_of_record
TN:
SF:/home/kali/fuzz/hermitcrab/src/lua-5.4.6-cov/src/lmem.c
FN:97,luaM_growaux_
FNDA:24637,luaM_growaux_
FN:128,luaM_shrinkvector_
FNDA:2996,luaM_shrinkvector_
FN:142,luaM_toobig
FNDA:0,luaM_toobig
FN:150,luaM_free_
FNDA:163043,luaM_free_
FN:162,tryagain
FNDA:0,tryagain
FN:176,luaM_realloc_
FNDA:31058,luaM_realloc_
FN:192,luaM_saferealloc_
FNDA:12175,luaM_saferealloc_
FN:201,luaM_malloc_
FNDA:143933,luaM_malloc_
DA:97,24637
DA:99,24637
DA:100,24637
DA:101,24637
DA:103,8021
DA:104,0
DA:105,0
DA:109,8021
DA:110,8021
DA:113,8021
DA:115,16042
DA:116,8021
DA:117,8021
DA:118,8021
DA:128,2996
DA:130,2996
DA:131,2996
DA:132,2996
DA:133,2996
DA:134,2996
DA:135,2996
DA:136,2996
DA:142,0
DA:143,0
DA:150,163043
DA:151,163043
DA:152,163043
DA:153,163043
DA:154,163043
DA:155,163043
DA:162,0
DA:164,0
DA:165,0
DA:166,0
DA:167,0
DA:176,31058
DA:177,31058
DA:178,31058
DA:179,31058
DA:180,31058
DA:181,31058
DA:182,0
DA:183,0
DA:186,31058
DA:187,31058
DA:188,31058
DA:192,12175
DA:194,12175
DA:195,12175
DA:196,0
DA:197,12175
DA:201,143933
DA:202,143933
DA:205,143933
DA:206,143933
DA:207,143933
DA:208,0
DA:209,0
DA:210,0
DA:212,143933
DA:213,143933
end_of_record
TN:
SF:/home/kali/fuzz/hermitcrab/src/lua-5.4.6-cov/src/lfunc.c
FN:27,luaF_newCclosure
FNDA:3315,luaF_newCclosure
FN:35,luaF_newLclosure
FNDA:508,luaF_newLclosure
FN:48,luaF_initupvals
FNDA:149,luaF_initupvals
FN:65,newupval
FNDA:2,newupval
FN:87,luaF_findupval
FNDA:2,luaF_findupval
FN:107,callclosemethod
FNDA:0,callclosemethod
FN:125,checkclosemth
FNDA:0,checkclosemth
FN:143,prepcallclosemth
FNDA:0,prepcallclosemth
FN:168,luaF_newtbcupval
FNDA:0,luaF_newtbcupval
FN:182,luaF_unlinkupval
FNDA:0,luaF_unlinkupval
FN:193,luaF_closeupval
FNDA:902,luaF_closeupval
FN:213,poptbclist
FNDA:0,poptbclist
FN:227,luaF_close
FNDA:895,luaF_close
FN:240,luaF_newproto
FNDA:1097,luaF_newproto
FN:267,luaF_freeproto
FNDA:1097,luaF_freeproto
FN:283,luaF_getlocalname
FNDA:113,luaF_getlocalname
DA:27,3315
DA:28,3315
DA:29,3315
DA:30,3315
DA:31,3315
DA:35,508
DA:36,508
DA:37,508
DA:38,508
DA:39,508
DA:40,996
DA:41,508
DA:48,149
DA:49,149
DA:50,298
DA:51,149
DA:52,149
DA:53,149
DA:54,149
DA:55,149
DA:56,149
DA:58,149
DA:65,2
DA:66,2
DA:67,2
DA:68,2
DA:69,2
DA:70,2
DA:71,2
DA:72,2
DA:73,0
DA:74,2
DA:75,2
DA:76,2
DA:77,2
DA:79,2
DA:87,2
DA:88,2
DA:89,2
DA:90,2
DA:91,2
DA:92,0
DA:93,0
DA:94,0
DA:95,0
DA:98,2
DA:107,0
DA:108,0
DA:109,0
DA:110,0
DA:111,0
DA:112,0
DA:113,0
DA:114,0
DA:115,0
DA:117,0
DA:118,0
DA:125,0
DA:126,0
DA:127,0
DA:128,0
DA:129,0
DA:130,0
DA:131,0
DA:133,0
DA:143,0
DA:144,0
DA:145,0
DA:146,0
DA:147,0
DA:149,0
DA:150,0
DA:152,0
DA:153,0
DA:168,0
DA:169,0
DA:170,0
DA:172,0
DA:173,0
DA:174,0
DA:175,0
DA:177,0
DA:178,0
DA:182,2
DA:183,2
DA:184,2
DA:185,0
DA:186,0
DA:187,0
DA:193,902
DA:194,902
DA:195,902
DA:196,1806
DA:197,2
DA:198,2
DA:199,2
DA:200,2
DA:201,2
DA:202,2
DA:203,0
DA:204,0
DA:207,902
DA:213,0
DA:214,0
DA:215,0
DA:216,0
DA:217,0
DA:218,0
DA:219,0
DA:220,0
DA:227,895
DA:228,895
DA:229,895
DA:230,895
DA:231,0
DA:232,0
DA:233,0
DA:234,0
DA:236,895
DA:240,1097
DA:241,1097
DA:242,1097
DA:243,1097
DA:244,1097
DA:245,1097
DA:246,1097
DA:247,1097
DA:248,1097
DA:249,1097
DA:250,1097
DA:251,1097
DA:252,1097
DA:253,1097
DA:254,1097
DA:255,1097
DA:256,1097
DA:257,1097
DA:258,1097
DA:259,1097
DA:260,1097
DA:261,1097
DA:262,1097
DA:263,1097
DA:267,1097
DA:268,1097
DA:269,1097
DA:270,1097
DA:271,1097
DA:272,1097
DA:273,1097
DA:274,1097
DA:275,1097
DA:276,1097
DA:283,113
DA:284,113
DA:285,122
DA:286,9
DA:287,5
DA:288,5
DA:289,0
end_of_record
TN:
SF:/home/kali/fuzz/hermitcrab/src/lua-5.4.6-cov/src/lgc.c
FN:125,getgclist
FNDA:27169,getgclist
FN:185,iscleared
FNDA:0,iscleared
FN:208,luaC_barrier_
FNDA:0,luaC_barrier_
FN:230,luaC_barrierback_
FNDA:30,luaC_barrierback_
FN:243,luaC_fix
FNDA:23177,luaC_fix
FN:258,luaC_newobjdt
FNDA:124482,luaC_newobjdt
FN:270,luaC_newobj
FNDA:124475,luaC_newobj
FN:297,reallymarkobject
FNDA:93350,reallymarkobject
FN:335,markmt
FNDA:955,markmt
FN:345,markbeingfnz
FNDA:955,markbeingfnz
FN:367,remarkupvals
FNDA:482,remarkupvals
FN:403,restartcollection
FNDA:473,restartcollection
FN:430,genlink
FNDA:9469,genlink
FN:446,traverseweakvalue
FNDA:0,traverseweakvalue
FN:480,traverseephemeron
FNDA:0,traverseephemeron
FN:523,traversestrongtable
FNDA:9469,traversestrongtable
FN:542,traversetable
FNDA:9469,traversetable
FN:563,traverseudata
FNDA:0,traverseudata
FN:578,traverseproto
FNDA:62,traverseproto
FN:593,traverseCclosure
FNDA:3311,traverseCclosure
FN:604,traverseLclosure
FNDA:9,traverseLclosure
FN:627,traversethread
FNDA:482,traversethread
FN:658,propagatemark
FNDA:13333,propagatemark
FN:674,propagateall
FNDA:1928,propagateall
FN:689,convergeephemerons
FNDA:964,convergeephemerons
FN:723,clearbykeys
FNDA:964,clearbykeys
FN:742,clearbyvalues
FNDA:1928,clearbyvalues
FN:763,freeupval
FNDA:151,freeupval
FN:770,freeobj
FNDA:124482,freeobj
FN:822,sweeplist
FNDA:0,sweeplist
FN:849,sweeptolive
FNDA:0,sweeptolive
FN:869,checkSizes
FNDA:482,checkSizes
FN:884,udata2finalize
FNDA:1892,udata2finalize
FN:899,dothecall
FNDA:1892,dothecall
FN:905,GCTM
FNDA:1892,GCTM
FN:936,runafewfinalizers
FNDA:0,runafewfinalizers
FN:948,callallpendingfinalizers
FNDA:955,callallpendingfinalizers
FN:972,separatetobefnz
FNDA:955,separatetobefnz
FN:1005,correctpointers
FNDA:1892,correctpointers
FN:1017,luaC_checkfinalizer
FNDA:1892,luaC_checkfinalizer
FN:1057,setpause
FNDA:0,setpause
FN:1077,sweep2old
FNDA:1419,sweep2old
FN:1113,sweepgen
FNDA:45,sweepgen
FN:1170,correctgraylist
FNDA:1928,correctgraylist
FN:1203,correctgraylists
FNDA:482,correctgraylists
FN:1219,markold
FNDA:18,markold
FN:1235,finishgencycle
FNDA:482,finishgencycle
FN:1249,youngcollection
FNDA:9,youngcollection
FN:1290,atomic2gen
FNDA:473,atomic2gen
FN:1316,setminordebt
FNDA:482,setminordebt
FN:1327,entergen
FNDA:473,entergen
FN:1343,enterinc
FNDA:473,enterinc
FN:1358,luaC_changemode
FNDA:946,luaC_changemode
FN:1373,fullgen
FNDA:0,fullgen
FN:1400,stepgenfull
FNDA:0,stepgenfull
FN:1440,genstep
FNDA:9,genstep
FN:1484,entersweep
FNDA:0,entersweep
FN:1509,luaC_freeallobjects
FNDA:473,luaC_freeallobjects
FN:1523,atomic
FNDA:482,atomic
FN:1566,sweepstep
FNDA:0,sweepstep
FN:1583,singlestep
FNDA:473,singlestep
FN:1650,luaC_runtilstate
FNDA:946,luaC_runtilstate
FN:1665,incstep
FNDA:0,incstep
FN:1688,luaC_step
FNDA:3320,luaC_step
FN:1708,fullinc
FNDA:0,fullinc
FN:1726,luaC_fullgc
FNDA:0,luaC_fullgc
DA:125,27169
DA:126,27169
DA:127,18968
DA:128,18
DA:129,6622
DA:130,1437
DA:131,124
DA:132,0
DA:133,0
DA:134,0
DA:135,0
DA:148,13836
DA:149,13836
DA:150,13836
DA:151,13836
DA:152,13836
DA:153,13836
DA:171,56481
DA:172,56481
DA:173,56481
DA:174,0
DA:185,0
DA:186,0
DA:187,0
DA:188,0
DA:189,0
DA:191,0
DA:208,0
DA:209,0
DA:210,0
DA:211,0
DA:212,0
DA:213,0
DA:214,0
DA:215,0
DA:219,0
DA:220,0
DA:221,0
DA:223,0
DA:230,30
DA:231,30
DA:232,30
DA:233,30
DA:234,30
DA:235,0
DA:237,30
DA:238,30
DA:239,30
DA:240,30
DA:243,23177
DA:244,23177
DA:245,23177
DA:246,23177
DA:247,23177
DA:248,23177
DA:249,23177
DA:250,23177
DA:251,23177
DA:258,124482
DA:259,124482
DA:260,124482
DA:261,124482
DA:262,124482
DA:263,124482
DA:264,124482
DA:265,124482
DA:266,124482
DA:270,124475
DA:271,124475
DA:297,93350
DA:298,93350
DA:299,78134
DA:301,78134
DA:302,78134
DA:304,0
DA:305,0
DA:306,0
DA:307,0
DA:309,0
DA:310,0
DA:313,1892
DA:314,1892
DA:315,1892
DA:316,1892
DA:317,1892
DA:318,1892
DA:324,13324
DA:329,93350
DA:335,955
DA:336,955
DA:337,9550
DA:338,8595
DA:339,955
DA:345,955
DA:346,955
DA:347,955
DA:348,955
DA:349,0
DA:350,0
DA:352,955
DA:367,482
DA:368,482
DA:369,482
DA:370,482
DA:371,482
DA:372,0
DA:373,0
DA:374,0
DA:376,0
DA:377,0
DA:378,0
DA:379,0
DA:380,0
DA:381,0
DA:382,0
DA:383,0
DA:384,0
DA:385,0
DA:390,482
DA:394,946
DA:395,946
DA:396,946
DA:403,473
DA:404,473
DA:405,473
DA:406,473
DA:407,473
DA:408,473
DA:409,473
DA:430,9469
DA:431,9469
DA:432,9469
DA:433,0
DA:435,9469
DA:436,0
DA:437,9469
DA:446,0
DA:447,0
DA:450,0
DA:451,0
DA:452,0
DA:453,0
DA:455,0
DA:456,0
DA:457,0
DA:458,0
DA:461,0
DA:462,0
DA:464,0
DA:465,0
DA:480,0
DA:481,0
DA:482,0
DA:483,0
DA:484,0
DA:485,0
DA:486,0
DA:488,0
DA:489,0
DA:490,0
DA:491,0
DA:496,0
DA:497,0
DA:498,0
DA:499,0
DA:500,0
DA:501,0
DA:502,0
DA:503,0
DA:505,0
DA:506,0
DA:507,0
DA:511,0
DA:512,0
DA:513,0
DA:514,0
DA:515,0
DA:516,0
DA:518,0
DA:519,0
DA:523,9469
DA:524,9469
DA:525,9469
DA:526,9469
DA:527,21776
DA:528,2838
DA:529,160363
DA:530,150894
DA:531,56481
DA:533,94413
DA:534,94413
DA:535,150894
DA:538,9469
DA:539,9469
DA:542,9469
DA:543,9469
DA:544,9469
DA:545,9469
DA:546,9469
DA:547,0
DA:548,0
DA:549,0
DA:550,0
DA:551,0
DA:552,0
DA:553,0
DA:555,0
DA:558,9469
DA:559,9469
DA:563,0
DA:564,0
DA:565,0
DA:566,0
DA:567,0
DA:568,0
DA:569,0
DA:578,62
DA:579,62
DA:580,62
DA:581,256
DA:582,194
DA:583,201
DA:584,139
DA:585,193
DA:586,131
DA:587,185
DA:588,123
DA:589,62
DA:593,3311
DA:594,3311
DA:595,6622
DA:596,3311
DA:597,3311
DA:604,9
DA:605,9
DA:606,9
DA:607,18
DA:608,9
DA:609,9
DA:611,9
DA:627,482
DA:628,482
DA:629,482
DA:630,482
DA:631,9
DA:632,482
DA:636,2446
DA:637,1964
DA:638,482
DA:639,0
DA:640,482
DA:641,20208
DA:642,19726
DA:644,482
DA:645,0
DA:646,0
DA:649,0
DA:650,0
DA:651,482
DA:658,13333
DA:659,13333
DA:660,13333
DA:661,13333
DA:662,13333
DA:663,9469
DA:664,0
DA:665,9
DA:666,3311
DA:667,62
DA:668,482
DA:674,1928
DA:675,1928
DA:676,15261
DA:677,13333
DA:678,1928
DA:689,964
DA:690,964
DA:691,964
DA:692,964
DA:693,964
DA:694,964
DA:695,964
DA:696,964
DA:697,964
DA:698,0
DA:699,0
DA:700,0
DA:701,0
DA:702,0
DA:703,0
DA:706,964
DA:707,964
DA:708,964
DA:723,964
DA:724,964
DA:725,0
DA:726,0
DA:727,0
DA:728,0
DA:729,0
DA:730,0
DA:731,0
DA:732,0
DA:735,964
DA:742,1928
DA:743,1928
DA:744,0
DA:745,0
DA:746,0
DA:747,0
DA:748,0
DA:749,0
DA:750,0
DA:751,0
DA:753,0
DA:754,0
DA:755,0
DA:756,0
DA:757,0
DA:760,1928
DA:763,151
DA:764,151
DA:765,0
DA:766,151
DA:767,151
DA:770,124482
DA:771,124482
DA:772,1097
DA:773,1097
DA:774,1097
DA:775,151
DA:776,151
DA:777,151
DA:778,508
DA:779,508
DA:780,508
DA:781,508
DA:783,3315
DA:784,3315
DA:785,3315
DA:786,3315
DA:788,10012
DA:789,10012
DA:790,10012
DA:791,7
DA:792,7
DA:793,7
DA:794,1892
DA:795,1892
DA:796,1892
DA:797,1892
DA:799,104011
DA:800,104011
DA:801,104011
DA:802,104011
DA:803,104011
DA:805,3489
DA:806,3489
DA:807,3489
DA:808,3489
DA:810,124482
DA:812,124482
DA:822,0
DA:824,0
DA:825,0
DA:826,0
DA:827,0
DA:828,0
DA:829,0
DA:830,0
DA:831,0
DA:832,0
DA:833,0
DA:836,0
DA:837,0
DA:840,0
DA:841,0
DA:842,0
DA:849,0
DA:850,0
DA:851,0
DA:852,0
DA:853,0
DA:854,0
DA:869,482
DA:870,482
DA:871,482
DA:872,0
DA:873,0
DA:874,0
DA:877,482
DA:884,1892
DA:885,1892
DA:886,1892
DA:887,1892
DA:888,1892
DA:889,1892
DA:890,1892
DA:891,1892
DA:892,0
DA:893,1892
DA:894,0
DA:895,1892
DA:899,1892
DA:900,1892
DA:901,1892
DA:902,1892
DA:905,1892
DA:906,1892
DA:907,1892
DA:908,1892
DA:909,1892
DA:910,1892
DA:911,1892
DA:912,1892
DA:913,1892
DA:914,1892
DA:915,1892
DA:916,1892
DA:917,1892
DA:918,1892
DA:919,1892
DA:920,1892
DA:921,1892
DA:922,1892
DA:923,1892
DA:924,1892
DA:925,1892
DA:926,0
DA:927,0
DA:930,1892
DA:936,0
DA:937,0
DA:938,0
DA:939,0
DA:940,0
DA:941,0
DA:948,955
DA:949,955
DA:950,2847
DA:951,1892
DA:952,955
DA:958,955
DA:959,955
DA:960,0
DA:972,955
DA:973,955
DA:974,955
DA:975,955
DA:976,4739
DA:977,3784
DA:978,3784
DA:979,1892
DA:981,1892
DA:982,0
DA:983,1892
DA:984,1892
DA:985,1892
DA:986,1892
DA:989,955
DA:995,7568
DA:996,7568
DA:997,0
DA:1005,1892
DA:1006,1892
DA:1007,1892
DA:1008,1892
DA:1009,1892
DA:1010,1892
DA:1017,1892
DA:1018,1892
DA:1019,1892
DA:1020,1892
DA:1021,1892
DA:1022,0
DA:1024,1892
DA:1025,1892
DA:1026,0
DA:1027,0
DA:1028,0
DA:1031,1892
DA:1033,2365
DA:1034,1892
DA:1035,1892
DA:1036,1892
DA:1037,1892
DA:1057,0
DA:1058,0
DA:1059,0
DA:1060,0
DA:1061,0
DA:1062,0
DA:1064,0
DA:1065,0
DA:1066,0
DA:1067,0
DA:1068,0
DA:1077,1419
DA:1078,1419
DA:1079,1419
DA:1080,96019
DA:1081,94600
DA:1082,1419
DA:1083,1419
DA:1084,1419
DA:1087,93181
DA:1088,93181
DA:1089,473
DA:1090,473
DA:1092,92708
DA:1093,0
DA:1095,92708
DA:1096,93181
DA:1099,1419
DA:1113,45
DA:1115,45
DA:1124,45
DA:1125,45
DA:1126,214
DA:1127,169
DA:1128,0
DA:1129,0
DA:1130,0
DA:1133,169
DA:1134,169
DA:1135,169
DA:1138,0
DA:1139,0
DA:1140,0
DA:1142,169
DA:1145,45
DA:1154,1419
DA:1155,1419
DA:1156,101305
DA:1157,99886
DA:1170,1928
DA:1171,1928
DA:1172,2410
DA:1173,482
DA:1174,482
DA:1175,0
DA:1176,482
DA:1177,0
DA:1178,0
DA:1179,0
DA:1180,0
DA:1182,482
DA:1183,482
DA:1184,482
DA:1187,0
DA:1188,0
DA:1189,0
DA:1190,0
DA:1191,0
DA:1193,0
DA:1194,482
DA:1196,1928
DA:1203,482
DA:1204,482
DA:1205,482
DA:1206,482
DA:1207,482
DA:1208,482
DA:1209,482
DA:1210,482
DA:1211,482
DA:1219,18
DA:1220,18
DA:1221,18
DA:1222,0
DA:1223,0
DA:1224,0
DA:1225,0
DA:1226,0
DA:1229,18
DA:1235,482
DA:1236,482
DA:1237,482
DA:1238,482
DA:1239,482
DA:1240,482
DA:1241,482
DA:1249,9
DA:1250,9
DA:1251,9
DA:1252,9
DA:1253,9
DA:1254,0
DA:1255,0
DA:1257,9
DA:1258,9
DA:1259,9
DA:1262,9
DA:1263,9
DA:1265,9
DA:1266,9
DA:1267,9
DA:1268,9
DA:1271,9
DA:1272,9
DA:1274,9
DA:1275,9
DA:1276,9
DA:1277,9
DA:1279,9
DA:1280,9
DA:1281,9
DA:1290,473
DA:1291,473
DA:1293,473
DA:1294,473
DA:1296,473
DA:1297,473
DA:1300,473
DA:1301,473
DA:1303,473
DA:1305,473
DA:1306,473
DA:1307,473
DA:1308,473
DA:1309,473
DA:1316,482
DA:1317,482
DA:1318,482
DA:1327,473
DA:1328,473
DA:1329,473
DA:1330,473
DA:1331,473
DA:1332,473
DA:1333,473
DA:1334,473
DA:1343,473
DA:1344,473
DA:1345,473
DA:1346,473
DA:1347,473
DA:1348,473
DA:1349,473
DA:1350,473
DA:1351,473
DA:1352,473
DA:1358,946
DA:1359,946
DA:1360,946
DA:1361,946
DA:1362,473
DA:1364,473
DA:1366,946
DA:1367,946
DA:1373,0
DA:1374,0
DA:1375,0
DA:1400,0
DA:1401,0
DA:1402,0
DA:1403,0
DA:1404,0
DA:1405,0
DA:1406,0
DA:1407,0
DA:1408,0
DA:1409,0
DA:1412,0
DA:1413,0
DA:1414,0
DA:1415,0
DA:1416,0
DA:1418,0
DA:1440,9
DA:1441,9
DA:1442,0
DA:1444,9
DA:1445,9
DA:1446,9
DA:1447,0
DA:1448,0
DA:1454,0
DA:1455,0
DA:1459,9
DA:1460,9
DA:1461,9
DA:1464,9
DA:1465,9
DA:1484,0
DA:1485,0
DA:1486,0
DA:1487,0
DA:1488,0
DA:1489,0
DA:1496,946
DA:1497,124009
DA:1498,123063
DA:1499,123063
DA:1500,123063
DA:1509,473
DA:1510,473
DA:1511,473
DA:1512,473
DA:1513,473
DA:1514,473
DA:1515,473
DA:1516,473
DA:1517,473
DA:1518,473
DA:1519,473
DA:1520,473
DA:1523,482
DA:1524,482
DA:1525,482
DA:1526,482
DA:1527,482
DA:1528,482
DA:1529,482
DA:1530,482
DA:1531,482
DA:1532,482
DA:1534,482
DA:1535,482
DA:1536,482
DA:1538,482
DA:1539,482
DA:1540,482
DA:1541,482
DA:1542,482
DA:1545,482
DA:1546,482
DA:1547,482
DA:1548,482
DA:1549,482
DA:1550,482
DA:1551,482
DA:1554,482
DA:1555,482
DA:1557,482
DA:1558,482
DA:1559,482
DA:1560,482
DA:1561,482
DA:1562,482
DA:1566,0
DA:1568,0
DA:1569,0
DA:1570,0
DA:1571,0
DA:1572,0
DA:1573,0
DA:1576,0
DA:1577,0
DA:1578,0
DA:1583,473
DA:1584,473
DA:1585,473
DA:1586,473
DA:1587,473
DA:1588,473
DA:1589,473
DA:1590,473
DA:1591,473
DA:1592,473
DA:1593,473
DA:1595,0
DA:1596,0
DA:1597,0
DA:1598,0
DA:1601,0
DA:1604,0
DA:1605,0
DA:1606,0
DA:1607,0
DA:1608,0
DA:1610,0
DA:1611,0
DA:1612,0
DA:1614,0
DA:1615,0
DA:1616,0
DA:1618,0
DA:1619,0
DA:1620,0
DA:1622,0
DA:1623,0
DA:1624,0
DA:1625,0
DA:1626,0
DA:1628,0
DA:1629,0
DA:1630,0
DA:1631,0
DA:1634,0
DA:1635,0
DA:1641,473
DA:1642,473
DA:1650,946
DA:1651,946
DA:1652,1419
DA:1653,473
DA:1654,946
DA:1665,0
DA:1666,0
DA:1667,0
DA:1668,0
DA:1669,0
DA:1670,0
DA:1671,0
DA:1672,0
DA:1673,0
DA:1674,0
DA:1675,0
DA:1676,0
DA:1678,0
DA:1679,0
DA:1681,0
DA:1688,3320
DA:1689,3320
DA:1690,3320
DA:1691,3311
DA:1693,9
DA:1694,9
DA:1696,0
DA:1698,3320
DA:1708,0
DA:1709,0
DA:1710,0
DA:1712,0
DA:1713,0
DA:1715,0
DA:1716,0
DA:1717,0
DA:1718,0
DA:1726,0
DA:1727,0
DA:1728,0
DA:1729,0
DA:1730,0
DA:1731,0
DA:1733,0
DA:1734,0
DA:1735,0
end_of_record
TN:
SF:/home/kali/fuzz/hermitcrab/src/lua-5.4.6-cov/src/ltablib.c
FN:36,checkfield
FNDA:0,checkfield
FN:46,checktab
FNDA:0,checktab
FN:61,tinsert
FNDA:0,tinsert
FN:91,tremove
FNDA:0,tremove
FN:115,tmove
FNDA:0,tmove
FN:147,addfield
FNDA:0,addfield
FN:156,tconcat
FNDA:0,tconcat
FN:181,tpack
FNDA:0,tpack
FN:194,tunpack
FNDA:0,tunpack
FN:246,l_randomizePivot
FNDA:0,l_randomizePivot
FN:265,set2
FNDA:0,set2
FN:275,sort_comp
FNDA:0,sort_comp
FN:298,partition
FNDA:0,partition
FN:345,auxsort
FNDA:0,auxsort
FN:399,sort
FNDA:0,sort
FN:426,luaopen_table
FNDA:473,luaopen_table
DA:36,0
DA:37,0
DA:38,0
DA:46,0
DA:47,0
DA:48,0
DA:49,0
DA:50,0
DA:51,0
DA:52,0
DA:53,0
DA:56,0
DA:58,0
DA:61,0
DA:62,0
DA:63,0
DA:64,0
DA:65,0
DA:70,0
DA:71,0
DA:72,0
DA:74,0
DA:76,0
DA:77,0
DA:78,0
DA:82,0
DA:83,0
DA:86,0
DA:87,0
DA:91,0
DA:92,0
DA:93,0
DA:94,0
DA:96,0
DA:98,0
DA:99,0
DA:100,0
DA:101,0
DA:103,0
DA:104,0
DA:105,0
DA:115,0
DA:116,0
DA:117,0
DA:118,0
DA:119,0
DA:120,0
DA:121,0
DA:122,0
DA:123,0
DA:124,0
DA:126,0
DA:127,0
DA:129,0
DA:130,0
DA:131,0
DA:132,0
DA:136,0
DA:137,0
DA:138,0
DA:142,0
DA:143,0
DA:147,0
DA:148,0
DA:149,0
DA:150,0
DA:152,0
DA:153,0
DA:156,0
DA:157,0
DA:158,0
DA:159,0
DA:160,0
DA:161,0
DA:162,0
DA:163,0
DA:164,0
DA:165,0
DA:166,0
DA:168,0
DA:169,0
DA:170,0
DA:171,0
DA:181,0
DA:182,0
DA:183,0
DA:184,0
DA:185,0
DA:186,0
DA:187,0
DA:188,0
DA:189,0
DA:190,0
DA:194,0
DA:195,0
DA:196,0
DA:197,0
DA:198,0
DA:199,0
DA:200,0
DA:202,0
DA:203,0
DA:204,0
DA:206,0
DA:207,0
DA:246,0
DA:247,0
DA:248,0
DA:249,0
DA:250,0
DA:251,0
DA:252,0
DA:253,0
DA:254,0
DA:255,0
DA:265,0
DA:266,0
DA:267,0
DA:268,0
DA:275,0
DA:276,0
DA:277,0
DA:279,0
DA:280,0
DA:281,0
DA:282,0
DA:283,0
DA:284,0
DA:285,0
DA:286,0
DA:298,0
DA:299,0
DA:300,0
DA:302,0
DA:304,0
DA:305,0
DA:306,0
DA:307,0
DA:311,0
DA:312,0
DA:313,0
DA:314,0
DA:317,0
DA:319,0
DA:321,0
DA:322,0
DA:325,0
DA:334,0
DA:335,0
DA:336,0
DA:337,0
DA:338,0
DA:345,0
DA:347,0
DA:348,0
DA:349,0
DA:351,0
DA:352,0
DA:353,0
DA:354,0
DA:356,0
DA:357,0
DA:359,0
DA:360,0
DA:362,0
DA:363,0
DA:364,0
DA:365,0
DA:366,0
DA:368,0
DA:369,0
DA:370,0
DA:371,0
DA:373,0
DA:375,0
DA:377,0
DA:378,0
DA:379,0
DA:380,0
DA:381,0
DA:383,0
DA:384,0
DA:385,0
DA:386,0
DA:389,0
DA:390,0
DA:391,0
DA:393,0
DA:394,0
DA:399,0
DA:400,0
DA:401,0
DA:402,0
DA:403,0
DA:404,0
DA:405,0
DA:406,0
DA:408,0
DA:426,473
DA:427,473
DA:428,473
end_of_record
TN:
SF:/home/kali/fuzz/hermitcrab/src/lua-5.4.6-cov/src/ldebug.c
FN:60,getbaseline
FNDA:186,getbaseline
FN:83,luaG_getfuncline
FNDA:186,luaG_getfuncline
FN:98,getcurrentline
FNDA:186,getcurrentline
FN:131,lua_sethook
FNDA:0,lua_sethook
FN:145,lua_gethook
FNDA:0,lua_gethook
FN:150,lua_gethookmask
FNDA:0,lua_gethookmask
FN:155,lua_gethookcount
FNDA:0,lua_gethookcount
FN:160,lua_getstack
FNDA:784,lua_getstack
FN:184,findvararg
FNDA:0,findvararg
FN:196,luaG_findlocal
FNDA:0,luaG_findlocal
FN:220,lua_getlocal
FNDA:0,lua_getlocal
FN:242,lua_setlocal
FNDA:0,lua_setlocal
FN:256,funcinfo
FNDA:216,funcinfo
FN:282,nextline
FNDA:0,nextline
FN:290,collectvalidlines
FNDA:0,collectvalidlines
FN:319,getfuncname
FNDA:214,getfuncname
FN:327,auxgetinfo
FNDA:430,auxgetinfo
FN:383,lua_getinfo
FNDA:430,lua_getinfo
FN:436,rname
FNDA:6,rname
FN:446,rkname
FNDA:2,rkname
FN:465,findsetreg
FNDA:113,findsetreg
FN:515,gxf
FNDA:68,gxf
FN:526,getobjname
FNDA:113,getobjname
FN:594,funcnamefromcode
FNDA:30,funcnamefromcode
FN:638,funcnamefromcall
FNDA:222,funcnamefromcall
FN:680,getupvalname
FNDA:62,getupvalname
FN:706,varinfo
FNDA:62,varinfo
FN:725,typeerror
FNDA:70,typeerror
FN:736,luaG_typeerror
FNDA:62,luaG_typeerror
FN:746,luaG_callerror
FNDA:8,luaG_callerror
FN:755,luaG_forerror
FNDA:3,luaG_forerror
FN:761,luaG_concaterror
FNDA:3,luaG_concaterror
FN:767,luaG_opinterror
FNDA:39,luaG_opinterror
FN:778,luaG_tointerror
FNDA:0,luaG_tointerror
FN:786,luaG_ordererror
FNDA:5,luaG_ordererror
FN:797,luaG_addinfo
FNDA:405,luaG_addinfo
FN:809,luaG_errormsg
FNDA:96,luaG_errormsg
FN:822,luaG_runerror
FNDA:87,luaG_runerror
FN:847,changedline
FNDA:0,changedline
FN:880,luaG_traceexec
FNDA:0,luaG_traceexec
DA:41,278
DA:42,278
DA:43,278
DA:60,186
DA:61,186
DA:62,186
DA:63,186
DA:66,0
DA:68,0
DA:70,0
DA:72,0
DA:73,0
DA:83,186
DA:84,186
DA:87,186
DA:88,186
DA:89,1772
DA:90,1586
DA:91,1586
DA:93,186
DA:98,186
DA:99,186
DA:114,0
DA:115,0
DA:116,0
DA:117,0
DA:131,0
DA:132,0
DA:133,0
DA:134,0
DA:136,0
DA:137,0
DA:138,0
DA:139,0
DA:140,0
DA:141,0
DA:142,0
DA:145,0
DA:146,0
DA:150,0
DA:151,0
DA:155,0
DA:156,0
DA:160,784
DA:161,784
DA:162,784
DA:163,784
DA:164,784
DA:165,2470
DA:166,1686
DA:167,784
DA:168,511
DA:169,511
DA:177,51
DA:178,51
DA:179,51
DA:180,51
DA:184,0
DA:185,0
DA:186,0
DA:187,0
DA:188,0
DA:189,0
DA:196,0
DA:197,0
DA:198,0
DA:199,0
DA:200,0
DA:201,0
DA:203,0
DA:205,0
DA:206,0
DA:207,0
DA:209,0
DA:214,0
DA:215,0
DA:220,0
DA:221,0
DA:222,0
DA:223,0
DA:224,0
DA:227,0
DA:230,0
DA:231,0
DA:232,0
DA:233,0
DA:234,0
DA:237,0
DA:238,0
DA:242,0
DA:243,0
DA:244,0
DA:245,0
DA:246,0
DA:247,0
DA:248,0
DA:249,0
DA:251,0
DA:252,0
DA:256,216
DA:257,216
DA:258,111
DA:259,111
DA:260,111
DA:261,111
DA:262,111
DA:265,105
DA:266,105
DA:267,105
DA:268,105
DA:271,0
DA:272,0
DA:274,105
DA:275,105
DA:276,105
DA:278,216
DA:279,216
DA:282,0
DA:283,0
DA:284,0
DA:286,0
DA:290,0
DA:291,0
DA:292,0
DA:293,0
DA:296,0
DA:297,0
DA:298,0
DA:299,0
DA:300,0
DA:301,0
DA:302,0
DA:303,0
DA:304,0
DA:307,0
DA:308,0
DA:309,0
DA:311,0
DA:312,0
DA:313,0
DA:316,0
DA:319,214
DA:321,214
DA:322,214
DA:327,430
DA:329,430
DA:330,1490
DA:331,1060
DA:332,216
DA:333,216
DA:334,216
DA:336,216
DA:337,216
DA:338,216
DA:340,0
DA:341,0
DA:342,0
DA:343,0
DA:344,0
DA:347,0
DA:348,0
DA:352,207
DA:353,207
DA:354,207
DA:356,214
DA:357,214
DA:358,214
DA:359,192
DA:360,192
DA:364,0
DA:365,0
DA:366,0
DA:368,0
DA:369,0
DA:376,1060
DA:379,430
DA:383,430
DA:384,430
DA:385,430
DA:386,430
DA:387,430
DA:388,430
DA:389,430
DA:390,0
DA:391,0
DA:392,0
DA:393,0
DA:394,0
DA:397,430
DA:398,430
DA:399,430
DA:401,430
DA:402,430
DA:403,430
DA:404,207
DA:405,207
DA:407,430
DA:408,0
DA:409,430
DA:410,430
DA:427,64
DA:428,64
DA:429,64
DA:430,2
DA:436,6
DA:437,6
DA:438,6
DA:439,6
DA:440,6
DA:446,2
DA:447,2
DA:448,2
DA:449,2
DA:451,0
DA:452,2
DA:455,202
DA:456,202
DA:458,191
DA:465,113
DA:466,113
DA:467,113
DA:468,113
DA:469,113
DA:470,27
DA:471,904
DA:472,791
DA:473,791
DA:474,791
DA:475,791
DA:476,791
DA:477,32
DA:478,32
DA:479,32
DA:482,0
DA:483,0
DA:484,0
DA:486,5
DA:488,5
DA:489,5
DA:491,24
DA:492,24
DA:493,24
DA:495,24
DA:496,791
DA:500,730
DA:501,730
DA:504,5
DA:505,982
DA:507,113
DA:515,68
DA:516,68
DA:517,68
DA:518,68
DA:519,102
DA:521,17
DA:522,68
DA:526,113
DA:528,113
DA:529,113
DA:530,113
DA:533,113
DA:534,113
DA:535,112
DA:536,112
DA:537,112
DA:538,0
DA:539,0
DA:540,0
DA:544,51
DA:545,51
DA:546,51
DA:547,51
DA:549,6
DA:550,6
DA:551,6
DA:552,6
DA:554,1
DA:555,1
DA:556,1
DA:558,11
DA:559,11
DA:560,11
DA:561,11
DA:563,0
DA:564,0
DA:565,0
DA:567,7
DA:569,21
DA:570,7
DA:571,7
DA:572,7
DA:573,7
DA:577,2
DA:578,2
DA:579,2
DA:594,30
DA:596,30
DA:597,30
DA:598,30
DA:599,28
DA:601,28
DA:602,0
DA:603,0
DA:604,0
DA:611,0
DA:612,0
DA:613,0
DA:614,1
DA:615,1
DA:616,1
DA:618,1
DA:619,0
DA:620,0
DA:621,0
DA:622,0
DA:624,0
DA:625,0
DA:626,0
DA:630,2
DA:631,2
DA:638,222
DA:640,222
DA:641,0
DA:642,0
DA:644,222
DA:645,0
DA:646,0
DA:648,222
DA:649,30
DA:664,62
DA:665,62
DA:666,62
DA:667,148
DA:668,148
DA:680,62
DA:682,62
DA:683,62
DA:684,124
DA:685,62
DA:686,0
DA:687,0
DA:694,70
DA:696,70
DA:699,34
DA:706,62
DA:707,62
DA:708,62
DA:709,62
DA:710,62
DA:711,62
DA:712,62
DA:713,62
DA:714,62
DA:715,62
DA:718,62
DA:725,70
DA:727,70
DA:728,70
DA:736,62
DA:737,62
DA:746,8
DA:747,8
DA:748,8
DA:749,8
DA:750,8
DA:751,8
DA:755,3
DA:756,3
DA:761,3
DA:762,3
DA:763,3
DA:767,39
DA:769,39
DA:770,32
DA:771,39
DA:778,0
DA:779,0
DA:780,0
DA:781,0
DA:782,0
DA:786,5
DA:787,5
DA:788,5
DA:789,5
DA:790,0
DA:792,5
DA:797,405
DA:799,405
DA:800,405
DA:801,405
DA:803,0
DA:805,405
DA:809,96
DA:810,96
DA:811,96
DA:812,96
DA:813,96
DA:814,96
DA:815,96
DA:816,96
DA:818,96
DA:822,87
DA:823,87
DA:824,87
DA:825,87
DA:826,87
DA:827,87
DA:828,87
DA:829,87
DA:830,87
DA:831,81
DA:832,81
DA:833,81
DA:835,87
DA:847,0
DA:848,0
DA:850,0
DA:853,0
DA:854,0
DA:855,0
DA:857,0
DA:858,0
DA:859,0
DA:864,0
DA:880,0
DA:881,0
DA:882,0
DA:883,0
DA:884,0
DA:885,0
DA:886,0
DA:887,0
DA:889,0
DA:890,0
DA:891,0
DA:892,0
DA:893,0
DA:894,0
DA:896,0
DA:897,0
DA:898,0
DA:900,0
DA:901,0
DA:902,0
DA:903,0
DA:904,0
DA:906,0
DA:907,0
DA:908,0
DA:909,0
DA:910,0
DA:911,0
DA:913,0
DA:915,0
DA:916,0
DA:917,0
DA:918,0
DA:919,0
DA:920,0
end_of_record
TN:
SF:/home/kali/fuzz/hermitcrab/src/lua-5.4.6-cov/src/lstate.c
FN:71,luai_makeseed
FNDA:473,luai_makeseed
FN:89,luaE_setdebt
FNDA:4266,luaE_setdebt
FN:99,lua_setcstacklimit
FNDA:0,lua_setcstacklimit
FN:105,luaE_extendCI
FNDA:1064,luaE_extendCI
FN:122,luaE_freeCI
FNDA:480,luaE_freeCI
FN:138,luaE_shrinkCI
FNDA:420,luaE_shrinkCI
FN:165,luaE_checkcstack
FNDA:0,luaE_checkcstack
FN:173,luaE_incCstack
FNDA:8601,luaE_incCstack
FN:180,stack_init
FNDA:480,stack_init
FN:203,freestack
FNDA:480,freestack
FN:216,init_registry
FNDA:473,init_registry
FN:231,f_luaopen
FNDA:473,f_luaopen
FN:269,close_state
FNDA:473,close_state
FN:286,lua_newthread
FNDA:7,lua_newthread
FN:313,luaE_freethread
FNDA:7,luaE_freethread
FN:323,luaE_resetthread
FNDA:0,luaE_resetthread
FN:342,lua_closethread
FNDA:0,lua_closethread
FN:355,lua_resetthread
FNDA:0,lua_resetthread
FN:360,lua_newstate
FNDA:473,lua_newstate
FN:416,lua_close
FNDA:473,lua_close
FN:423,luaE_warning
FNDA:0,luaE_warning
FN:433,luaE_warnerror
FNDA:0,luaE_warnerror
DA:71,473
DA:72,473
DA:73,473
DA:74,473
DA:75,473
DA:76,473
DA:77,473
DA:78,473
DA:79,473
DA:89,4266
DA:90,4266
DA:91,4266
DA:92,4266
DA:94,4266
DA:95,4266
DA:96,4266
DA:99,0
DA:100,0
DA:101,0
DA:105,1064
DA:106,1064
DA:107,1064
DA:108,1064
DA:109,1064
DA:110,1064
DA:111,1064
DA:112,1064
DA:113,1064
DA:114,1064
DA:115,1064
DA:122,480
DA:123,480
DA:124,480
DA:125,480
DA:126,1448
DA:127,968
DA:128,968
DA:129,968
DA:131,480
DA:138,420
DA:139,420
DA:140,420
DA:141,420
DA:143,435
DA:144,96
DA:145,96
DA:146,96
DA:147,96
DA:148,96
DA:151,15
DA:152,15
DA:165,0
DA:166,0
DA:167,0
DA:168,0
DA:169,0
DA:170,0
DA:173,8601
DA:174,8601
DA:175,8601
DA:176,0
DA:177,8601
DA:180,480
DA:181,480
DA:183,480
DA:184,480
DA:185,22080
DA:186,21600
DA:187,480
DA:188,480
DA:190,480
DA:191,480
DA:192,480
DA:193,480
DA:194,480
DA:195,480
DA:196,480
DA:197,480
DA:198,480
DA:199,480
DA:200,480
DA:203,480
DA:204,480
DA:206,480
DA:207,480
DA:208,480
DA:209,480
DA:216,473
DA:218,473
DA:219,473
DA:220,473
DA:222,473
DA:224,473
DA:225,473
DA:231,473
DA:232,473
DA:233,473
DA:234,473
DA:235,473
DA:236,473
DA:237,473
DA:238,473
DA:239,473
DA:240,473
DA:241,473
DA:242,473
DA:249,480
DA:250,480
DA:251,480
DA:252,480
DA:253,480
DA:254,480
DA:255,480
DA:256,480
DA:257,480
DA:258,480
DA:259,480
DA:260,480
DA:261,480
DA:262,480
DA:263,480
DA:264,480
DA:265,480
DA:269,473
DA:270,473
DA:271,473
DA:272,0
DA:274,473
DA:275,473
DA:276,473
DA:277,473
DA:279,473
DA:280,473
DA:281,473
DA:282,473
DA:283,473
DA:286,7
DA:287,7
DA:288,7
DA:289,7
DA:290,7
DA:291,7
DA:293,7
DA:294,7
DA:296,7
DA:297,7
DA:298,7
DA:299,7
DA:300,7
DA:301,7
DA:302,7
DA:304,7
DA:306,7
DA:307,7
DA:308,7
DA:309,7
DA:313,7
DA:314,7
DA:315,7
DA:316,7
DA:317,7
DA:318,7
DA:319,7
DA:320,7
DA:323,0
DA:324,0
DA:325,0
DA:326,0
DA:327,0
DA:328,0
DA:329,0
DA:330,0
DA:331,0
DA:332,0
DA:333,0
DA:335,0
DA:336,0
DA:337,0
DA:338,0
DA:342,0
DA:343,0
DA:344,0
DA:345,0
DA:346,0
DA:347,0
DA:348,0
DA:355,0
DA:356,0
DA:360,473
DA:361,473
DA:362,473
DA:363,473
DA:364,473
DA:365,473
DA:366,473
DA:367,473
DA:368,473
DA:369,473
DA:370,473
DA:371,473
DA:372,473
DA:373,473
DA:374,473
DA:375,473
DA:376,473
DA:377,473
DA:378,473
DA:379,473
DA:380,473
DA:381,473
DA:382,473
DA:383,473
DA:384,473
DA:385,473
DA:386,473
DA:387,473
DA:388,473
DA:389,473
DA:390,473
DA:391,473
DA:392,473
DA:393,473
DA:394,473
DA:395,473
DA:396,473
DA:397,473
DA:398,473
DA:399,473
DA:400,473
DA:401,473
DA:402,473
DA:403,473
DA:404,473
DA:405,473
DA:406,4730
DA:407,473
DA:409,0
DA:410,0
DA:416,473
DA:417,473
DA:418,473
DA:419,473
DA:420,473
DA:423,0
DA:424,0
DA:425,0
DA:426,0
DA:427,0
DA:433,0
DA:434,0
DA:435,0
DA:436,0
DA:437,0
DA:439,0
DA:440,0
DA:441,0
DA:442,0
DA:443,0
DA:444,0
end_of_record
TN:
SF:/home/kali/fuzz/hermitcrab/src/lua-5.4.6-cov/src/lundump.c
FN:40,error
FNDA:0,error
FN:52,loadBlock
FNDA:0,loadBlock
FN:61,loadByte
FNDA:0,loadByte
FN:69,loadUnsigned
FNDA:0,loadUnsigned
FN:110,loadStringN
FNDA:0,loadStringN
FN:136,loadString
FNDA:0,loadString
FN:144,loadCode
FNDA:0,loadCode
FN:155,loadConstants
FNDA:0,loadConstants
FN:191,loadProtos
FNDA:0,loadProtos
FN:212,loadUpvalues
FNDA:0,loadUpvalues
FN:227,loadDebug
FNDA:0,loadDebug
FN:258,loadFunction
FNDA:0,loadFunction
FN:275,checkliteral
FNDA:0,checkliteral
FN:284,fchecksize
FNDA:0,fchecksize
FN:292,checkHeader
FNDA:0,checkHeader
FN:313,luaU_undump
FNDA:0,luaU_undump
DA:40,0
DA:41,0
DA:42,0
DA:52,0
DA:53,0
DA:54,0
DA:55,0
DA:61,0
DA:62,0
DA:63,0
DA:64,0
DA:65,0
DA:69,0
DA:70,0
DA:71,0
DA:72,0
DA:73,0
DA:74,0
DA:75,0
DA:76,0
DA:77,0
DA:78,0
DA:79,0
DA:83,0
DA:84,0
DA:88,0
DA:89,0
DA:93,0
DA:94,0
DA:95,0
DA:96,0
DA:100,0
DA:101,0
DA:102,0
DA:103,0
DA:110,0
DA:111,0
DA:112,0
DA:113,0
DA:114,0
DA:116,0
DA:117,0
DA:118,0
DA:119,0
DA:122,0
DA:123,0
DA:124,0
DA:125,0
DA:126,0
DA:128,0
DA:136,0
DA:137,0
DA:138,0
DA:139,0
DA:140,0
DA:144,0
DA:145,0
DA:146,0
DA:147,0
DA:148,0
DA:149,0
DA:155,0
DA:156,0
DA:157,0
DA:158,0
DA:159,0
DA:160,0
DA:161,0
DA:162,0
DA:163,0
DA:164,0
DA:165,0
DA:166,0
DA:167,0
DA:168,0
DA:169,0
DA:170,0
DA:171,0
DA:172,0
DA:173,0
DA:174,0
DA:175,0
DA:176,0
DA:177,0
DA:178,0
DA:179,0
DA:180,0
DA:181,0
DA:183,0
DA:184,0
DA:185,0
DA:188,0
DA:191,0
DA:192,0
DA:193,0
DA:194,0
DA:195,0
DA:196,0
DA:197,0
DA:198,0
DA:199,0
DA:200,0
DA:201,0
DA:203,0
DA:212,0
DA:213,0
DA:214,0
DA:215,0
DA:216,0
DA:217,0
DA:218,0
DA:219,0
DA:220,0
DA:221,0
DA:222,0
DA:224,0
DA:227,0
DA:228,0
DA:229,0
DA:230,0
DA:231,0
DA:232,0
DA:233,0
DA:234,0
DA:235,0
DA:236,0
DA:237,0
DA:238,0
DA:240,0
DA:241,0
DA:242,0
DA:243,0
DA:244,0
DA:245,0
DA:246,0
DA:247,0
DA:248,0
DA:250,0
DA:251,0
DA:252,0
DA:253,0
DA:254,0
DA:255,0
DA:258,0
DA:259,0
DA:260,0
DA:261,0
DA:262,0
DA:263,0
DA:264,0
DA:265,0
DA:266,0
DA:267,0
DA:268,0
DA:269,0
DA:270,0
DA:271,0
DA:272,0
DA:275,0
DA:276,0
DA:277,0
DA:278,0
DA:279,0
DA:280,0
DA:281,0
DA:284,0
DA:285,0
DA:286,0
DA:287,0
DA:292,0
DA:294,0
DA:295,0
DA:296,0
DA:297,0
DA:298,0
DA:299,0
DA:300,0
DA:301,0
DA:302,0
DA:303,0
DA:304,0
DA:305,0
DA:306,0
DA:307,0
DA:313,0
DA:314,0
DA:315,0
DA:316,0
DA:317,0
DA:318,0
DA:319,0
DA:321,0
DA:322,0
DA:323,0
DA:324,0
DA:325,0
DA:326,0
DA:327,0
DA:328,0
DA:329,0
DA:330,0
DA:331,0
DA:332,0
DA:333,0
end_of_record
TN:
SF:/home/kali/fuzz/hermitcrab/src/lua-5.4.6-cov/src/lmathlib.c
FN:29,math_abs
FNDA:0,math_abs
FN:40,math_sin
FNDA:0,math_sin
FN:45,math_cos
FNDA:0,math_cos
FN:50,math_tan
FNDA:0,math_tan
FN:55,math_asin
FNDA:0,math_asin
FN:60,math_acos
FNDA:0,math_acos
FN:65,math_atan
FNDA:0,math_atan
FN:73,math_toint
FNDA:0,math_toint
FN:86,pushnumint
FNDA:0,pushnumint
FN:95,math_floor
FNDA:0,math_floor
FN:106,math_ceil
FNDA:0,math_ceil
FN:117,math_fmod
FNDA:0,math_fmod
FN:139,math_modf
FNDA:0,math_modf
FN:156,math_sqrt
FNDA:0,math_sqrt
FN:162,math_ult
FNDA:0,math_ult
FN:169,math_log
FNDA:0,math_log
FN:190,math_exp
FNDA:0,math_exp
FN:195,math_deg
FNDA:0,math_deg
FN:200,math_rad
FNDA:0,math_rad
FN:206,math_min
FNDA:0,math_min
FN:220,math_max
FNDA:0,math_max
FN:234,math_type
FNDA:0,math_type
FN:308,nextrand
FNDA:7568,nextrand
FN:532,project
FNDA:0,project
FN:557,math_random
FNDA:0,math_random
FN:592,setseed
FNDA:473,setseed
FN:611,randseed
FNDA:473,randseed
FN:618,math_randomseed
FNDA:0,math_randomseed
FN:642,setrandfunc
FNDA:473,setrandfunc
FN:659,math_cosh
FNDA:0,math_cosh
FN:664,math_sinh
FNDA:0,math_sinh
FN:669,math_tanh
FNDA:0,math_tanh
FN:674,math_pow
FNDA:0,math_pow
FN:681,math_frexp
FNDA:0,math_frexp
FN:688,math_ldexp
FNDA:0,math_ldexp
FN:695,math_log10
FNDA:0,math_log10
FN:751,luaopen_math
FNDA:473,luaopen_math
DA:29,0
DA:30,0
DA:31,0
DA:32,0
DA:33,0
DA:36,0
DA:37,0
DA:40,0
DA:41,0
DA:42,0
DA:45,0
DA:46,0
DA:47,0
DA:50,0
DA:51,0
DA:52,0
DA:55,0
[...]
DA:1860,237
DA:1863,194
DA:1864,194
DA:1865,194
DA:1866,194
DA:1871,428
end_of_record
TN:
SF:/home/kali/fuzz/hermitcrab/src/lua-5.4.6-cov/src/lstring.c
FN:34,luaS_eqlngstr
FNDA:57,luaS_eqlngstr
FN:43,luaS_hash
FNDA:473,luaS_hash
FN:51,luaS_hashlongstr
FNDA:479,luaS_hashlongstr
FN:62,tablerehash
FNDA:946,tablerehash
FN:85,luaS_resize
FNDA:473,luaS_resize
FN:110,luaS_clearcache
FNDA:482,luaS_clearcache
FN:123,luaS_init
FNDA:473,luaS_init
FN:143,createstrobj
FNDA:107500,createstrobj
FN:157,luaS_createlngstrobj
FNDA:3489,luaS_createlngstrobj
FN:164,luaS_remove
FNDA:104011,luaS_remove
FN:174,growstrtab
FNDA:473,growstrtab
FN:188,internshrstr
FNDA:117405,internshrstr
FN:221,luaS_newlstr
FNDA:120397,luaS_newlstr
FN:241,luaS_new
FNDA:151453,luaS_new
FN:258,luaS_newudata
FNDA:1892,luaS_newudata
DA:34,57
DA:35,57
DA:36,57
DA:37,57
DA:38,2
DA:39,0
DA:43,117935
DA:44,117935
DA:45,834739
DA:46,716804
DA:47,117935
DA:51,479
DA:52,479
DA:53,479
DA:54,57
DA:55,57
DA:56,57
DA:58,479
DA:62,946
DA:63,946
DA:64,122034
DA:65,121088
DA:66,61490
DA:67,60544
DA:68,60544
DA:69,121088
DA:70,60544
DA:71,60544
DA:72,60544
DA:73,60544
DA:74,60544
DA:77,946
DA:85,473
DA:86,473
DA:87,473
DA:88,473
DA:89,473
DA:90,0
DA:91,473
DA:92,473
DA:93,0
DA:94,0
DA:98,473
DA:99,473
DA:100,473
DA:101,473
DA:103,473
DA:110,482
DA:111,482
DA:112,26028
DA:113,76638
DA:114,51092
DA:115,473
DA:117,482
DA:123,473
DA:124,473
DA:125,473
DA:126,473
DA:127,473
DA:128,473
DA:129,473
DA:131,946
DA:132,473
DA:133,26015
DA:134,75207
DA:135,50138
DA:136,473
DA:143,107500
DA:144,107500
DA:145,107500
DA:146,107500
DA:147,107500
DA:148,107500
DA:149,107500
DA:150,107500
DA:151,107500
DA:152,107500
DA:153,107500
DA:157,3489
DA:158,3489
DA:159,3489
DA:160,3489
DA:164,104011
DA:165,104011
DA:166,104011
DA:167,119245
DA:168,15234
DA:169,104011
DA:170,104011
DA:171,104011
DA:174,473
DA:175,473
DA:176,0
DA:177,0
DA:178,0
DA:180,473
DA:181,473
DA:182,473
DA:188,117405
DA:189,117405
DA:190,117405
DA:191,117405
DA:192,117405
DA:193,117405
DA:194,117405
DA:195,182312
DA:196,78301
DA:198,13394
DA:199,0
DA:200,13394
DA:204,104011
DA:205,473
DA:206,473
DA:208,104011
DA:209,104011
DA:210,104011
DA:211,104011
DA:212,104011
DA:213,104011
DA:214,104011
DA:221,120870
DA:222,120397
DA:223,117405
DA:225,3465
DA:226,3465
DA:227,0
DA:228,3465
DA:229,3465
DA:230,3465
DA:241,151453
DA:242,151453
DA:243,151453
DA:244,151453
DA:245,374862
DA:246,267751
DA:247,44342
DA:250,214222
DA:251,107111
DA:253,107111
DA:254,107111
DA:258,1892
DA:259,1892
DA:260,1892
DA:261,1892
DA:262,1892
DA:263,0
DA:264,1892
DA:265,1892
DA:266,1892
DA:267,1892
DA:268,1892
DA:269,1892
DA:270,0
DA:271,1892
end_of_record
TN:
SF:/home/kali/fuzz/hermitcrab/src/lua-5.4.6-cov/src/ldo.c
FN:91,luaD_seterrorobj
FNDA:420,luaD_seterrorobj
FN:115,luaD_throw
FNDA:420,luaD_throw
FN:138,luaD_rawrunprotected
FNDA:4773,luaD_rawrunprotected
FN:165,relstack
FNDA:6,relstack
FN:182,correctstack
FNDA:6,correctstack
FN:212,luaD_reallocstack
FNDA:6,luaD_reallocstack
FN:242,luaD_growstack
FNDA:3,luaD_growstack
FN:276,stackinuse
FNDA:420,stackinuse
FN:300,luaD_shrinkstack
FNDA:420,luaD_shrinkstack
FN:315,luaD_inctop
FNDA:946,luaD_inctop
FN:328,luaD_hook
FNDA:0,luaD_hook
FN:369,luaD_hookcall
FNDA:0,luaD_hookcall
FN:387,rethook
FNDA:0,rethook
FN:412,luaD_tryfuncTM
FNDA:8,luaD_tryfuncTM
FN:433,moveresults
FNDA:7252,moveresults
FN:485,luaD_poscall
FNDA:7252,luaD_poscall
FN:502,prepCallInfo
FNDA:7363,prepCallInfo
FN:516,precallC
FNDA:7214,precallC
FN:543,luaD_pretailcall
FNDA:0,luaD_pretailcall
FN:588,luaD_precall
FNDA:7371,luaD_precall
FN:628,ccall
FNDA:7342,ccall
FN:646,luaD_call
FNDA:2,luaD_call
FN:654,luaD_callnoyield
FNDA:7340,luaD_callnoyield
FN:675,finishpcallk
FNDA:0,finishpcallk
FN:708,finishCcall
FNDA:0,finishCcall
FN:736,unroll
FNDA:0,unroll
FN:769,resume_error
FNDA:0,resume_error
FN:785,resume
FNDA:0,resume
FN:820,precover
FNDA:0,precover
FN:831,lua_resume
FNDA:0,lua_resume
FN:866,lua_isyieldable
FNDA:0,lua_isyieldable
FN:871,lua_yieldk
FNDA:6,lua_yieldk
FN:914,closepaux
FNDA:893,closepaux
FN:924,luaD_closeprotected
FNDA:893,luaD_closeprotected
FN:946,luaD_pcall
FNDA:2987,luaD_pcall
FN:979,checkmode
FNDA:473,checkmode
FN:988,f_parser
FNDA:473,f_parser
FN:1005,luaD_protectedparser
FNDA:473,luaD_protectedparser
DA:91,420
DA:92,420
DA:93,0
DA:94,0
DA:95,0
DA:97,0
DA:98,0
DA:99,0
DA:101,0
DA:102,0
DA:103,0
DA:105,420
DA:106,420
DA:107,420
DA:108,420
DA:111,420
DA:112,420
DA:115,420
DA:116,420
DA:117,420
DA:118,420
DA:121,0
DA:122,0
DA:123,0
DA:124,0
DA:125,0
DA:128,0
DA:129,0
DA:130,0
DA:132,0
DA:138,4353
DA:139,4353
DA:140,4353
DA:141,4353
DA:142,4353
DA:143,4353
DA:144,4773
DA:146,4353
DA:147,4353
DA:148,4353
DA:149,4353
DA:165,6
DA:166,6
DA:167,6
DA:168,6
DA:169,6
DA:170,6
DA:171,0
DA:172,21
DA:173,15
DA:174,15
DA:176,6
DA:182,6
DA:183,6
DA:184,6
DA:185,6
DA:186,6
DA:187,6
DA:188,0
DA:189,21
DA:190,15
DA:191,15
DA:192,15
DA:193,3
DA:195,6
DA:212,6
DA:213,6
DA:214,6
DA:215,6
DA:216,6
DA:217,6
DA:218,6
DA:219,6
DA:220,6
DA:222,6
DA:223,6
DA:224,0
DA:225,0
DA:226,0
DA:229,6
DA:230,6
DA:231,6
DA:232,126
DA:233,120
DA:242,3
DA:243,3
DA:244,3
DA:248,0
DA:249,0
DA:250,0
DA:253,3
DA:254,3
DA:255,3
DA:256,3
DA:258,3
DA:260,3
DA:261,3
DA:265,0
DA:266,0
DA:267,0
DA:276,420
DA:277,420
DA:278,420
DA:279,420
DA:280,1260
DA:281,840
DA:283,420
DA:284,420
DA:285,420
DA:287,420
DA:300,420
DA:301,420
DA:302,420
DA:305,420
DA:306,3
DA:307,3
DA:310,420
DA:311,420
DA:312,420
DA:315,946
DA:316,946
DA:317,946
DA:318,946
DA:328,0
DA:330,0
DA:331,0
DA:332,0
DA:333,0
DA:334,0
DA:335,0
DA:336,0
DA:337,0
DA:338,0
DA:339,0
DA:340,0
DA:341,0
DA:342,0
DA:343,0
DA:345,0
DA:346,0
DA:347,0
DA:348,0
DA:349,0
DA:350,0
DA:351,0
DA:352,0
DA:353,0
DA:354,0
DA:355,0
DA:356,0
DA:357,0
DA:358,0
DA:359,0
DA:361,0
DA:369,0
DA:370,0
DA:371,0
DA:372,0
DA:373,0
DA:374,0
DA:375,0
DA:376,0
DA:377,0
DA:379,0
DA:387,0
DA:388,0
DA:389,0
DA:390,0
DA:391,0
DA:392,0
DA:393,0
DA:394,0
DA:395,0
DA:397,0
DA:398,0
DA:399,0
DA:400,0
DA:402,0
DA:403,0
DA:404,0
DA:412,8
DA:413,8
DA:414,8
DA:415,8
DA:416,8
DA:417,8
DA:418,8
DA:419,0
DA:420,0
DA:421,0
DA:422,0
DA:423,0
DA:433,7252
DA:434,7252
DA:435,7252
DA:436,7252
DA:437,1892
DA:438,1892
DA:439,1892
DA:440,5307
DA:441,5307
DA:442,420
DA:444,4887
DA:445,5307
DA:446,5307
DA:450,0
DA:451,0
DA:452,0
DA:453,0
DA:454,0
DA:455,0
DA:456,0
DA:457,0
DA:458,0
DA:459,0
DA:461,0
DA:462,0
DA:463,0
DA:468,53
DA:469,53
DA:471,73
DA:472,20
DA:473,53
DA:474,0
DA:475,53
DA:485,7252
DA:486,7252
DA:487,14504
DA:488,0
DA:490,7252
DA:492,7252
DA:494,7252
DA:495,7252
DA:502,7363
DA:504,7363
DA:505,7363
DA:506,7363
DA:507,7363
DA:508,7363
DA:509,7363
DA:516,7214
DA:518,7214
DA:519,7214
DA:520,7214
DA:521,14428
DA:522,7214
DA:523,7214
DA:524,7214
DA:525,0
DA:526,0
DA:528,7214
DA:529,7214
DA:530,7199
DA:531,7199
DA:532,7199
DA:533,7199
DA:543,0
DA:545,0
DA:546,0
DA:547,0
DA:548,0
DA:549,0
DA:550,0
DA:551,0
DA:552,0
DA:553,0
DA:554,0
DA:555,0
DA:556,0
DA:557,0
DA:558,0
DA:559,0
DA:560,0
DA:561,0
DA:562,0
DA:563,0
DA:564,0
DA:565,0
DA:566,0
DA:567,0
DA:568,0
DA:570,0
DA:571,0
DA:573,0
DA:574,0
DA:588,7371
DA:589,7371
DA:590,7371
DA:591,0
DA:592,0
DA:593,0
DA:594,7214
DA:595,7214
DA:596,7214
DA:597,149
DA:598,149
DA:599,149
DA:600,149
DA:601,149
DA:602,149
DA:603,149
DA:604,149
DA:605,149
DA:606,149
DA:607,0
DA:611,8
DA:612,8
DA:614,0
DA:628,7342
DA:629,7342
DA:630,7342
DA:631,7342
DA:632,0
DA:633,0
DA:635,7342
DA:636,149
DA:637,149
DA:639,7244
DA:640,7244
DA:646,2
DA:647,2
DA:648,0
DA:654,7340
DA:655,7340
DA:656,7244
DA:675,0
DA:676,0
DA:677,0
DA:680,0
DA:681,0
DA:682,0
DA:683,0
DA:684,0
DA:685,0
DA:687,0
DA:688,0
DA:691,0
DA:708,0
DA:709,0
DA:710,0
DA:711,0
DA:712,0
DA:716,0
DA:718,0
DA:719,0
DA:720,0
DA:721,0
DA:722,0
DA:723,0
DA:724,0
DA:725,0
DA:727,0
DA:728,0
DA:736,0
DA:737,0
DA:738,0
DA:739,0
DA:740,0
DA:741,0
DA:743,0
DA:744,0
DA:747,0
DA:754,0
DA:755,0
DA:756,0
DA:757,0
DA:769,0
DA:770,0
DA:771,0
DA:772,0
DA:773,0
DA:774,0
DA:785,0
DA:786,0
DA:787,0
DA:788,0
DA:789,0
DA:790,0
DA:792,0
DA:793,0
DA:794,0
DA:795,0
DA:796,0
DA:799,0
DA:800,0
DA:801,0
DA:802,0
DA:803,0
DA:805,0
DA:807,0
DA:809,0
DA:820,0
DA:821,0
DA:822,0
DA:823,0
DA:824,0
DA:825,0
DA:827,0
DA:831,0
DA:833,0
DA:834,0
DA:835,0
DA:836,0
DA:837,0
DA:838,0
DA:839,0
DA:841,0
DA:842,0
DA:843,0
DA:844,0
DA:845,0
DA:846,0
DA:847,0
DA:848,0
DA:849,0
DA:851,0
DA:852,0
DA:855,0
DA:856,0
DA:857,0
DA:859,0
DA:860,0
DA:861,0
DA:862,0
DA:866,0
DA:867,0
DA:871,6
DA:873,6
DA:874,6
DA:875,6
DA:876,6
DA:877,6
DA:878,6
DA:879,6
DA:880,0
DA:882,6
DA:884,0
DA:885,0
DA:886,0
DA:887,0
DA:888,0
DA:889,0
DA:892,0
DA:893,0
DA:894,0
DA:896,0
DA:897,0
DA:898,0
DA:914,893
DA:915,893
DA:916,893
DA:917,893
DA:924,893
DA:925,893
DA:926,893
DA:927,893
DA:928,893
DA:929,893
DA:930,893
DA:931,893
DA:932,893
DA:934,0
DA:935,0
DA:946,2987
DA:948,2987
DA:949,2987
DA:950,2987
DA:951,2987
DA:952,2987
DA:953,2987
DA:954,2987
DA:955,420
DA:956,420
DA:957,420
DA:958,420
DA:959,420
DA:961,2987
DA:962,2987
DA:979,473
DA:980,473
DA:981,0
DA:983,0
DA:985,473
DA:988,473
DA:989,473
DA:990,473
DA:991,473
DA:992,473
DA:993,0
DA:994,0
DA:997,473
DA:998,473
DA:1000,149
DA:1001,149
DA:1002,149
DA:1005,473
DA:1007,473
DA:1008,473
DA:1009,473
DA:1010,473
DA:1011,473
DA:1012,473
DA:1013,473
DA:1014,473
DA:1015,473
DA:1016,473
DA:1017,473
DA:1018,473
DA:1019,473
DA:1020,473
DA:1021,473
end_of_record
TN:
SF:/home/kali/fuzz/hermitcrab/src/lua-5.4.6-cov/src/lzio.c
FN:23,luaZ_fill
FNDA:1095,luaZ_fill
FN:38,luaZ_init
FNDA:473,luaZ_init
FN:48,luaZ_read
FNDA:0,luaZ_read
DA:23,1095
DA:24,1095
DA:25,1095
DA:26,1095
DA:27,1095
DA:28,1095
DA:29,1095
DA:30,1095
DA:32,938
DA:33,938
DA:34,938
DA:38,473
DA:39,473
DA:40,473
DA:41,473
DA:42,473
DA:43,473
DA:44,473
DA:48,0
DA:49,0
DA:50,0
DA:51,0
DA:52,0
DA:53,0
DA:55,0
DA:56,0
DA:59,0
DA:60,0
DA:61,0
DA:62,0
DA:63,0
DA:64,0
end_of_record
TN:
SF:/home/kali/fuzz/hermitcrab/src/lua-5.4.6-cov/src/llex.c
FN:57,save
FNDA:52738,save
FN:70,luaX_init
FNDA:473,luaX_init
FN:82,luaX_token2str
FNDA:294,luaX_token2str
FN:99,txtToken
FNDA:240,txtToken
FN:111,lexerror
FNDA:324,lexerror
FN:119,luaX_syntaxerror
FNDA:240,luaX_syntaxerror
FN:134,luaX_newstring
FNDA:8403,luaX_newstring
FN:156,inclinenumber
FNDA:3068,inclinenumber
FN:167,luaX_setinput
FNDA:473,luaX_setinput
FN:191,check_next1
FNDA:2947,check_next1
FN:204,check_next2
FNDA:7695,check_next2
FN:227,read_numeral
FNDA:263,read_numeral
FN:265,skip_sep
FNDA:917,skip_sep
FN:280,read_long_string
FNDA:238,read_long_string
FN:319,esccheck
FNDA:279,esccheck
FN:328,gethexa
FNDA:128,gethexa
FN:335,readhexaesc
FNDA:44,readhexaesc
FN:343,readutf8esc
FNDA:40,readutf8esc
FN:361,utf8esc
FNDA:40,utf8esc
FN:369,readdecesc
FNDA:0,readdecesc
FN:382,read_string
FNDA:163,read_string
FN:445,llex
FNDA:20766,llex
FN:565,luaX_next
FNDA:20765,luaX_next
FN:576,luaX_lookahead
FNDA:174,luaX_lookahead
DA:57,52738
DA:58,52738
DA:59,52738
DA:60,212
DA:61,212
DA:62,0
DA:63,212
DA:64,212
DA:66,52738
DA:67,52738
DA:70,473
DA:71,473
DA:72,473
DA:73,473
DA:74,11352
DA:75,10406
DA:76,10406
DA:77,10406
DA:79,473
DA:82,294
DA:83,294
DA:84,49
DA:85,49
DA:87,0
DA:90,245
DA:91,245
DA:92,225
DA:99,240
DA:100,240
DA:101,96
DA:103,96
DA:104,96
DA:105,144
DA:106,144
DA:111,324
DA:112,324
DA:113,324
DA:114,240
DA:115,324
DA:119,240
DA:120,240
DA:134,8403
DA:135,8403
DA:136,8403
DA:137,8403
DA:138,8403
DA:139,2297
DA:141,6106
DA:142,6106
DA:143,6106
DA:145,6106
DA:146,6106
DA:148,8403
DA:156,3068
DA:157,3068
DA:158,3068
DA:159,3068
DA:160,3068
DA:161,2
DA:162,3068
DA:163,0
DA:164,3068
DA:167,473
DA:169,473
DA:170,473
DA:171,473
DA:172,473
DA:173,473
DA:174,473
DA:175,473
DA:176,473
DA:177,473
DA:178,473
DA:179,473
DA:180,473
DA:191,2947
DA:192,2947
DA:193,1285
DA:194,1285
DA:204,7695
DA:205,7695
DA:206,7695
DA:207,314
DA:208,314
DA:227,263
DA:228,263
DA:229,263
DA:230,263
DA:231,263
DA:232,263
DA:233,263
DA:234,263
DA:235,7413
DA:236,7413
DA:237,153
DA:238,7260
DA:239,6997
DA:242,263
DA:243,0
DA:244,263
DA:245,263
DA:246,35
DA:247,228
DA:248,72
DA:249,72
DA:252,156
DA:253,156
DA:254,156
DA:265,917
DA:266,917
DA:267,917
DA:268,917
DA:269,917
DA:270,917
DA:271,0
DA:272,0
DA:274,917
DA:275,917
DA:276,441
DA:280,238
DA:281,238
DA:282,238
DA:283,238
DA:284,15
DA:285,6036
DA:286,6036
DA:287,0
DA:288,0
DA:289,0
DA:291,0
DA:292,238
DA:294,238
DA:295,238
DA:296,238
DA:297,238
DA:301,52
DA:302,52
DA:303,52
DA:304,52
DA:307,5746
DA:308,5746
DA:309,0
DA:312,238
DA:313,238
DA:314,238
DA:315,238
DA:316,238
DA:319,279
DA:320,279
DA:321,37
DA:322,37
DA:323,37
DA:325,242
DA:328,128
DA:329,128
DA:330,128
DA:331,116
DA:335,44
DA:336,44
DA:337,44
DA:338,32
DA:339,32
DA:343,40
DA:344,40
DA:345,40
DA:346,40
DA:347,40
DA:348,40
DA:349,111
DA:350,74
DA:351,74
DA:352,71
DA:354,37
DA:355,15
DA:356,15
DA:357,15
DA:361,40
DA:362,40
DA:363,40
DA:364,57
DA:365,27
DA:366,15
DA:369,0
DA:370,0
DA:371,0
DA:372,0
DA:373,0
DA:374,0
DA:376,0
DA:377,0
DA:378,0
DA:382,163
DA:383,163
DA:384,1677
DA:385,1563
DA:386,0
DA:387,0
DA:388,12
DA:389,12
DA:391,12
DA:392,130
DA:393,130
DA:394,130
DA:395,130
DA:396,130
DA:397,2
DA:398,5
DA:399,3
DA:400,5
DA:401,10
DA:402,2
DA:403,8
DA:404,44
DA:405,40
DA:406,0
DA:407,0
DA:408,0
DA:409,0
DA:410,0
DA:411,11
DA:412,11
DA:413,11
DA:414,11
DA:415,0
DA:416,0
DA:418,11
DA:420,0
DA:421,0
DA:422,0
DA:423,0
DA:426,67
DA:427,67
DA:429,67
DA:430,67
DA:431,67
DA:435,1421
DA:436,1421
DA:439,114
DA:440,228
DA:441,114
DA:442,114
DA:445,20766
DA:446,20766
DA:447,29334
DA:448,29334
DA:449,3001
DA:450,3001
DA:451,3001
DA:453,5567
DA:454,5567
DA:455,5567
DA:457,115
DA:458,115
DA:459,115
DA:461,0
DA:462,0
DA:463,0
DA:464,0
DA:465,0
DA:466,0
DA:467,0
DA:468,0
DA:472,0
DA:473,0
DA:476,679
DA:477,679
DA:478,679
DA:479,238
DA:480,238
DA:482,441
DA:483,0
DA:486,986
DA:487,986
DA:488,986
DA:489,981
DA:491,59
DA:492,59
DA:493,59
DA:494,54
DA:495,29
DA:497,48
DA:498,48
DA:499,48
DA:500,32
DA:501,11
DA:503,29
DA:504,29
DA:505,29
DA:506,8
DA:508,120
DA:509,120
DA:510,120
DA:511,97
DA:513,718
DA:514,718
DA:515,718
DA:516,139
DA:518,163
DA:519,163
DA:520,163
DA:522,600
DA:523,600
DA:524,600
DA:525,301
DA:527,12
DA:529,299
DA:530,0
DA:532,263
DA:534,263
DA:539,16829
DA:540,16829
DA:541,34776
DA:542,34776
DA:543,34776
DA:544,34776
DA:545,15358
DA:546,7679
DA:547,7679
DA:548,7679
DA:549,3809
DA:555,9150
DA:556,9150
DA:557,9150
DA:565,20765
DA:566,20765
DA:567,20765
DA:568,173
DA:569,173
DA:572,20592
DA:573,20682
DA:576,174
DA:577,174
DA:578,174
DA:579,173
end_of_record
TN:
SF:/home/kali/fuzz/hermitcrab/src/lua-5.4.6-cov/src/loslib.c
FN:142,os_execute
FNDA:0,os_execute
FN:156,os_remove
FNDA:0,os_remove
FN:162,os_rename
FNDA:0,os_rename
FN:169,os_tmpname
FNDA:0,os_tmpname
FN:180,os_getenv
FNDA:0,os_getenv
FN:186,os_clock
FNDA:0,os_clock
FN:209,setfield
FNDA:0,setfield
FN:219,setboolfield
FNDA:0,setboolfield
FN:230,setallfields
FNDA:0,setallfields
FN:243,getboolfield
FNDA:0,getboolfield
FN:251,getfield
FNDA:0,getfield
FN:272,checkoption
FNDA:0,checkoption
FN:302,os_date
FNDA:0,os_date
FN:344,os_time
FNDA:0,os_time
FN:370,os_difftime
FNDA:0,os_difftime
FN:380,os_setlocale
FNDA:0,os_setlocale
FN:392,os_exit
FNDA:0,os_exit
FN:424,luaopen_os
FNDA:473,luaopen_os
DA:142,0
DA:143,0
DA:144,0
DA:145,0
DA:146,0
DA:147,0
DA:148,0
DA:150,0
DA:151,0
DA:156,0
DA:157,0
DA:158,0
DA:162,0
DA:163,0
DA:164,0
DA:165,0
DA:169,0
DA:170,0
DA:171,0
DA:172,0
DA:173,0
DA:174,0
DA:175,0
DA:176,0
DA:180,0
DA:181,0
DA:182,0
DA:186,0
DA:187,0
DA:188,0
DA:209,0
DA:214,0
DA:215,0
DA:216,0
DA:219,0
DA:220,0
DA:222,0
DA:223,0
DA:230,0
DA:231,0
DA:232,0
DA:233,0
DA:234,0
DA:235,0
DA:236,0
DA:237,0
DA:238,0
DA:239,0
DA:240,0
DA:243,0
DA:244,0
DA:245,0
DA:246,0
DA:247,0
DA:251,0
DA:252,0
DA:253,0
DA:254,0
DA:255,0
DA:256,0
DA:257,0
DA:258,0
DA:259,0
DA:260,0
DA:263,0
DA:264,0
DA:265,0
DA:267,0
DA:268,0
DA:272,0
DA:274,0
DA:275,0
DA:276,0
DA:277,0
DA:278,0
DA:279,0
DA:280,0
DA:281,0
DA:282,0
DA:285,0
DA:287,0
DA:291,0
DA:292,0
DA:293,0
DA:294,0
DA:302,0
DA:303,0
DA:304,0
DA:305,0
DA:306,0
DA:307,0
DA:308,0
DA:309,0
DA:310,0
DA:313,0
DA:314,0
DA:315,0
DA:317,0
DA:318,0
DA:319,0
DA:322,0
DA:323,0
DA:324,0
DA:325,0
DA:326,0
DA:327,0
DA:328,0
DA:330,0
DA:331,0
DA:332,0
DA:333,0
DA:334,0
DA:335,0
DA:338,0
DA:344,0
DA:345,0
DA:346,0
DA:347,0
DA:349,0
DA:350,0
DA:351,0
DA:352,0
DA:353,0
DA:354,0
DA:355,0
DA:356,0
DA:357,0
DA:358,0
DA:359,0
DA:360,0
DA:362,0
DA:363,0
DA:365,0
DA:366,0
DA:370,0
DA:371,0
DA:372,0
DA:373,0
DA:374,0
DA:380,0
DA:381,0
DA:383,0
DA:385,0
DA:386,0
DA:387,0
DA:388,0
DA:392,0
DA:393,0
DA:394,0
DA:395,0
DA:397,0
DA:398,0
DA:399,0
DA:400,0
DA:401,0
DA:424,473
DA:425,473
DA:426,473
end_of_record
TN:
SF:/home/kali/fuzz/hermitcrab/src/lua-5.4.6-cov/src/lobject.c
FN:35,luaO_ceillog2
FNDA:17664,luaO_ceillog2
FN:53,intarith
FNDA:6,intarith
FN:73,numarith
FNDA:2,numarith
FN:89,luaO_rawarith
FNDA:8,luaO_rawarith
FN:126,luaO_arith
FNDA:0,luaO_arith
FN:135,luaO_hexavalue
FNDA:187,luaO_hexavalue
FN:228,l_str2dloc
FNDA:210,l_str2dloc
FN:251,l_str2d
FNDA:193,l_str2d
FN:276,l_str2int
FNDA:265,l_str2int
FN:308,luaO_str2num
FNDA:265,luaO_str2num
FN:323,luaO_utf8esc
FNDA:15,luaO_utf8esc
FN:355,tostringbuff
FNDA:658,tostringbuff
FN:374,luaO_tostring
FNDA:0,luaO_tostring
FN:414,pushstr
FNDA:3002,pushstr
FN:438,getbuff
FNDA:13884,getbuff
FN:453,addstr2buff
FNDA:13228,addstr2buff
FN:469,addnum2buff
FNDA:658,addnum2buff
FN:480,luaO_pushvfstring
FNDA:2986,luaO_pushvfstring
FN:549,luaO_pushfstring
FNDA:1234,luaO_pushfstring
FN:567,luaO_chunkid
FNDA:621,luaO_chunkid
DA:35,17664
DA:36,17664
DA:46,17664
DA:47,17664
DA:48,17674
DA:49,17664
DA:53,6
DA:55,6
DA:56,0
DA:57,0
DA:58,0
DA:59,0
DA:60,0
DA:61,0
DA:62,0
DA:63,0
DA:64,0
DA:65,0
DA:66,1
DA:67,5
DA:73,2
DA:75,2
DA:76,0
DA:77,0
DA:78,0
DA:79,1
DA:80,0
DA:81,0
DA:82,1
DA:83,0
DA:89,8
DA:91,8
DA:92,5
DA:95,5
DA:96,5
DA:97,5
DA:98,5
DA:100,0
DA:102,1
DA:103,1
DA:104,1
DA:105,1
DA:106,1
DA:110,2
DA:111,2
DA:112,2
DA:113,1
DA:114,1
DA:116,1
DA:117,1
DA:118,1
DA:126,0
DA:128,0
DA:130,0
DA:132,0
DA:135,1144
DA:136,982
DA:137,254
DA:141,265
DA:142,0
DA:143,265
DA:228,210
DA:229,210
DA:230,76
DA:231,210
DA:232,210
DA:233,208
DA:234,208
DA:251,193
DA:252,193
DA:253,193
DA:254,193
DA:255,116
DA:257,193
DA:258,193
DA:259,37
DA:260,37
DA:261,37
DA:262,20
DA:263,17
DA:264,17
DA:265,17
DA:266,17
DA:267,0
DA:276,265
DA:277,265
DA:278,265
DA:279,265
DA:280,265
DA:281,265
DA:282,265
DA:283,129
DA:284,94
DA:285,1051
DA:286,957
DA:287,957
DA:291,1110
DA:292,968
DA:293,968
DA:295,939
DA:296,939
DA:299,236
DA:300,236
DA:302,72
DA:303,72
DA:308,265
DA:309,265
DA:310,265
DA:311,265
DA:312,72
DA:314,193
DA:315,156
DA:319,228
DA:323,15
DA:324,15
DA:325,15
DA:326,15
DA:327,9
DA:330,12
DA:331,12
DA:332,12
DA:333,12
DA:334,12
DA:335,6
DA:337,15
DA:355,658
DA:356,658
DA:357,658
DA:358,658
DA:359,658
DA:361,0
DA:362,0
DA:363,0
DA:364,0
DA:367,658
DA:374,0
DA:375,0
DA:376,0
DA:377,0
DA:378,0
DA:414,3002
DA:415,3002
DA:416,3002
DA:417,3002
DA:418,3002
DA:419,2986
DA:421,16
DA:422,3002
DA:428,3000
DA:429,3000
DA:430,3000
DA:431,12
DA:438,13884
DA:439,13884
DA:440,13884
DA:441,12
DA:442,13884
DA:453,13228
DA:454,13228
DA:455,13226
DA:456,13226
DA:457,13226
DA:460,2
DA:461,2
DA:463,13228
DA:469,658
DA:470,658
DA:471,658
DA:472,658
DA:473,658
DA:480,2986
DA:481,2986
DA:482,2986
DA:483,2986
DA:484,2986
DA:485,8436
DA:486,5450
DA:487,5450
DA:488,4743
DA:489,4743
DA:490,4743
DA:491,4743
DA:492,4743
DA:494,49
DA:495,49
DA:496,49
DA:497,49
DA:499,658
DA:500,658
DA:501,658
DA:502,658
DA:503,658
DA:505,0
DA:506,0
DA:507,0
DA:508,0
DA:509,0
DA:511,0
DA:512,0
DA:513,0
DA:514,0
DA:515,0
DA:517,0
DA:518,0
DA:519,0
DA:520,0
DA:521,0
DA:522,0
DA:523,0
DA:525,0
DA:526,0
DA:527,0
DA:528,0
DA:529,0
DA:531,0
DA:532,0
DA:533,0
DA:535,0
DA:536,0
DA:540,5450
DA:542,2986
DA:543,2986
DA:544,2986
DA:545,2986
DA:549,1234
DA:550,1234
DA:551,1234
DA:552,1234
DA:553,1234
DA:554,1234
DA:555,1234
DA:567,621
DA:568,621
DA:569,621
DA:570,111
DA:571,111
DA:573,0
DA:574,0
DA:577,510
DA:578,510
DA:579,510
DA:581,0
DA:582,0
DA:583,0
DA:587,0
DA:588,0
DA:589,0
DA:590,0
DA:591,0
DA:594,0
DA:595,0
DA:596,0
DA:597,0
DA:599,0
DA:601,621
end_of_record
